<?xml version="1.0" encoding="UTF-8"?>
<robot generator="Robot 7.3.2 (Python 3.13.5 on win32)" generated="2025-08-02T21:42:35.087656" rpa="false" schemaversion="5">
<suite id="s1" name="Tests" source="C:\Users\willi\Desktop\Universidad\Octavo\Computación en la nube\Fin Ciclo\Aplicacion\Encuestas2\tests">
<suite id="s1-s1" name="Tests" source="C:\Users\willi\Desktop\Universidad\Octavo\Computación en la nube\Fin Ciclo\Aplicacion\Encuestas2\tests\tests.robot">
<test id="s1-s1-t1" name="Test Endpoint /Surveys/" line="41">
<kw name="Create Session" owner="RequestsLibrary">
<msg time="2025-08-02T21:42:35.617021" level="INFO">Creating Session using : alias=surveys_session, url=http://localhost:8000/api, headers={},                     cookies={}, auth=None, timeout=None, proxies=None, verify=False,                     debug=0 </msg>
<arg>${SESION_SURVEYS}</arg>
<arg>${URL_SURVEYS}</arg>
<doc>Create Session: create a HTTP session to a server</doc>
<status status="PASS" start="2025-08-02T21:42:35.616849" elapsed="0.000344"/>
</kw>
<for flavor="IN RANGE">
<iter>
<try>
<branch type="TRY">
<kw name="Obtener Surveys" owner="keywords_api_surveys">
<kw name="GET On Session" owner="RequestsLibrary">
<msg time="2025-08-02T21:42:35.635144" level="INFO">GET Request : url=http://localhost:8000/api/surveys/ 
 path_url=/api/surveys/ 
 headers={'User-Agent': 'python-requests/2.32.4', 'Accept-Encoding': 'gzip, deflate', 'Accept': '*/*', 'Connection': 'keep-alive'} 
 body=None 
 </msg>
<msg time="2025-08-02T21:42:35.635269" level="INFO">GET Response : url=http://localhost:8000/api/surveys/ 
 status=200, reason=OK 
 headers={'Date': 'Sun, 03 Aug 2025 02:42:35 GMT', 'Server': 'WSGIServer/0.2 CPython/3.11.13', 'Content-Type': 'application/json', 'Vary': 'Accept, Cookie', 'Allow': 'GET, POST, HEAD, OPTIONS', 'X-Frame-Options': 'DENY', 'Content-Length': '34', 'X-Content-Type-Options': 'nosniff', 'Referrer-Policy': 'same-origin', 'Cross-Origin-Opener-Policy': 'same-origin'} 
 body={"message":"aun no hay encuestas"} 
 </msg>
<msg time="2025-08-02T21:42:35.635388" level="INFO">${response} = &lt;Response [200]&gt;</msg>
<var>${response}</var>
<arg>${session}</arg>
<arg>/surveys/</arg>
<doc>Sends a GET request on a previously created HTTP Session.</doc>
<status status="PASS" start="2025-08-02T21:42:35.618012" elapsed="0.017399"/>
</kw>
<return>
<value>${response}</value>
<status status="PASS" start="2025-08-02T21:42:35.635488" elapsed="0.000049"/>
</return>
<msg time="2025-08-02T21:42:35.635661" level="INFO">${response} = &lt;Response [200]&gt;</msg>
<var>${response}</var>
<arg>${SESION_SURVEYS}</arg>
<doc>Obtiene todas las encuestas</doc>
<status status="PASS" start="2025-08-02T21:42:35.617782" elapsed="0.017897"/>
</kw>
<kw name="Validar Respuesta" owner="keywords_api_surveys">
<kw name="Should Be Equal As Strings" owner="BuiltIn">
<msg time="2025-08-02T21:42:35.636485" level="INFO">Argument types are:
&lt;class 'int'&gt;
&lt;class 'str'&gt;</msg>
<arg>${response.status_code}</arg>
<arg>${expected_status_code}</arg>
<doc>Fails if objects are unequal after converting them to strings.</doc>
<status status="PASS" start="2025-08-02T21:42:35.636074" elapsed="0.000452"/>
</kw>
<kw name="Log" owner="BuiltIn">
<msg time="2025-08-02T21:42:35.636914" level="INFO">Validación de respuesta exitosa: 200</msg>
<arg>Validación de respuesta exitosa: ${response.status_code}</arg>
<doc>Logs the given message with the given level.</doc>
<status status="PASS" start="2025-08-02T21:42:35.636601" elapsed="0.000345"/>
</kw>
<arg>${response}</arg>
<arg>200</arg>
<doc>Valida que el código de estado de la respuesta sea el esperado</doc>
<status status="PASS" start="2025-08-02T21:42:35.635833" elapsed="0.001152"/>
</kw>
<kw name="Crear Survey" owner="keywords_api_surveys">
<msg time="2025-08-02T21:42:35.637231" level="FAIL">Keyword 'keywords_api_surveys.Crear Survey' expected 2 arguments, got 1.</msg>
<var>${response}</var>
<arg>${SESION_SURVEYS}</arg>
<arg>&amp;{DATOS_SURVEY}</arg>
<doc>Crea una nueva encuesta</doc>
<status status="FAIL" start="2025-08-02T21:42:35.637084" elapsed="0.000174">Keyword 'keywords_api_surveys.Crear Survey' expected 2 arguments, got 1.</status>
</kw>
<kw name="Validar Respuesta" owner="keywords_api_surveys">
<arg>${response}</arg>
<arg>201</arg>
<doc>Valida que el código de estado de la respuesta sea el esperado</doc>
<status status="NOT RUN" start="2025-08-02T21:42:35.637352" elapsed="0.000016"/>
</kw>
<kw name="Get From Dictionary" owner="Collections">
<var>${survey_id}</var>
<arg>${response.json()}</arg>
<arg>id</arg>
<doc>Returns a value from the given ``dictionary`` based on the given ``key``.</doc>
<status status="NOT RUN" start="2025-08-02T21:42:35.637432" elapsed="0.000012"/>
</kw>
<kw name="Obtener Survey Por ID" owner="keywords_api_surveys">
<var>${response}</var>
<arg>${SESION_SURVEYS}</arg>
<arg>${survey_id}</arg>
<doc>Obtiene una encuesta específica por ID</doc>
<status status="NOT RUN" start="2025-08-02T21:42:35.637524" elapsed="0.000369"/>
</kw>
<kw name="Validar Respuesta" owner="keywords_api_surveys">
<arg>${response}</arg>
<arg>200</arg>
<doc>Valida que el código de estado de la respuesta sea el esperado</doc>
<status status="NOT RUN" start="2025-08-02T21:42:35.637985" elapsed="0.000015"/>
</kw>
<kw name="Actualizar Survey" owner="keywords_api_surveys">
<var>${response}</var>
<arg>${SESION_SURVEYS}</arg>
<arg>${survey_id}</arg>
<arg>&amp;{DATOS_SURVEY_UPDATE}</arg>
<doc>Actualiza una encuesta existente</doc>
<status status="NOT RUN" start="2025-08-02T21:42:35.638080" elapsed="0.000014"/>
</kw>
<kw name="Validar Respuesta" owner="keywords_api_surveys">
<arg>${response}</arg>
<arg>200</arg>
<doc>Valida que el código de estado de la respuesta sea el esperado</doc>
<status status="NOT RUN" start="2025-08-02T21:42:35.638169" elapsed="0.000013"/>
</kw>
<kw name="Eliminar Survey" owner="keywords_api_surveys">
<var>${response}</var>
<arg>${SESION_SURVEYS}</arg>
<arg>${survey_id}</arg>
<doc>Elimina una encuesta</doc>
<status status="NOT RUN" start="2025-08-02T21:42:35.638257" elapsed="0.000014"/>
</kw>
<kw name="Validar Respuesta" owner="keywords_api_surveys">
<arg>${response}</arg>
<arg>204</arg>
<doc>Valida que el código de estado de la respuesta sea el esperado</doc>
<status status="NOT RUN" start="2025-08-02T21:42:35.638352" elapsed="0.000014"/>
</kw>
<kw name="Log" owner="BuiltIn">
<arg>Test Surveys exitoso en intento ${i + 1}</arg>
<doc>Logs the given message with the given level.</doc>
<status status="NOT RUN" start="2025-08-02T21:42:35.638426" elapsed="0.000012"/>
</kw>
<break>
<status status="NOT RUN" start="2025-08-02T21:42:35.638476" elapsed="0.000016"/>
</break>
<status status="FAIL" start="2025-08-02T21:42:35.617662" elapsed="0.020867">Keyword 'keywords_api_surveys.Crear Survey' expected 2 arguments, got 1.</status>
</branch>
<branch type="EXCEPT">
<kw name="Log" owner="BuiltIn">
<msg time="2025-08-02T21:42:35.638916" level="INFO">Error en test Surveys en intento 1</msg>
<arg>Error en test Surveys en intento ${i + 1}</arg>
<doc>Logs the given message with the given level.</doc>
<status status="PASS" start="2025-08-02T21:42:35.638625" elapsed="0.000321"/>
</kw>
<kw name="Evaluate" owner="BuiltIn">
<msg time="2025-08-02T21:42:35.639201" level="INFO">${es_ultimo} = False</msg>
<var>${es_ultimo}</var>
<arg>${i} == ${CONTEO} - 1</arg>
<doc>Evaluates the given expression in Python and returns the result.</doc>
<status status="PASS" start="2025-08-02T21:42:35.639012" elapsed="0.000207"/>
</kw>
<kw name="Run Keyword If" owner="BuiltIn">
<arg>${es_ultimo}</arg>
<arg>Fail</arg>
<arg>Todos los intentos de test Surveys fallaron</arg>
<doc>Runs the given keyword with the given arguments, if ``condition`` is true.</doc>
<status status="PASS" start="2025-08-02T21:42:35.639294" elapsed="0.000076"/>
</kw>
<status status="PASS" start="2025-08-02T21:42:35.638573" elapsed="0.000823"/>
</branch>
<status status="PASS" start="2025-08-02T21:42:35.617631" elapsed="0.021790"/>
</try>
<var name="${i}">0</var>
<status status="PASS" start="2025-08-02T21:42:35.617600" elapsed="0.021842"/>
</iter>
<iter>
<try>
<branch type="TRY">
<kw name="Obtener Surveys" owner="keywords_api_surveys">
<kw name="GET On Session" owner="RequestsLibrary">
<msg time="2025-08-02T21:42:35.695732" level="INFO">GET Request : url=http://localhost:8000/api/surveys/ 
 path_url=/api/surveys/ 
 headers={'User-Agent': 'python-requests/2.32.4', 'Accept-Encoding': 'gzip, deflate', 'Accept': '*/*', 'Connection': 'keep-alive'} 
 body=None 
 </msg>
<msg time="2025-08-02T21:42:35.695840" level="INFO">GET Response : url=http://localhost:8000/api/surveys/ 
 status=200, reason=OK 
 headers={'Date': 'Sun, 03 Aug 2025 02:42:35 GMT', 'Server': 'WSGIServer/0.2 CPython/3.11.13', 'Content-Type': 'application/json', 'Vary': 'Accept, Cookie', 'Allow': 'GET, POST, HEAD, OPTIONS', 'X-Frame-Options': 'DENY', 'Content-Length': '34', 'X-Content-Type-Options': 'nosniff', 'Referrer-Policy': 'same-origin', 'Cross-Origin-Opener-Policy': 'same-origin'} 
 body={"message":"aun no hay encuestas"} 
 </msg>
<msg time="2025-08-02T21:42:35.695981" level="INFO">${response} = &lt;Response [200]&gt;</msg>
<var>${response}</var>
<arg>${session}</arg>
<arg>/surveys/</arg>
<doc>Sends a GET request on a previously created HTTP Session.</doc>
<status status="PASS" start="2025-08-02T21:42:35.640235" elapsed="0.055773"/>
</kw>
<return>
<value>${response}</value>
<status status="PASS" start="2025-08-02T21:42:35.696085" elapsed="0.000046"/>
</return>
<msg time="2025-08-02T21:42:35.696266" level="INFO">${response} = &lt;Response [200]&gt;</msg>
<var>${response}</var>
<arg>${SESION_SURVEYS}</arg>
<doc>Obtiene todas las encuestas</doc>
<status status="PASS" start="2025-08-02T21:42:35.640061" elapsed="0.056223"/>
</kw>
<kw name="Validar Respuesta" owner="keywords_api_surveys">
<kw name="Should Be Equal As Strings" owner="BuiltIn">
<msg time="2025-08-02T21:42:35.697105" level="INFO">Argument types are:
&lt;class 'int'&gt;
&lt;class 'str'&gt;</msg>
<arg>${response.status_code}</arg>
<arg>${expected_status_code}</arg>
<doc>Fails if objects are unequal after converting them to strings.</doc>
<status status="PASS" start="2025-08-02T21:42:35.696705" elapsed="0.000440"/>
</kw>
<kw name="Log" owner="BuiltIn">
<msg time="2025-08-02T21:42:35.697522" level="INFO">Validación de respuesta exitosa: 200</msg>
<arg>Validación de respuesta exitosa: ${response.status_code}</arg>
<doc>Logs the given message with the given level.</doc>
<status status="PASS" start="2025-08-02T21:42:35.697227" elapsed="0.000325"/>
</kw>
<arg>${response}</arg>
<arg>200</arg>
<doc>Valida que el código de estado de la respuesta sea el esperado</doc>
<status status="PASS" start="2025-08-02T21:42:35.696451" elapsed="0.001139"/>
</kw>
<kw name="Crear Survey" owner="keywords_api_surveys">
<msg time="2025-08-02T21:42:35.697828" level="FAIL">Keyword 'keywords_api_surveys.Crear Survey' expected 2 arguments, got 1.</msg>
<var>${response}</var>
<arg>${SESION_SURVEYS}</arg>
<arg>&amp;{DATOS_SURVEY}</arg>
<doc>Crea una nueva encuesta</doc>
<status status="FAIL" start="2025-08-02T21:42:35.697693" elapsed="0.000160">Keyword 'keywords_api_surveys.Crear Survey' expected 2 arguments, got 1.</status>
</kw>
<kw name="Validar Respuesta" owner="keywords_api_surveys">
<arg>${response}</arg>
<arg>201</arg>
<doc>Valida que el código de estado de la respuesta sea el esperado</doc>
<status status="NOT RUN" start="2025-08-02T21:42:35.697945" elapsed="0.000015"/>
</kw>
<kw name="Get From Dictionary" owner="Collections">
<var>${survey_id}</var>
<arg>${response.json()}</arg>
<arg>id</arg>
<doc>Returns a value from the given ``dictionary`` based on the given ``key``.</doc>
<status status="NOT RUN" start="2025-08-02T21:42:35.698030" elapsed="0.000013"/>
</kw>
<kw name="Obtener Survey Por ID" owner="keywords_api_surveys">
<var>${response}</var>
<arg>${SESION_SURVEYS}</arg>
<arg>${survey_id}</arg>
<doc>Obtiene una encuesta específica por ID</doc>
<status status="NOT RUN" start="2025-08-02T21:42:35.698125" elapsed="0.000014"/>
</kw>
<kw name="Validar Respuesta" owner="keywords_api_surveys">
<arg>${response}</arg>
<arg>200</arg>
<doc>Valida que el código de estado de la respuesta sea el esperado</doc>
<status status="NOT RUN" start="2025-08-02T21:42:35.698215" elapsed="0.000013"/>
</kw>
<kw name="Actualizar Survey" owner="keywords_api_surveys">
<var>${response}</var>
<arg>${SESION_SURVEYS}</arg>
<arg>${survey_id}</arg>
<arg>&amp;{DATOS_SURVEY_UPDATE}</arg>
<doc>Actualiza una encuesta existente</doc>
<status status="NOT RUN" start="2025-08-02T21:42:35.698302" elapsed="0.000013"/>
</kw>
<kw name="Validar Respuesta" owner="keywords_api_surveys">
<arg>${response}</arg>
<arg>200</arg>
<doc>Valida que el código de estado de la respuesta sea el esperado</doc>
<status status="NOT RUN" start="2025-08-02T21:42:35.698387" elapsed="0.000013"/>
</kw>
<kw name="Eliminar Survey" owner="keywords_api_surveys">
<var>${response}</var>
<arg>${SESION_SURVEYS}</arg>
<arg>${survey_id}</arg>
<doc>Elimina una encuesta</doc>
<status status="NOT RUN" start="2025-08-02T21:42:35.698471" elapsed="0.000013"/>
</kw>
<kw name="Validar Respuesta" owner="keywords_api_surveys">
<arg>${response}</arg>
<arg>204</arg>
<doc>Valida que el código de estado de la respuesta sea el esperado</doc>
<status status="NOT RUN" start="2025-08-02T21:42:35.698552" elapsed="0.000013"/>
</kw>
<kw name="Log" owner="BuiltIn">
<arg>Test Surveys exitoso en intento ${i + 1}</arg>
<doc>Logs the given message with the given level.</doc>
<status status="NOT RUN" start="2025-08-02T21:42:35.698630" elapsed="0.000014"/>
</kw>
<break>
<status status="NOT RUN" start="2025-08-02T21:42:35.698674" elapsed="0.000016"/>
</break>
<status status="FAIL" start="2025-08-02T21:42:35.639973" elapsed="0.058752">Keyword 'keywords_api_surveys.Crear Survey' expected 2 arguments, got 1.</status>
</branch>
<branch type="EXCEPT">
<kw name="Log" owner="BuiltIn">
<msg time="2025-08-02T21:42:35.699133" level="INFO">Error en test Surveys en intento 2</msg>
<arg>Error en test Surveys en intento ${i + 1}</arg>
<doc>Logs the given message with the given level.</doc>
<status status="PASS" start="2025-08-02T21:42:35.698831" elapsed="0.000331"/>
</kw>
<kw name="Evaluate" owner="BuiltIn">
<msg time="2025-08-02T21:42:35.699411" level="INFO">${es_ultimo} = False</msg>
<var>${es_ultimo}</var>
<arg>${i} == ${CONTEO} - 1</arg>
<doc>Evaluates the given expression in Python and returns the result.</doc>
<status status="PASS" start="2025-08-02T21:42:35.699229" elapsed="0.000199"/>
</kw>
<kw name="Run Keyword If" owner="BuiltIn">
<arg>${es_ultimo}</arg>
<arg>Fail</arg>
<arg>Todos los intentos de test Surveys fallaron</arg>
<doc>Runs the given keyword with the given arguments, if ``condition`` is true.</doc>
<status status="PASS" start="2025-08-02T21:42:35.699510" elapsed="0.000075"/>
</kw>
<status status="PASS" start="2025-08-02T21:42:35.698777" elapsed="0.000835"/>
</branch>
<status status="PASS" start="2025-08-02T21:42:35.639952" elapsed="0.059684"/>
</try>
<var name="${i}">1</var>
<status status="PASS" start="2025-08-02T21:42:35.639914" elapsed="0.059743"/>
</iter>
<iter>
<try>
<branch type="TRY">
<kw name="Obtener Surveys" owner="keywords_api_surveys">
<kw name="GET On Session" owner="RequestsLibrary">
<msg time="2025-08-02T21:42:35.755229" level="INFO">GET Request : url=http://localhost:8000/api/surveys/ 
 path_url=/api/surveys/ 
 headers={'User-Agent': 'python-requests/2.32.4', 'Accept-Encoding': 'gzip, deflate', 'Accept': '*/*', 'Connection': 'keep-alive'} 
 body=None 
 </msg>
<msg time="2025-08-02T21:42:35.755302" level="INFO">GET Response : url=http://localhost:8000/api/surveys/ 
 status=200, reason=OK 
 headers={'Date': 'Sun, 03 Aug 2025 02:42:35 GMT', 'Server': 'WSGIServer/0.2 CPython/3.11.13', 'Content-Type': 'application/json', 'Vary': 'Accept, Cookie', 'Allow': 'GET, POST, HEAD, OPTIONS', 'X-Frame-Options': 'DENY', 'Content-Length': '34', 'X-Content-Type-Options': 'nosniff', 'Referrer-Policy': 'same-origin', 'Cross-Origin-Opener-Policy': 'same-origin'} 
 body={"message":"aun no hay encuestas"} 
 </msg>
<msg time="2025-08-02T21:42:35.755509" level="INFO">${response} = &lt;Response [200]&gt;</msg>
<var>${response}</var>
<arg>${session}</arg>
<arg>/surveys/</arg>
<doc>Sends a GET request on a previously created HTTP Session.</doc>
<status status="PASS" start="2025-08-02T21:42:35.700131" elapsed="0.055400"/>
</kw>
<return>
<value>${response}</value>
<status status="PASS" start="2025-08-02T21:42:35.755589" elapsed="0.000037"/>
</return>
<msg time="2025-08-02T21:42:35.755729" level="INFO">${response} = &lt;Response [200]&gt;</msg>
<var>${response}</var>
<arg>${SESION_SURVEYS}</arg>
<doc>Obtiene todas las encuestas</doc>
<status status="PASS" start="2025-08-02T21:42:35.699962" elapsed="0.055783"/>
</kw>
<kw name="Validar Respuesta" owner="keywords_api_surveys">
<kw name="Should Be Equal As Strings" owner="BuiltIn">
<msg time="2025-08-02T21:42:35.756492" level="INFO">Argument types are:
&lt;class 'int'&gt;
&lt;class 'str'&gt;</msg>
<arg>${response.status_code}</arg>
<arg>${expected_status_code}</arg>
<doc>Fails if objects are unequal after converting them to strings.</doc>
<status status="PASS" start="2025-08-02T21:42:35.756114" elapsed="0.000415"/>
</kw>
<kw name="Log" owner="BuiltIn">
<msg time="2025-08-02T21:42:35.756901" level="INFO">Validación de respuesta exitosa: 200</msg>
<arg>Validación de respuesta exitosa: ${response.status_code}</arg>
<doc>Logs the given message with the given level.</doc>
<status status="PASS" start="2025-08-02T21:42:35.756605" elapsed="0.000327"/>
</kw>
<arg>${response}</arg>
<arg>200</arg>
<doc>Valida que el código de estado de la respuesta sea el esperado</doc>
<status status="PASS" start="2025-08-02T21:42:35.755879" elapsed="0.001091"/>
</kw>
<kw name="Crear Survey" owner="keywords_api_surveys">
<msg time="2025-08-02T21:42:35.757190" level="FAIL">Keyword 'keywords_api_surveys.Crear Survey' expected 2 arguments, got 1.</msg>
<var>${response}</var>
<arg>${SESION_SURVEYS}</arg>
<arg>&amp;{DATOS_SURVEY}</arg>
<doc>Crea una nueva encuesta</doc>
<status status="FAIL" start="2025-08-02T21:42:35.757065" elapsed="0.000148">Keyword 'keywords_api_surveys.Crear Survey' expected 2 arguments, got 1.</status>
</kw>
<kw name="Validar Respuesta" owner="keywords_api_surveys">
<arg>${response}</arg>
<arg>201</arg>
<doc>Valida que el código de estado de la respuesta sea el esperado</doc>
<status status="NOT RUN" start="2025-08-02T21:42:35.757301" elapsed="0.000015"/>
</kw>
<kw name="Get From Dictionary" owner="Collections">
<var>${survey_id}</var>
<arg>${response.json()}</arg>
<arg>id</arg>
<doc>Returns a value from the given ``dictionary`` based on the given ``key``.</doc>
<status status="NOT RUN" start="2025-08-02T21:42:35.757380" elapsed="0.000012"/>
</kw>
<kw name="Obtener Survey Por ID" owner="keywords_api_surveys">
<var>${response}</var>
<arg>${SESION_SURVEYS}</arg>
<arg>${survey_id}</arg>
<doc>Obtiene una encuesta específica por ID</doc>
<status status="NOT RUN" start="2025-08-02T21:42:35.757471" elapsed="0.000014"/>
</kw>
<kw name="Validar Respuesta" owner="keywords_api_surveys">
<arg>${response}</arg>
<arg>200</arg>
<doc>Valida que el código de estado de la respuesta sea el esperado</doc>
<status status="NOT RUN" start="2025-08-02T21:42:35.757555" elapsed="0.000013"/>
</kw>
<kw name="Actualizar Survey" owner="keywords_api_surveys">
<var>${response}</var>
<arg>${SESION_SURVEYS}</arg>
<arg>${survey_id}</arg>
<arg>&amp;{DATOS_SURVEY_UPDATE}</arg>
<doc>Actualiza una encuesta existente</doc>
<status status="NOT RUN" start="2025-08-02T21:42:35.757646" elapsed="0.000014"/>
</kw>
<kw name="Validar Respuesta" owner="keywords_api_surveys">
<arg>${response}</arg>
<arg>200</arg>
<doc>Valida que el código de estado de la respuesta sea el esperado</doc>
<status status="NOT RUN" start="2025-08-02T21:42:35.757734" elapsed="0.000013"/>
</kw>
<kw name="Eliminar Survey" owner="keywords_api_surveys">
<var>${response}</var>
<arg>${SESION_SURVEYS}</arg>
<arg>${survey_id}</arg>
<doc>Elimina una encuesta</doc>
<status status="NOT RUN" start="2025-08-02T21:42:35.757817" elapsed="0.000013"/>
</kw>
<kw name="Validar Respuesta" owner="keywords_api_surveys">
<arg>${response}</arg>
<arg>204</arg>
<doc>Valida que el código de estado de la respuesta sea el esperado</doc>
<status status="NOT RUN" start="2025-08-02T21:42:35.757897" elapsed="0.000013"/>
</kw>
<kw name="Log" owner="BuiltIn">
<arg>Test Surveys exitoso en intento ${i + 1}</arg>
<doc>Logs the given message with the given level.</doc>
<status status="NOT RUN" start="2025-08-02T21:42:35.757967" elapsed="0.000012"/>
</kw>
<break>
<status status="NOT RUN" start="2025-08-02T21:42:35.758007" elapsed="0.000013"/>
</break>
<status status="FAIL" start="2025-08-02T21:42:35.699884" elapsed="0.058168">Keyword 'keywords_api_surveys.Crear Survey' expected 2 arguments, got 1.</status>
</branch>
<branch type="EXCEPT">
<kw name="Log" owner="BuiltIn">
<msg time="2025-08-02T21:42:35.758449" level="INFO">Error en test Surveys en intento 3</msg>
<arg>Error en test Surveys en intento ${i + 1}</arg>
<doc>Logs the given message with the given level.</doc>
<status status="PASS" start="2025-08-02T21:42:35.758154" elapsed="0.000324"/>
</kw>
<kw name="Evaluate" owner="BuiltIn">
<msg time="2025-08-02T21:42:35.758717" level="INFO">${es_ultimo} = True</msg>
<var>${es_ultimo}</var>
<arg>${i} == ${CONTEO} - 1</arg>
<doc>Evaluates the given expression in Python and returns the result.</doc>
<status status="PASS" start="2025-08-02T21:42:35.758542" elapsed="0.000193"/>
</kw>
<kw name="Run Keyword If" owner="BuiltIn">
<kw name="Fail" owner="BuiltIn">
<msg time="2025-08-02T21:42:35.759032" level="FAIL">Todos los intentos de test Surveys fallaron</msg>
<arg>Todos los intentos de test Surveys fallaron</arg>
<doc>Fails the test with the given message and optionally alters its tags.</doc>
<status status="FAIL" start="2025-08-02T21:42:35.758919" elapsed="0.000235">Todos los intentos de test Surveys fallaron</status>
</kw>
<arg>${es_ultimo}</arg>
<arg>Fail</arg>
<arg>Todos los intentos de test Surveys fallaron</arg>
<doc>Runs the given keyword with the given arguments, if ``condition`` is true.</doc>
<status status="FAIL" start="2025-08-02T21:42:35.758810" elapsed="0.000382">Todos los intentos de test Surveys fallaron</status>
</kw>
<status status="FAIL" start="2025-08-02T21:42:35.758096" elapsed="0.001135">Todos los intentos de test Surveys fallaron</status>
</branch>
<status status="FAIL" start="2025-08-02T21:42:35.699867" elapsed="0.059391">Todos los intentos de test Surveys fallaron</status>
</try>
<var name="${i}">2</var>
<status status="FAIL" start="2025-08-02T21:42:35.699845" elapsed="0.059445">Todos los intentos de test Surveys fallaron</status>
</iter>
<var>${i}</var>
<value>${CONTEO}</value>
<status status="FAIL" start="2025-08-02T21:42:35.617340" elapsed="0.141986">Todos los intentos de test Surveys fallaron</status>
</for>
<doc>Verificar todas las operaciones CRUD en el endpoint /surveys/</doc>
<status status="FAIL" start="2025-08-02T21:42:35.616062" elapsed="0.143636">Todos los intentos de test Surveys fallaron</status>
</test>
<test id="s1-s1-t2" name="Test Endpoint /Questions/" line="77">
<kw name="Create Session" owner="RequestsLibrary">
<msg time="2025-08-02T21:42:35.760899" level="INFO">Creating Session using : alias=surveys_session, url=http://localhost:8000/api, headers={},                     cookies={}, auth=None, timeout=None, proxies=None, verify=False,                     debug=0 </msg>
<arg>${SESION_SURVEYS}</arg>
<arg>${URL_SURVEYS}</arg>
<doc>Create Session: create a HTTP session to a server</doc>
<status status="PASS" start="2025-08-02T21:42:35.760779" elapsed="0.000245"/>
</kw>
<for flavor="IN RANGE">
<iter>
<try>
<branch type="TRY">
<kw name="Crear Survey" owner="keywords_api_surveys">
<msg time="2025-08-02T21:42:35.761595" level="FAIL">Keyword 'keywords_api_surveys.Crear Survey' expected 2 arguments, got 1.</msg>
<var>${response}</var>
<arg>${SESION_SURVEYS}</arg>
<arg>&amp;{DATOS_SURVEY}</arg>
<doc>Crea una nueva encuesta</doc>
<status status="FAIL" start="2025-08-02T21:42:35.761470" elapsed="0.000149">Keyword 'keywords_api_surveys.Crear Survey' expected 2 arguments, got 1.</status>
</kw>
<kw name="Validar Respuesta" owner="keywords_api_surveys">
<arg>${response}</arg>
<arg>201</arg>
<doc>Valida que el código de estado de la respuesta sea el esperado</doc>
<status status="NOT RUN" start="2025-08-02T21:42:35.761755" elapsed="0.000017"/>
</kw>
<kw name="Get From Dictionary" owner="Collections">
<var>${survey_id}</var>
<arg>${response.json()}</arg>
<arg>id</arg>
<doc>Returns a value from the given ``dictionary`` based on the given ``key``.</doc>
<status status="NOT RUN" start="2025-08-02T21:42:35.761836" elapsed="0.000012"/>
</kw>
<kw name="Set To Dictionary" owner="Collections">
<arg>${DATOS_QUESTION}</arg>
<arg>survey=${survey_id}</arg>
<doc>Adds the given ``key_value_pairs`` and/or ``items`` to the ``dictionary``.</doc>
<status status="NOT RUN" start="2025-08-02T21:42:35.761904" elapsed="0.000011"/>
</kw>
<kw name="Set To Dictionary" owner="Collections">
<arg>${DATOS_QUESTION_UPDATE}</arg>
<arg>survey=${survey_id}</arg>
<doc>Adds the given ``key_value_pairs`` and/or ``items`` to the ``dictionary``.</doc>
<status status="NOT RUN" start="2025-08-02T21:42:35.761967" elapsed="0.000011"/>
</kw>
<kw name="Obtener Questions" owner="keywords_api_surveys">
<var>${response}</var>
<arg>${SESION_SURVEYS}</arg>
<doc>Obtiene todas las preguntas</doc>
<status status="NOT RUN" start="2025-08-02T21:42:35.762069" elapsed="0.000014"/>
</kw>
<kw name="Validar Respuesta" owner="keywords_api_surveys">
<arg>${response}</arg>
<arg>200</arg>
<doc>Valida que el código de estado de la respuesta sea el esperado</doc>
<status status="NOT RUN" start="2025-08-02T21:42:35.762154" elapsed="0.000013"/>
</kw>
<kw name="Crear Question" owner="keywords_api_surveys">
<var>${response}</var>
<arg>${SESION_SURVEYS}</arg>
<arg>&amp;{DATOS_QUESTION}</arg>
<doc>Crea una nueva pregunta</doc>
<status status="NOT RUN" start="2025-08-02T21:42:35.762240" elapsed="0.000014"/>
</kw>
<kw name="Validar Respuesta" owner="keywords_api_surveys">
<arg>${response}</arg>
<arg>201</arg>
<doc>Valida que el código de estado de la respuesta sea el esperado</doc>
<status status="NOT RUN" start="2025-08-02T21:42:35.762321" elapsed="0.000016"/>
</kw>
<kw name="Get From Dictionary" owner="Collections">
<var>${question_id}</var>
<arg>${response.json()}</arg>
<arg>id</arg>
<doc>Returns a value from the given ``dictionary`` based on the given ``key``.</doc>
<status status="NOT RUN" start="2025-08-02T21:42:35.762391" elapsed="0.000011"/>
</kw>
<kw name="Obtener Question Por ID" owner="keywords_api_surveys">
<var>${response}</var>
<arg>${SESION_SURVEYS}</arg>
<arg>${question_id}</arg>
<doc>Obtiene una pregunta específica por ID</doc>
<status status="NOT RUN" start="2025-08-02T21:42:35.762475" elapsed="0.000013"/>
</kw>
<kw name="Validar Respuesta" owner="keywords_api_surveys">
<arg>${response}</arg>
<arg>200</arg>
<doc>Valida que el código de estado de la respuesta sea el esperado</doc>
<status status="NOT RUN" start="2025-08-02T21:42:35.762556" elapsed="0.000013"/>
</kw>
<kw name="Actualizar Question" owner="keywords_api_surveys">
<var>${response}</var>
<arg>${SESION_SURVEYS}</arg>
<arg>${question_id}</arg>
<arg>&amp;{DATOS_QUESTION_UPDATE}</arg>
<doc>Actualiza una pregunta existente</doc>
<status status="NOT RUN" start="2025-08-02T21:42:35.762637" elapsed="0.000013"/>
</kw>
<kw name="Validar Respuesta" owner="keywords_api_surveys">
<arg>${response}</arg>
<arg>200</arg>
<doc>Valida que el código de estado de la respuesta sea el esperado</doc>
<status status="NOT RUN" start="2025-08-02T21:42:35.762721" elapsed="0.000013"/>
</kw>
<kw name="Eliminar Question" owner="keywords_api_surveys">
<var>${response}</var>
<arg>${SESION_SURVEYS}</arg>
<arg>${question_id}</arg>
<doc>Elimina una pregunta</doc>
<status status="NOT RUN" start="2025-08-02T21:42:35.762802" elapsed="0.000021"/>
</kw>
<kw name="Validar Respuesta" owner="keywords_api_surveys">
<arg>${response}</arg>
<arg>204</arg>
<doc>Valida que el código de estado de la respuesta sea el esperado</doc>
<status status="NOT RUN" start="2025-08-02T21:42:35.762895" elapsed="0.000014"/>
</kw>
<kw name="Eliminar Survey" owner="keywords_api_surveys">
<var>${response}</var>
<arg>${SESION_SURVEYS}</arg>
<arg>${survey_id}</arg>
<doc>Elimina una encuesta</doc>
<status status="NOT RUN" start="2025-08-02T21:42:35.762981" elapsed="0.000013"/>
</kw>
<kw name="Validar Respuesta" owner="keywords_api_surveys">
<arg>${response}</arg>
<arg>204</arg>
<doc>Valida que el código de estado de la respuesta sea el esperado</doc>
<status status="NOT RUN" start="2025-08-02T21:42:35.763062" elapsed="0.000013"/>
</kw>
<kw name="Log" owner="BuiltIn">
<arg>Test Questions exitoso en intento ${i + 1}</arg>
<doc>Logs the given message with the given level.</doc>
<status status="NOT RUN" start="2025-08-02T21:42:35.763129" elapsed="0.000011"/>
</kw>
<break>
<status status="NOT RUN" start="2025-08-02T21:42:35.763166" elapsed="0.000011"/>
</break>
<status status="FAIL" start="2025-08-02T21:42:35.761389" elapsed="0.001815">Keyword 'keywords_api_surveys.Crear Survey' expected 2 arguments, got 1.</status>
</branch>
<branch type="EXCEPT">
<kw name="Log" owner="BuiltIn">
<msg time="2025-08-02T21:42:35.763573" level="INFO">Error en test Questions en intento 1</msg>
<arg>Error en test Questions en intento ${i + 1}</arg>
<doc>Logs the given message with the given level.</doc>
<status status="PASS" start="2025-08-02T21:42:35.763281" elapsed="0.000322"/>
</kw>
<kw name="Evaluate" owner="BuiltIn">
<msg time="2025-08-02T21:42:35.763839" level="INFO">${es_ultimo} = False</msg>
<var>${es_ultimo}</var>
<arg>${i} == ${CONTEO} - 1</arg>
<doc>Evaluates the given expression in Python and returns the result.</doc>
<status status="PASS" start="2025-08-02T21:42:35.763667" elapsed="0.000192"/>
</kw>
<kw name="Run Keyword If" owner="BuiltIn">
<arg>${es_ultimo}</arg>
<arg>Fail</arg>
<arg>Todos los intentos de test Questions fallaron</arg>
<doc>Runs the given keyword with the given arguments, if ``condition`` is true.</doc>
<status status="PASS" start="2025-08-02T21:42:35.763926" elapsed="0.000085"/>
</kw>
<status status="PASS" start="2025-08-02T21:42:35.763232" elapsed="0.000818"/>
</branch>
<status status="PASS" start="2025-08-02T21:42:35.761372" elapsed="0.002708"/>
</try>
<var name="${i}">0</var>
<status status="PASS" start="2025-08-02T21:42:35.761351" elapsed="0.002746"/>
</iter>
<iter>
<try>
<branch type="TRY">
<kw name="Crear Survey" owner="keywords_api_surveys">
<msg time="2025-08-02T21:42:35.764472" level="FAIL">Keyword 'keywords_api_surveys.Crear Survey' expected 2 arguments, got 1.</msg>
<var>${response}</var>
<arg>${SESION_SURVEYS}</arg>
<arg>&amp;{DATOS_SURVEY}</arg>
<doc>Crea una nueva encuesta</doc>
<status status="FAIL" start="2025-08-02T21:42:35.764366" elapsed="0.000128">Keyword 'keywords_api_surveys.Crear Survey' expected 2 arguments, got 1.</status>
</kw>
<kw name="Validar Respuesta" owner="keywords_api_surveys">
<arg>${response}</arg>
<arg>201</arg>
<doc>Valida que el código de estado de la respuesta sea el esperado</doc>
<status status="NOT RUN" start="2025-08-02T21:42:35.764904" elapsed="0.000023"/>
</kw>
<kw name="Get From Dictionary" owner="Collections">
<var>${survey_id}</var>
<arg>${response.json()}</arg>
<arg>id</arg>
<doc>Returns a value from the given ``dictionary`` based on the given ``key``.</doc>
<status status="NOT RUN" start="2025-08-02T21:42:35.764988" elapsed="0.000012"/>
</kw>
<kw name="Set To Dictionary" owner="Collections">
<arg>${DATOS_QUESTION}</arg>
<arg>survey=${survey_id}</arg>
<doc>Adds the given ``key_value_pairs`` and/or ``items`` to the ``dictionary``.</doc>
<status status="NOT RUN" start="2025-08-02T21:42:35.765065" elapsed="0.000011"/>
</kw>
<kw name="Set To Dictionary" owner="Collections">
<arg>${DATOS_QUESTION_UPDATE}</arg>
<arg>survey=${survey_id}</arg>
<doc>Adds the given ``key_value_pairs`` and/or ``items`` to the ``dictionary``.</doc>
<status status="NOT RUN" start="2025-08-02T21:42:35.765126" elapsed="0.000011"/>
</kw>
<kw name="Obtener Questions" owner="keywords_api_surveys">
<var>${response}</var>
<arg>${SESION_SURVEYS}</arg>
<doc>Obtiene todas las preguntas</doc>
<status status="NOT RUN" start="2025-08-02T21:42:35.765323" elapsed="0.000017"/>
</kw>
<kw name="Validar Respuesta" owner="keywords_api_surveys">
<arg>${response}</arg>
<arg>200</arg>
<doc>Valida que el código de estado de la respuesta sea el esperado</doc>
<status status="NOT RUN" start="2025-08-02T21:42:35.765413" elapsed="0.000013"/>
</kw>
<kw name="Crear Question" owner="keywords_api_surveys">
<var>${response}</var>
<arg>${SESION_SURVEYS}</arg>
<arg>&amp;{DATOS_QUESTION}</arg>
<doc>Crea una nueva pregunta</doc>
<status status="NOT RUN" start="2025-08-02T21:42:35.765506" elapsed="0.000013"/>
</kw>
<kw name="Validar Respuesta" owner="keywords_api_surveys">
<arg>${response}</arg>
<arg>201</arg>
<doc>Valida que el código de estado de la respuesta sea el esperado</doc>
<status status="NOT RUN" start="2025-08-02T21:42:35.765589" elapsed="0.000019"/>
</kw>
<kw name="Get From Dictionary" owner="Collections">
<var>${question_id}</var>
<arg>${response.json()}</arg>
<arg>id</arg>
<doc>Returns a value from the given ``dictionary`` based on the given ``key``.</doc>
<status status="NOT RUN" start="2025-08-02T21:42:35.765668" elapsed="0.000011"/>
</kw>
<kw name="Obtener Question Por ID" owner="keywords_api_surveys">
<var>${response}</var>
<arg>${SESION_SURVEYS}</arg>
<arg>${question_id}</arg>
<doc>Obtiene una pregunta específica por ID</doc>
<status status="NOT RUN" start="2025-08-02T21:42:35.765753" elapsed="0.000013"/>
</kw>
<kw name="Validar Respuesta" owner="keywords_api_surveys">
<arg>${response}</arg>
<arg>200</arg>
<doc>Valida que el código de estado de la respuesta sea el esperado</doc>
<status status="NOT RUN" start="2025-08-02T21:42:35.765833" elapsed="0.000013"/>
</kw>
<kw name="Actualizar Question" owner="keywords_api_surveys">
<var>${response}</var>
<arg>${SESION_SURVEYS}</arg>
<arg>${question_id}</arg>
<arg>&amp;{DATOS_QUESTION_UPDATE}</arg>
<doc>Actualiza una pregunta existente</doc>
<status status="NOT RUN" start="2025-08-02T21:42:35.765915" elapsed="0.000012"/>
</kw>
<kw name="Validar Respuesta" owner="keywords_api_surveys">
<arg>${response}</arg>
<arg>200</arg>
<doc>Valida que el código de estado de la respuesta sea el esperado</doc>
<status status="NOT RUN" start="2025-08-02T21:42:35.765998" elapsed="0.000015"/>
</kw>
<kw name="Eliminar Question" owner="keywords_api_surveys">
<var>${response}</var>
<arg>${SESION_SURVEYS}</arg>
<arg>${question_id}</arg>
<doc>Elimina una pregunta</doc>
<status status="NOT RUN" start="2025-08-02T21:42:35.766083" elapsed="0.000014"/>
</kw>
<kw name="Validar Respuesta" owner="keywords_api_surveys">
<arg>${response}</arg>
<arg>204</arg>
<doc>Valida que el código de estado de la respuesta sea el esperado</doc>
<status status="NOT RUN" start="2025-08-02T21:42:35.766163" elapsed="0.000013"/>
</kw>
<kw name="Eliminar Survey" owner="keywords_api_surveys">
<var>${response}</var>
<arg>${SESION_SURVEYS}</arg>
<arg>${survey_id}</arg>
<doc>Elimina una encuesta</doc>
<status status="NOT RUN" start="2025-08-02T21:42:35.766242" elapsed="0.000013"/>
</kw>
<kw name="Validar Respuesta" owner="keywords_api_surveys">
<arg>${response}</arg>
<arg>204</arg>
<doc>Valida que el código de estado de la respuesta sea el esperado</doc>
<status status="NOT RUN" start="2025-08-02T21:42:35.766322" elapsed="0.000012"/>
</kw>
<kw name="Log" owner="BuiltIn">
<arg>Test Questions exitoso en intento ${i + 1}</arg>
<doc>Logs the given message with the given level.</doc>
<status status="NOT RUN" start="2025-08-02T21:42:35.766388" elapsed="0.000012"/>
</kw>
<break>
<status status="NOT RUN" start="2025-08-02T21:42:35.766426" elapsed="0.000011"/>
</break>
<status status="FAIL" start="2025-08-02T21:42:35.764280" elapsed="0.002189">Keyword 'keywords_api_surveys.Crear Survey' expected 2 arguments, got 1.</status>
</branch>
<branch type="EXCEPT">
<kw name="Log" owner="BuiltIn">
<msg time="2025-08-02T21:42:35.766879" level="INFO">Error en test Questions en intento 2</msg>
<arg>Error en test Questions en intento ${i + 1}</arg>
<doc>Logs the given message with the given level.</doc>
<status status="PASS" start="2025-08-02T21:42:35.766547" elapsed="0.000366"/>
</kw>
<kw name="Evaluate" owner="BuiltIn">
<msg time="2025-08-02T21:42:35.767159" level="INFO">${es_ultimo} = False</msg>
<var>${es_ultimo}</var>
<arg>${i} == ${CONTEO} - 1</arg>
<doc>Evaluates the given expression in Python and returns the result.</doc>
<status status="PASS" start="2025-08-02T21:42:35.766981" elapsed="0.000196"/>
</kw>
<kw name="Run Keyword If" owner="BuiltIn">
<arg>${es_ultimo}</arg>
<arg>Fail</arg>
<arg>Todos los intentos de test Questions fallaron</arg>
<doc>Runs the given keyword with the given arguments, if ``condition`` is true.</doc>
<status status="PASS" start="2025-08-02T21:42:35.767248" elapsed="0.000067"/>
</kw>
<status status="PASS" start="2025-08-02T21:42:35.766499" elapsed="0.000843"/>
</branch>
<status status="PASS" start="2025-08-02T21:42:35.764265" elapsed="0.003098"/>
</try>
<var name="${i}">1</var>
<status status="PASS" start="2025-08-02T21:42:35.764247" elapsed="0.003132"/>
</iter>
<iter>
<try>
<branch type="TRY">
<kw name="Crear Survey" owner="keywords_api_surveys">
<msg time="2025-08-02T21:42:35.767734" level="FAIL">Keyword 'keywords_api_surveys.Crear Survey' expected 2 arguments, got 1.</msg>
<var>${response}</var>
<arg>${SESION_SURVEYS}</arg>
<arg>&amp;{DATOS_SURVEY}</arg>
<doc>Crea una nueva encuesta</doc>
<status status="FAIL" start="2025-08-02T21:42:35.767626" elapsed="0.000131">Keyword 'keywords_api_surveys.Crear Survey' expected 2 arguments, got 1.</status>
</kw>
<kw name="Validar Respuesta" owner="keywords_api_surveys">
<arg>${response}</arg>
<arg>201</arg>
<doc>Valida que el código de estado de la respuesta sea el esperado</doc>
<status status="NOT RUN" start="2025-08-02T21:42:35.767842" elapsed="0.000014"/>
</kw>
<kw name="Get From Dictionary" owner="Collections">
<var>${survey_id}</var>
<arg>${response.json()}</arg>
<arg>id</arg>
<doc>Returns a value from the given ``dictionary`` based on the given ``key``.</doc>
<status status="NOT RUN" start="2025-08-02T21:42:35.767914" elapsed="0.000012"/>
</kw>
<kw name="Set To Dictionary" owner="Collections">
<arg>${DATOS_QUESTION}</arg>
<arg>survey=${survey_id}</arg>
<doc>Adds the given ``key_value_pairs`` and/or ``items`` to the ``dictionary``.</doc>
<status status="NOT RUN" start="2025-08-02T21:42:35.767978" elapsed="0.000010"/>
</kw>
<kw name="Set To Dictionary" owner="Collections">
<arg>${DATOS_QUESTION_UPDATE}</arg>
<arg>survey=${survey_id}</arg>
<doc>Adds the given ``key_value_pairs`` and/or ``items`` to the ``dictionary``.</doc>
<status status="NOT RUN" start="2025-08-02T21:42:35.768039" elapsed="0.000010"/>
</kw>
<kw name="Obtener Questions" owner="keywords_api_surveys">
<var>${response}</var>
<arg>${SESION_SURVEYS}</arg>
<doc>Obtiene todas las preguntas</doc>
<status status="NOT RUN" start="2025-08-02T21:42:35.768122" elapsed="0.000013"/>
</kw>
<kw name="Validar Respuesta" owner="keywords_api_surveys">
<arg>${response}</arg>
<arg>200</arg>
<doc>Valida que el código de estado de la respuesta sea el esperado</doc>
<status status="NOT RUN" start="2025-08-02T21:42:35.768201" elapsed="0.000013"/>
</kw>
<kw name="Crear Question" owner="keywords_api_surveys">
<var>${response}</var>
<arg>${SESION_SURVEYS}</arg>
<arg>&amp;{DATOS_QUESTION}</arg>
<doc>Crea una nueva pregunta</doc>
<status status="NOT RUN" start="2025-08-02T21:42:35.768284" elapsed="0.000013"/>
</kw>
<kw name="Validar Respuesta" owner="keywords_api_surveys">
<arg>${response}</arg>
<arg>201</arg>
<doc>Valida que el código de estado de la respuesta sea el esperado</doc>
<status status="NOT RUN" start="2025-08-02T21:42:35.768370" elapsed="0.000013"/>
</kw>
<kw name="Get From Dictionary" owner="Collections">
<var>${question_id}</var>
<arg>${response.json()}</arg>
<arg>id</arg>
<doc>Returns a value from the given ``dictionary`` based on the given ``key``.</doc>
<status status="NOT RUN" start="2025-08-02T21:42:35.768436" elapsed="0.000011"/>
</kw>
<kw name="Obtener Question Por ID" owner="keywords_api_surveys">
<var>${response}</var>
<arg>${SESION_SURVEYS}</arg>
<arg>${question_id}</arg>
<doc>Obtiene una pregunta específica por ID</doc>
<status status="NOT RUN" start="2025-08-02T21:42:35.768565" elapsed="0.000014"/>
</kw>
<kw name="Validar Respuesta" owner="keywords_api_surveys">
<arg>${response}</arg>
<arg>200</arg>
<doc>Valida que el código de estado de la respuesta sea el esperado</doc>
<status status="NOT RUN" start="2025-08-02T21:42:35.768648" elapsed="0.000014"/>
</kw>
<kw name="Actualizar Question" owner="keywords_api_surveys">
<var>${response}</var>
<arg>${SESION_SURVEYS}</arg>
<arg>${question_id}</arg>
<arg>&amp;{DATOS_QUESTION_UPDATE}</arg>
<doc>Actualiza una pregunta existente</doc>
<status status="NOT RUN" start="2025-08-02T21:42:35.768732" elapsed="0.000013"/>
</kw>
<kw name="Validar Respuesta" owner="keywords_api_surveys">
<arg>${response}</arg>
<arg>200</arg>
<doc>Valida que el código de estado de la respuesta sea el esperado</doc>
<status status="NOT RUN" start="2025-08-02T21:42:35.768834" elapsed="0.000015"/>
</kw>
<kw name="Eliminar Question" owner="keywords_api_surveys">
<var>${response}</var>
<arg>${SESION_SURVEYS}</arg>
<arg>${question_id}</arg>
<doc>Elimina una pregunta</doc>
<status status="NOT RUN" start="2025-08-02T21:42:35.768931" elapsed="0.000014"/>
</kw>
<kw name="Validar Respuesta" owner="keywords_api_surveys">
<arg>${response}</arg>
<arg>204</arg>
<doc>Valida que el código de estado de la respuesta sea el esperado</doc>
<status status="NOT RUN" start="2025-08-02T21:42:35.769014" elapsed="0.000012"/>
</kw>
<kw name="Eliminar Survey" owner="keywords_api_surveys">
<var>${response}</var>
<arg>${SESION_SURVEYS}</arg>
<arg>${survey_id}</arg>
<doc>Elimina una encuesta</doc>
<status status="NOT RUN" start="2025-08-02T21:42:35.769114" elapsed="0.000021"/>
</kw>
<kw name="Validar Respuesta" owner="keywords_api_surveys">
<arg>${response}</arg>
<arg>204</arg>
<doc>Valida que el código de estado de la respuesta sea el esperado</doc>
<status status="NOT RUN" start="2025-08-02T21:42:35.769205" elapsed="0.000013"/>
</kw>
<kw name="Log" owner="BuiltIn">
<arg>Test Questions exitoso en intento ${i + 1}</arg>
<doc>Logs the given message with the given level.</doc>
<status status="NOT RUN" start="2025-08-02T21:42:35.769274" elapsed="0.000012"/>
</kw>
<break>
<status status="NOT RUN" start="2025-08-02T21:42:35.769309" elapsed="0.000010"/>
</break>
<status status="FAIL" start="2025-08-02T21:42:35.767553" elapsed="0.001794">Keyword 'keywords_api_surveys.Crear Survey' expected 2 arguments, got 1.</status>
</branch>
<branch type="EXCEPT">
<kw name="Log" owner="BuiltIn">
<msg time="2025-08-02T21:42:35.769733" level="INFO">Error en test Questions en intento 3</msg>
<arg>Error en test Questions en intento ${i + 1}</arg>
<doc>Logs the given message with the given level.</doc>
<status status="PASS" start="2025-08-02T21:42:35.769428" elapsed="0.000338"/>
</kw>
<kw name="Evaluate" owner="BuiltIn">
<msg time="2025-08-02T21:42:35.770006" level="INFO">${es_ultimo} = True</msg>
<var>${es_ultimo}</var>
<arg>${i} == ${CONTEO} - 1</arg>
<doc>Evaluates the given expression in Python and returns the result.</doc>
<status status="PASS" start="2025-08-02T21:42:35.769832" elapsed="0.000193"/>
</kw>
<kw name="Run Keyword If" owner="BuiltIn">
<kw name="Fail" owner="BuiltIn">
<msg time="2025-08-02T21:42:35.770311" level="FAIL">Todos los intentos de test Questions fallaron</msg>
<arg>Todos los intentos de test Questions fallaron</arg>
<doc>Fails the test with the given message and optionally alters its tags.</doc>
<status status="FAIL" start="2025-08-02T21:42:35.770204" elapsed="0.000172">Todos los intentos de test Questions fallaron</status>
</kw>
<arg>${es_ultimo}</arg>
<arg>Fail</arg>
<arg>Todos los intentos de test Questions fallaron</arg>
<doc>Runs the given keyword with the given arguments, if ``condition`` is true.</doc>
<status status="FAIL" start="2025-08-02T21:42:35.770095" elapsed="0.000315">Todos los intentos de test Questions fallaron</status>
</kw>
<status status="FAIL" start="2025-08-02T21:42:35.769376" elapsed="0.001071">Todos los intentos de test Questions fallaron</status>
</branch>
<status status="FAIL" start="2025-08-02T21:42:35.767538" elapsed="0.002935">Todos los intentos de test Questions fallaron</status>
</try>
<var name="${i}">2</var>
<status status="FAIL" start="2025-08-02T21:42:35.767521" elapsed="0.002983">Todos los intentos de test Questions fallaron</status>
</iter>
<var>${i}</var>
<value>${CONTEO}</value>
<status status="FAIL" start="2025-08-02T21:42:35.761132" elapsed="0.009407">Todos los intentos de test Questions fallaron</status>
</for>
<doc>Verificar todas las operaciones CRUD en el endpoint /questions/</doc>
<status status="FAIL" start="2025-08-02T21:42:35.760476" elapsed="0.010287">Todos los intentos de test Questions fallaron</status>
</test>
<test id="s1-s1-t3" name="Test Endpoint /Options/" line="126">
<kw name="Create Session" owner="RequestsLibrary">
<msg time="2025-08-02T21:42:35.771620" level="INFO">Creating Session using : alias=surveys_session, url=http://localhost:8000/api, headers={},                     cookies={}, auth=None, timeout=None, proxies=None, verify=False,                     debug=0 </msg>
<arg>${SESION_SURVEYS}</arg>
<arg>${URL_SURVEYS}</arg>
<doc>Create Session: create a HTTP session to a server</doc>
<status status="PASS" start="2025-08-02T21:42:35.771500" elapsed="0.000233"/>
</kw>
<for flavor="IN RANGE">
<iter>
<try>
<branch type="TRY">
<kw name="Crear Survey" owner="keywords_api_surveys">
<msg time="2025-08-02T21:42:35.772331" level="FAIL">Keyword 'keywords_api_surveys.Crear Survey' expected 2 arguments, got 1.</msg>
<var>${response}</var>
<arg>${SESION_SURVEYS}</arg>
<arg>&amp;{DATOS_SURVEY}</arg>
<doc>Crea una nueva encuesta</doc>
<status status="FAIL" start="2025-08-02T21:42:35.772211" elapsed="0.000144">Keyword 'keywords_api_surveys.Crear Survey' expected 2 arguments, got 1.</status>
</kw>
<kw name="Validar Respuesta" owner="keywords_api_surveys">
<arg>${response}</arg>
<arg>201</arg>
<doc>Valida que el código de estado de la respuesta sea el esperado</doc>
<status status="NOT RUN" start="2025-08-02T21:42:35.772452" elapsed="0.000015"/>
</kw>
<kw name="Get From Dictionary" owner="Collections">
<var>${survey_id}</var>
<arg>${response.json()}</arg>
<arg>id</arg>
<doc>Returns a value from the given ``dictionary`` based on the given ``key``.</doc>
<status status="NOT RUN" start="2025-08-02T21:42:35.772532" elapsed="0.000012"/>
</kw>
<kw name="Set To Dictionary" owner="Collections">
<arg>${DATOS_QUESTION}</arg>
<arg>survey=${survey_id}</arg>
<doc>Adds the given ``key_value_pairs`` and/or ``items`` to the ``dictionary``.</doc>
<status status="NOT RUN" start="2025-08-02T21:42:35.772601" elapsed="0.000011"/>
</kw>
<kw name="Crear Question" owner="keywords_api_surveys">
<var>${response}</var>
<arg>${SESION_SURVEYS}</arg>
<arg>&amp;{DATOS_QUESTION}</arg>
<doc>Crea una nueva pregunta</doc>
<status status="NOT RUN" start="2025-08-02T21:42:35.772691" elapsed="0.000014"/>
</kw>
<kw name="Validar Respuesta" owner="keywords_api_surveys">
<arg>${response}</arg>
<arg>201</arg>
<doc>Valida que el código de estado de la respuesta sea el esperado</doc>
<status status="NOT RUN" start="2025-08-02T21:42:35.772781" elapsed="0.000013"/>
</kw>
<kw name="Get From Dictionary" owner="Collections">
<var>${question_id}</var>
<arg>${response.json()}</arg>
<arg>id</arg>
<doc>Returns a value from the given ``dictionary`` based on the given ``key``.</doc>
<status status="NOT RUN" start="2025-08-02T21:42:35.772851" elapsed="0.000011"/>
</kw>
<kw name="Set To Dictionary" owner="Collections">
<arg>${DATOS_OPTION_SI}</arg>
<arg>question=${question_id}</arg>
<doc>Adds the given ``key_value_pairs`` and/or ``items`` to the ``dictionary``.</doc>
<status status="NOT RUN" start="2025-08-02T21:42:35.772921" elapsed="0.000012"/>
</kw>
<kw name="Set To Dictionary" owner="Collections">
<arg>${DATOS_OPTION_UPDATE}</arg>
<arg>question=${question_id}</arg>
<doc>Adds the given ``key_value_pairs`` and/or ``items`` to the ``dictionary``.</doc>
<status status="NOT RUN" start="2025-08-02T21:42:35.773114" elapsed="0.000014"/>
</kw>
<kw name="Obtener Options" owner="keywords_api_surveys">
<var>${response}</var>
<arg>${SESION_SURVEYS}</arg>
<doc>Obtiene todas las opciones</doc>
<status status="NOT RUN" start="2025-08-02T21:42:35.773217" elapsed="0.000015"/>
</kw>
<kw name="Validar Respuesta" owner="keywords_api_surveys">
<arg>${response}</arg>
<arg>200</arg>
<doc>Valida que el código de estado de la respuesta sea el esperado</doc>
<status status="NOT RUN" start="2025-08-02T21:42:35.773306" elapsed="0.000016"/>
</kw>
<kw name="Crear Option" owner="keywords_api_surveys">
<var>${response}</var>
<arg>${SESION_SURVEYS}</arg>
<arg>&amp;{DATOS_OPTION_SI}</arg>
<doc>Crea una nueva opción</doc>
<status status="NOT RUN" start="2025-08-02T21:42:35.773398" elapsed="0.000013"/>
</kw>
<kw name="Validar Respuesta" owner="keywords_api_surveys">
<arg>${response}</arg>
<arg>201</arg>
<doc>Valida que el código de estado de la respuesta sea el esperado</doc>
<status status="NOT RUN" start="2025-08-02T21:42:35.773483" elapsed="0.000014"/>
</kw>
<kw name="Get From Dictionary" owner="Collections">
<var>${option_id}</var>
<arg>${response.json()}</arg>
<arg>id</arg>
<doc>Returns a value from the given ``dictionary`` based on the given ``key``.</doc>
<status status="NOT RUN" start="2025-08-02T21:42:35.773563" elapsed="0.000012"/>
</kw>
<kw name="Obtener Option Por ID" owner="keywords_api_surveys">
<var>${response}</var>
<arg>${SESION_SURVEYS}</arg>
<arg>${option_id}</arg>
<doc>Obtiene una opción específica por ID</doc>
<status status="NOT RUN" start="2025-08-02T21:42:35.773652" elapsed="0.000013"/>
</kw>
<kw name="Validar Respuesta" owner="keywords_api_surveys">
<arg>${response}</arg>
<arg>200</arg>
<doc>Valida que el código de estado de la respuesta sea el esperado</doc>
<status status="NOT RUN" start="2025-08-02T21:42:35.773736" elapsed="0.000013"/>
</kw>
<kw name="Actualizar Option" owner="keywords_api_surveys">
<var>${response}</var>
<arg>${SESION_SURVEYS}</arg>
<arg>${option_id}</arg>
<arg>&amp;{DATOS_OPTION_UPDATE}</arg>
<doc>Actualiza una opción existente</doc>
<status status="NOT RUN" start="2025-08-02T21:42:35.773822" elapsed="0.000012"/>
</kw>
<kw name="Validar Respuesta" owner="keywords_api_surveys">
<arg>${response}</arg>
<arg>200</arg>
<doc>Valida que el código de estado de la respuesta sea el esperado</doc>
<status status="NOT RUN" start="2025-08-02T21:42:35.773908" elapsed="0.000013"/>
</kw>
<kw name="Eliminar Option" owner="keywords_api_surveys">
<var>${response}</var>
<arg>${SESION_SURVEYS}</arg>
<arg>${option_id}</arg>
<doc>Elimina una opción</doc>
<status status="NOT RUN" start="2025-08-02T21:42:35.773993" elapsed="0.000013"/>
</kw>
<kw name="Validar Respuesta" owner="keywords_api_surveys">
<arg>${response}</arg>
<arg>204</arg>
<doc>Valida que el código de estado de la respuesta sea el esperado</doc>
<status status="NOT RUN" start="2025-08-02T21:42:35.774074" elapsed="0.000013"/>
</kw>
<kw name="Eliminar Question" owner="keywords_api_surveys">
<var>${response}</var>
<arg>${SESION_SURVEYS}</arg>
<arg>${question_id}</arg>
<doc>Elimina una pregunta</doc>
<status status="NOT RUN" start="2025-08-02T21:42:35.774158" elapsed="0.000013"/>
</kw>
<kw name="Validar Respuesta" owner="keywords_api_surveys">
<arg>${response}</arg>
<arg>204</arg>
<doc>Valida que el código de estado de la respuesta sea el esperado</doc>
<status status="NOT RUN" start="2025-08-02T21:42:35.774238" elapsed="0.000013"/>
</kw>
<kw name="Eliminar Survey" owner="keywords_api_surveys">
<var>${response}</var>
<arg>${SESION_SURVEYS}</arg>
<arg>${survey_id}</arg>
<doc>Elimina una encuesta</doc>
<status status="NOT RUN" start="2025-08-02T21:42:35.774318" elapsed="0.000013"/>
</kw>
<kw name="Validar Respuesta" owner="keywords_api_surveys">
<arg>${response}</arg>
<arg>204</arg>
<doc>Valida que el código de estado de la respuesta sea el esperado</doc>
<status status="NOT RUN" start="2025-08-02T21:42:35.774402" elapsed="0.000013"/>
</kw>
<kw name="Log" owner="BuiltIn">
<arg>Test Options exitoso en intento ${i + 1}</arg>
<doc>Logs the given message with the given level.</doc>
<status status="NOT RUN" start="2025-08-02T21:42:35.774471" elapsed="0.000011"/>
</kw>
<break>
<status status="NOT RUN" start="2025-08-02T21:42:35.774509" elapsed="0.000012"/>
</break>
<status status="FAIL" start="2025-08-02T21:42:35.772117" elapsed="0.002435">Keyword 'keywords_api_surveys.Crear Survey' expected 2 arguments, got 1.</status>
</branch>
<branch type="EXCEPT">
<kw name="Log" owner="BuiltIn">
<msg time="2025-08-02T21:42:35.774974" level="INFO">Error en test Options en intento 1</msg>
<arg>Error en test Options en intento ${i + 1}</arg>
<doc>Logs the given message with the given level.</doc>
<status status="PASS" start="2025-08-02T21:42:35.774634" elapsed="0.000372"/>
</kw>
<kw name="Evaluate" owner="BuiltIn">
<msg time="2025-08-02T21:42:35.775250" level="INFO">${es_ultimo} = False</msg>
<var>${es_ultimo}</var>
<arg>${i} == ${CONTEO} - 1</arg>
<doc>Evaluates the given expression in Python and returns the result.</doc>
<status status="PASS" start="2025-08-02T21:42:35.775072" elapsed="0.000196"/>
</kw>
<kw name="Run Keyword If" owner="BuiltIn">
<arg>${es_ultimo}</arg>
<arg>Fail</arg>
<arg>Todos los intentos de test Options fallaron</arg>
<doc>Runs the given keyword with the given arguments, if ``condition`` is true.</doc>
<status status="PASS" start="2025-08-02T21:42:35.775341" elapsed="0.000069"/>
</kw>
<status status="PASS" start="2025-08-02T21:42:35.774583" elapsed="0.000854"/>
</branch>
<status status="PASS" start="2025-08-02T21:42:35.772096" elapsed="0.003363"/>
</try>
<var name="${i}">0</var>
<status status="PASS" start="2025-08-02T21:42:35.772076" elapsed="0.003400"/>
</iter>
<iter>
<try>
<branch type="TRY">
<kw name="Crear Survey" owner="keywords_api_surveys">
<msg time="2025-08-02T21:42:35.775881" level="FAIL">Keyword 'keywords_api_surveys.Crear Survey' expected 2 arguments, got 1.</msg>
<var>${response}</var>
<arg>${SESION_SURVEYS}</arg>
<arg>&amp;{DATOS_SURVEY}</arg>
<doc>Crea una nueva encuesta</doc>
<status status="FAIL" start="2025-08-02T21:42:35.775765" elapsed="0.000139">Keyword 'keywords_api_surveys.Crear Survey' expected 2 arguments, got 1.</status>
</kw>
<kw name="Validar Respuesta" owner="keywords_api_surveys">
<arg>${response}</arg>
<arg>201</arg>
<doc>Valida que el código de estado de la respuesta sea el esperado</doc>
<status status="NOT RUN" start="2025-08-02T21:42:35.775996" elapsed="0.000014"/>
</kw>
<kw name="Get From Dictionary" owner="Collections">
<var>${survey_id}</var>
<arg>${response.json()}</arg>
<arg>id</arg>
<doc>Returns a value from the given ``dictionary`` based on the given ``key``.</doc>
<status status="NOT RUN" start="2025-08-02T21:42:35.776073" elapsed="0.000012"/>
</kw>
<kw name="Set To Dictionary" owner="Collections">
<arg>${DATOS_QUESTION}</arg>
<arg>survey=${survey_id}</arg>
<doc>Adds the given ``key_value_pairs`` and/or ``items`` to the ``dictionary``.</doc>
<status status="NOT RUN" start="2025-08-02T21:42:35.776142" elapsed="0.000011"/>
</kw>
<kw name="Crear Question" owner="keywords_api_surveys">
<var>${response}</var>
<arg>${SESION_SURVEYS}</arg>
<arg>&amp;{DATOS_QUESTION}</arg>
<doc>Crea una nueva pregunta</doc>
<status status="NOT RUN" start="2025-08-02T21:42:35.776230" elapsed="0.000014"/>
</kw>
<kw name="Validar Respuesta" owner="keywords_api_surveys">
<arg>${response}</arg>
<arg>201</arg>
<doc>Valida que el código de estado de la respuesta sea el esperado</doc>
<status status="NOT RUN" start="2025-08-02T21:42:35.776318" elapsed="0.000013"/>
</kw>
<kw name="Get From Dictionary" owner="Collections">
<var>${question_id}</var>
<arg>${response.json()}</arg>
<arg>id</arg>
<doc>Returns a value from the given ``dictionary`` based on the given ``key``.</doc>
<status status="NOT RUN" start="2025-08-02T21:42:35.776450" elapsed="0.000013"/>
</kw>
<kw name="Set To Dictionary" owner="Collections">
<arg>${DATOS_OPTION_SI}</arg>
<arg>question=${question_id}</arg>
<doc>Adds the given ``key_value_pairs`` and/or ``items`` to the ``dictionary``.</doc>
<status status="NOT RUN" start="2025-08-02T21:42:35.776519" elapsed="0.000011"/>
</kw>
<kw name="Set To Dictionary" owner="Collections">
<arg>${DATOS_OPTION_UPDATE}</arg>
<arg>question=${question_id}</arg>
<doc>Adds the given ``key_value_pairs`` and/or ``items`` to the ``dictionary``.</doc>
<status status="NOT RUN" start="2025-08-02T21:42:35.776580" elapsed="0.000010"/>
</kw>
<kw name="Obtener Options" owner="keywords_api_surveys">
<var>${response}</var>
<arg>${SESION_SURVEYS}</arg>
<doc>Obtiene todas las opciones</doc>
<status status="NOT RUN" start="2025-08-02T21:42:35.776668" elapsed="0.000013"/>
</kw>
<kw name="Validar Respuesta" owner="keywords_api_surveys">
<arg>${response}</arg>
<arg>200</arg>
<doc>Valida que el código de estado de la respuesta sea el esperado</doc>
<status status="NOT RUN" start="2025-08-02T21:42:35.776752" elapsed="0.000013"/>
</kw>
<kw name="Crear Option" owner="keywords_api_surveys">
<var>${response}</var>
<arg>${SESION_SURVEYS}</arg>
<arg>&amp;{DATOS_OPTION_SI}</arg>
<doc>Crea una nueva opción</doc>
<status status="NOT RUN" start="2025-08-02T21:42:35.776837" elapsed="0.000017"/>
</kw>
<kw name="Validar Respuesta" owner="keywords_api_surveys">
<arg>${response}</arg>
<arg>201</arg>
<doc>Valida que el código de estado de la respuesta sea el esperado</doc>
<status status="NOT RUN" start="2025-08-02T21:42:35.776923" elapsed="0.000013"/>
</kw>
<kw name="Get From Dictionary" owner="Collections">
<var>${option_id}</var>
<arg>${response.json()}</arg>
<arg>id</arg>
<doc>Returns a value from the given ``dictionary`` based on the given ``key``.</doc>
<status status="NOT RUN" start="2025-08-02T21:42:35.776990" elapsed="0.000010"/>
</kw>
<kw name="Obtener Option Por ID" owner="keywords_api_surveys">
<var>${response}</var>
<arg>${SESION_SURVEYS}</arg>
<arg>${option_id}</arg>
<doc>Obtiene una opción específica por ID</doc>
<status status="NOT RUN" start="2025-08-02T21:42:35.777073" elapsed="0.000014"/>
</kw>
<kw name="Validar Respuesta" owner="keywords_api_surveys">
<arg>${response}</arg>
<arg>200</arg>
<doc>Valida que el código de estado de la respuesta sea el esperado</doc>
<status status="NOT RUN" start="2025-08-02T21:42:35.777160" elapsed="0.000013"/>
</kw>
<kw name="Actualizar Option" owner="keywords_api_surveys">
<var>${response}</var>
<arg>${SESION_SURVEYS}</arg>
<arg>${option_id}</arg>
<arg>&amp;{DATOS_OPTION_UPDATE}</arg>
<doc>Actualiza una opción existente</doc>
<status status="NOT RUN" start="2025-08-02T21:42:35.777244" elapsed="0.000014"/>
</kw>
<kw name="Validar Respuesta" owner="keywords_api_surveys">
<arg>${response}</arg>
<arg>200</arg>
<doc>Valida que el código de estado de la respuesta sea el esperado</doc>
<status status="NOT RUN" start="2025-08-02T21:42:35.777329" elapsed="0.000013"/>
</kw>
<kw name="Eliminar Option" owner="keywords_api_surveys">
<var>${response}</var>
<arg>${SESION_SURVEYS}</arg>
<arg>${option_id}</arg>
<doc>Elimina una opción</doc>
<status status="NOT RUN" start="2025-08-02T21:42:35.777417" elapsed="0.000013"/>
</kw>
<kw name="Validar Respuesta" owner="keywords_api_surveys">
<arg>${response}</arg>
<arg>204</arg>
<doc>Valida que el código de estado de la respuesta sea el esperado</doc>
<status status="NOT RUN" start="2025-08-02T21:42:35.777497" elapsed="0.000013"/>
</kw>
<kw name="Eliminar Question" owner="keywords_api_surveys">
<var>${response}</var>
<arg>${SESION_SURVEYS}</arg>
<arg>${question_id}</arg>
<doc>Elimina una pregunta</doc>
<status status="NOT RUN" start="2025-08-02T21:42:35.777592" elapsed="0.000013"/>
</kw>
<kw name="Validar Respuesta" owner="keywords_api_surveys">
<arg>${response}</arg>
<arg>204</arg>
<doc>Valida que el código de estado de la respuesta sea el esperado</doc>
<status status="NOT RUN" start="2025-08-02T21:42:35.777673" elapsed="0.000013"/>
</kw>
<kw name="Eliminar Survey" owner="keywords_api_surveys">
<var>${response}</var>
<arg>${SESION_SURVEYS}</arg>
<arg>${survey_id}</arg>
<doc>Elimina una encuesta</doc>
<status status="NOT RUN" start="2025-08-02T21:42:35.777757" elapsed="0.000014"/>
</kw>
<kw name="Validar Respuesta" owner="keywords_api_surveys">
<arg>${response}</arg>
<arg>204</arg>
<doc>Valida que el código de estado de la respuesta sea el esperado</doc>
<status status="NOT RUN" start="2025-08-02T21:42:35.777843" elapsed="0.000012"/>
</kw>
<kw name="Log" owner="BuiltIn">
<arg>Test Options exitoso en intento ${i + 1}</arg>
<doc>Logs the given message with the given level.</doc>
<status status="NOT RUN" start="2025-08-02T21:42:35.777913" elapsed="0.000014"/>
</kw>
<break>
<status status="NOT RUN" start="2025-08-02T21:42:35.777954" elapsed="0.000014"/>
</break>
<status status="FAIL" start="2025-08-02T21:42:35.775690" elapsed="0.002314">Keyword 'keywords_api_surveys.Crear Survey' expected 2 arguments, got 1.</status>
</branch>
<branch type="EXCEPT">
<kw name="Log" owner="BuiltIn">
<msg time="2025-08-02T21:42:35.778452" level="INFO">Error en test Options en intento 2</msg>
<arg>Error en test Options en intento ${i + 1}</arg>
<doc>Logs the given message with the given level.</doc>
<status status="PASS" start="2025-08-02T21:42:35.778086" elapsed="0.000402"/>
</kw>
<kw name="Evaluate" owner="BuiltIn">
<msg time="2025-08-02T21:42:35.778741" level="INFO">${es_ultimo} = False</msg>
<var>${es_ultimo}</var>
<arg>${i} == ${CONTEO} - 1</arg>
<doc>Evaluates the given expression in Python and returns the result.</doc>
<status status="PASS" start="2025-08-02T21:42:35.778555" elapsed="0.000203"/>
</kw>
<kw name="Run Keyword If" owner="BuiltIn">
<arg>${es_ultimo}</arg>
<arg>Fail</arg>
<arg>Todos los intentos de test Options fallaron</arg>
<doc>Runs the given keyword with the given arguments, if ``condition`` is true.</doc>
<status status="PASS" start="2025-08-02T21:42:35.778835" elapsed="0.000092"/>
</kw>
<status status="PASS" start="2025-08-02T21:42:35.778038" elapsed="0.000917"/>
</branch>
<status status="PASS" start="2025-08-02T21:42:35.775674" elapsed="0.003307"/>
</try>
<var name="${i}">1</var>
<status status="PASS" start="2025-08-02T21:42:35.775656" elapsed="0.003343"/>
</iter>
<iter>
<try>
<branch type="TRY">
<kw name="Crear Survey" owner="keywords_api_surveys">
<msg time="2025-08-02T21:42:35.779757" level="FAIL">Keyword 'keywords_api_surveys.Crear Survey' expected 2 arguments, got 1.</msg>
<var>${response}</var>
<arg>${SESION_SURVEYS}</arg>
<arg>&amp;{DATOS_SURVEY}</arg>
<doc>Crea una nueva encuesta</doc>
<status status="FAIL" start="2025-08-02T21:42:35.779640" elapsed="0.000140">Keyword 'keywords_api_surveys.Crear Survey' expected 2 arguments, got 1.</status>
</kw>
<kw name="Validar Respuesta" owner="keywords_api_surveys">
<arg>${response}</arg>
<arg>201</arg>
<doc>Valida que el código de estado de la respuesta sea el esperado</doc>
<status status="NOT RUN" start="2025-08-02T21:42:35.779867" elapsed="0.000014"/>
</kw>
<kw name="Get From Dictionary" owner="Collections">
<var>${survey_id}</var>
<arg>${response.json()}</arg>
<arg>id</arg>
<doc>Returns a value from the given ``dictionary`` based on the given ``key``.</doc>
<status status="NOT RUN" start="2025-08-02T21:42:35.779943" elapsed="0.000012"/>
</kw>
<kw name="Set To Dictionary" owner="Collections">
<arg>${DATOS_QUESTION}</arg>
<arg>survey=${survey_id}</arg>
<doc>Adds the given ``key_value_pairs`` and/or ``items`` to the ``dictionary``.</doc>
<status status="NOT RUN" start="2025-08-02T21:42:35.780009" elapsed="0.000010"/>
</kw>
<kw name="Crear Question" owner="keywords_api_surveys">
<var>${response}</var>
<arg>${SESION_SURVEYS}</arg>
<arg>&amp;{DATOS_QUESTION}</arg>
<doc>Crea una nueva pregunta</doc>
<status status="NOT RUN" start="2025-08-02T21:42:35.780093" elapsed="0.000014"/>
</kw>
<kw name="Validar Respuesta" owner="keywords_api_surveys">
<arg>${response}</arg>
<arg>201</arg>
<doc>Valida que el código de estado de la respuesta sea el esperado</doc>
<status status="NOT RUN" start="2025-08-02T21:42:35.780239" elapsed="0.000014"/>
</kw>
<kw name="Get From Dictionary" owner="Collections">
<var>${question_id}</var>
<arg>${response.json()}</arg>
<arg>id</arg>
<doc>Returns a value from the given ``dictionary`` based on the given ``key``.</doc>
<status status="NOT RUN" start="2025-08-02T21:42:35.780310" elapsed="0.000010"/>
</kw>
<kw name="Set To Dictionary" owner="Collections">
<arg>${DATOS_OPTION_SI}</arg>
<arg>question=${question_id}</arg>
<doc>Adds the given ``key_value_pairs`` and/or ``items`` to the ``dictionary``.</doc>
<status status="NOT RUN" start="2025-08-02T21:42:35.780373" elapsed="0.000010"/>
</kw>
<kw name="Set To Dictionary" owner="Collections">
<arg>${DATOS_OPTION_UPDATE}</arg>
<arg>question=${question_id}</arg>
<doc>Adds the given ``key_value_pairs`` and/or ``items`` to the ``dictionary``.</doc>
<status status="NOT RUN" start="2025-08-02T21:42:35.780433" elapsed="0.000011"/>
</kw>
<kw name="Obtener Options" owner="keywords_api_surveys">
<var>${response}</var>
<arg>${SESION_SURVEYS}</arg>
<doc>Obtiene todas las opciones</doc>
<status status="NOT RUN" start="2025-08-02T21:42:35.780517" elapsed="0.000013"/>
</kw>
<kw name="Validar Respuesta" owner="keywords_api_surveys">
<arg>${response}</arg>
<arg>200</arg>
<doc>Valida que el código de estado de la respuesta sea el esperado</doc>
<status status="NOT RUN" start="2025-08-02T21:42:35.780597" elapsed="0.000013"/>
</kw>
<kw name="Crear Option" owner="keywords_api_surveys">
<var>${response}</var>
<arg>${SESION_SURVEYS}</arg>
<arg>&amp;{DATOS_OPTION_SI}</arg>
<doc>Crea una nueva opción</doc>
<status status="NOT RUN" start="2025-08-02T21:42:35.780681" elapsed="0.000013"/>
</kw>
<kw name="Validar Respuesta" owner="keywords_api_surveys">
<arg>${response}</arg>
<arg>201</arg>
<doc>Valida que el código de estado de la respuesta sea el esperado</doc>
<status status="NOT RUN" start="2025-08-02T21:42:35.780761" elapsed="0.000013"/>
</kw>
<kw name="Get From Dictionary" owner="Collections">
<var>${option_id}</var>
<arg>${response.json()}</arg>
<arg>id</arg>
<doc>Returns a value from the given ``dictionary`` based on the given ``key``.</doc>
<status status="NOT RUN" start="2025-08-02T21:42:35.780826" elapsed="0.000011"/>
</kw>
<kw name="Obtener Option Por ID" owner="keywords_api_surveys">
<var>${response}</var>
<arg>${SESION_SURVEYS}</arg>
<arg>${option_id}</arg>
<doc>Obtiene una opción específica por ID</doc>
<status status="NOT RUN" start="2025-08-02T21:42:35.780910" elapsed="0.000013"/>
</kw>
<kw name="Validar Respuesta" owner="keywords_api_surveys">
<arg>${response}</arg>
<arg>200</arg>
<doc>Valida que el código de estado de la respuesta sea el esperado</doc>
<status status="NOT RUN" start="2025-08-02T21:42:35.780991" elapsed="0.000013"/>
</kw>
<kw name="Actualizar Option" owner="keywords_api_surveys">
<var>${response}</var>
<arg>${SESION_SURVEYS}</arg>
<arg>${option_id}</arg>
<arg>&amp;{DATOS_OPTION_UPDATE}</arg>
<doc>Actualiza una opción existente</doc>
<status status="NOT RUN" start="2025-08-02T21:42:35.781074" elapsed="0.000013"/>
</kw>
<kw name="Validar Respuesta" owner="keywords_api_surveys">
<arg>${response}</arg>
<arg>200</arg>
<doc>Valida que el código de estado de la respuesta sea el esperado</doc>
<status status="NOT RUN" start="2025-08-02T21:42:35.781157" elapsed="0.000013"/>
</kw>
<kw name="Eliminar Option" owner="keywords_api_surveys">
<var>${response}</var>
<arg>${SESION_SURVEYS}</arg>
<arg>${option_id}</arg>
<doc>Elimina una opción</doc>
<status status="NOT RUN" start="2025-08-02T21:42:35.781241" elapsed="0.000014"/>
</kw>
<kw name="Validar Respuesta" owner="keywords_api_surveys">
<arg>${response}</arg>
<arg>204</arg>
<doc>Valida que el código de estado de la respuesta sea el esperado</doc>
<status status="NOT RUN" start="2025-08-02T21:42:35.781322" elapsed="0.000012"/>
</kw>
<kw name="Eliminar Question" owner="keywords_api_surveys">
<var>${response}</var>
<arg>${SESION_SURVEYS}</arg>
<arg>${question_id}</arg>
<doc>Elimina una pregunta</doc>
<status status="NOT RUN" start="2025-08-02T21:42:35.781403" elapsed="0.000012"/>
</kw>
<kw name="Validar Respuesta" owner="keywords_api_surveys">
<arg>${response}</arg>
<arg>204</arg>
<doc>Valida que el código de estado de la respuesta sea el esperado</doc>
<status status="NOT RUN" start="2025-08-02T21:42:35.781480" elapsed="0.000013"/>
</kw>
<kw name="Eliminar Survey" owner="keywords_api_surveys">
<var>${response}</var>
<arg>${SESION_SURVEYS}</arg>
<arg>${survey_id}</arg>
<doc>Elimina una encuesta</doc>
<status status="NOT RUN" start="2025-08-02T21:42:35.781573" elapsed="0.000015"/>
</kw>
<kw name="Validar Respuesta" owner="keywords_api_surveys">
<arg>${response}</arg>
<arg>204</arg>
<doc>Valida que el código de estado de la respuesta sea el esperado</doc>
<status status="NOT RUN" start="2025-08-02T21:42:35.781657" elapsed="0.000013"/>
</kw>
<kw name="Log" owner="BuiltIn">
<arg>Test Options exitoso en intento ${i + 1}</arg>
<doc>Logs the given message with the given level.</doc>
<status status="NOT RUN" start="2025-08-02T21:42:35.781724" elapsed="0.000012"/>
</kw>
<break>
<status status="NOT RUN" start="2025-08-02T21:42:35.781763" elapsed="0.000013"/>
</break>
<status status="FAIL" start="2025-08-02T21:42:35.779558" elapsed="0.002249">Keyword 'keywords_api_surveys.Crear Survey' expected 2 arguments, got 1.</status>
</branch>
<branch type="EXCEPT">
<kw name="Log" owner="BuiltIn">
<msg time="2025-08-02T21:42:35.782226" level="INFO">Error en test Options en intento 3</msg>
<arg>Error en test Options en intento ${i + 1}</arg>
<doc>Logs the given message with the given level.</doc>
<status status="PASS" start="2025-08-02T21:42:35.781886" elapsed="0.000374"/>
</kw>
<kw name="Evaluate" owner="BuiltIn">
<msg time="2025-08-02T21:42:35.782502" level="INFO">${es_ultimo} = True</msg>
<var>${es_ultimo}</var>
<arg>${i} == ${CONTEO} - 1</arg>
<doc>Evaluates the given expression in Python and returns the result.</doc>
<status status="PASS" start="2025-08-02T21:42:35.782325" elapsed="0.000195"/>
</kw>
<kw name="Run Keyword If" owner="BuiltIn">
<kw name="Fail" owner="BuiltIn">
<msg time="2025-08-02T21:42:35.782793" level="FAIL">Todos los intentos de test Options fallaron</msg>
<arg>Todos los intentos de test Options fallaron</arg>
<doc>Fails the test with the given message and optionally alters its tags.</doc>
<status status="FAIL" start="2025-08-02T21:42:35.782696" elapsed="0.000148">Todos los intentos de test Options fallaron</status>
</kw>
<arg>${es_ultimo}</arg>
<arg>Fail</arg>
<arg>Todos los intentos de test Options fallaron</arg>
<doc>Runs the given keyword with the given arguments, if ``condition`` is true.</doc>
<status status="FAIL" start="2025-08-02T21:42:35.782592" elapsed="0.000286">Todos los intentos de test Options fallaron</status>
</kw>
<status status="FAIL" start="2025-08-02T21:42:35.781839" elapsed="0.001076">Todos los intentos de test Options fallaron</status>
</branch>
<status status="FAIL" start="2025-08-02T21:42:35.779532" elapsed="0.003409">Todos los intentos de test Options fallaron</status>
</try>
<var name="${i}">2</var>
<status status="FAIL" start="2025-08-02T21:42:35.779511" elapsed="0.003465">Todos los intentos de test Options fallaron</status>
</iter>
<var>${i}</var>
<value>${CONTEO}</value>
<status status="FAIL" start="2025-08-02T21:42:35.771844" elapsed="0.011166">Todos los intentos de test Options fallaron</status>
</for>
<doc>Verificar todas las operaciones CRUD en el endpoint /options/</doc>
<status status="FAIL" start="2025-08-02T21:42:35.771203" elapsed="0.012022">Todos los intentos de test Options fallaron</status>
</test>
<test id="s1-s1-t4" name="Test Endpoint /Answers/" line="182">
<kw name="Create Session" owner="RequestsLibrary">
<msg time="2025-08-02T21:42:35.784021" level="INFO">Creating Session using : alias=surveys_session, url=http://localhost:8000/api, headers={},                     cookies={}, auth=None, timeout=None, proxies=None, verify=False,                     debug=0 </msg>
<arg>${SESION_SURVEYS}</arg>
<arg>${URL_SURVEYS}</arg>
<doc>Create Session: create a HTTP session to a server</doc>
<status status="PASS" start="2025-08-02T21:42:35.783916" elapsed="0.000216"/>
</kw>
<kw name="Create Session" owner="RequestsLibrary">
<msg time="2025-08-02T21:42:35.784358" level="INFO">Creating Session using : alias=answers_session, url=http://localhost:8001/api, headers={},                     cookies={}, auth=None, timeout=None, proxies=None, verify=False,                     debug=0 </msg>
<arg>${SESION_ANSWERS}</arg>
<arg>${URL_ANSWERS}</arg>
<doc>Create Session: create a HTTP session to a server</doc>
<status status="PASS" start="2025-08-02T21:42:35.784264" elapsed="0.000173"/>
</kw>
<for flavor="IN RANGE">
<iter>
<try>
<branch type="TRY">
<kw name="Crear Survey" owner="keywords_api_surveys">
<msg time="2025-08-02T21:42:35.784979" level="FAIL">Keyword 'keywords_api_surveys.Crear Survey' expected 2 arguments, got 1.</msg>
<var>${response}</var>
<arg>${SESION_SURVEYS}</arg>
<arg>&amp;{DATOS_SURVEY}</arg>
<doc>Crea una nueva encuesta</doc>
<status status="FAIL" start="2025-08-02T21:42:35.784865" elapsed="0.000137">Keyword 'keywords_api_surveys.Crear Survey' expected 2 arguments, got 1.</status>
</kw>
<kw name="Validar Respuesta" owner="keywords_api_surveys">
<arg>${response}</arg>
<arg>201</arg>
<doc>Valida que el código de estado de la respuesta sea el esperado</doc>
<status status="NOT RUN" start="2025-08-02T21:42:35.785095" elapsed="0.000015"/>
</kw>
<kw name="Get From Dictionary" owner="Collections">
<var>${survey_id}</var>
<arg>${response.json()}</arg>
<arg>id</arg>
<doc>Returns a value from the given ``dictionary`` based on the given ``key``.</doc>
<status status="NOT RUN" start="2025-08-02T21:42:35.785172" elapsed="0.000012"/>
</kw>
<kw name="Set To Dictionary" owner="Collections">
<arg>${DATOS_QUESTION}</arg>
<arg>survey=${survey_id}</arg>
<doc>Adds the given ``key_value_pairs`` and/or ``items`` to the ``dictionary``.</doc>
<status status="NOT RUN" start="2025-08-02T21:42:35.785240" elapsed="0.000011"/>
</kw>
<kw name="Crear Question" owner="keywords_api_surveys">
<var>${response}</var>
<arg>${SESION_SURVEYS}</arg>
<arg>&amp;{DATOS_QUESTION}</arg>
<doc>Crea una nueva pregunta</doc>
<status status="NOT RUN" start="2025-08-02T21:42:35.785328" elapsed="0.000014"/>
</kw>
<kw name="Validar Respuesta" owner="keywords_api_surveys">
<arg>${response}</arg>
<arg>201</arg>
<doc>Valida que el código de estado de la respuesta sea el esperado</doc>
<status status="NOT RUN" start="2025-08-02T21:42:35.785463" elapsed="0.000013"/>
</kw>
<kw name="Get From Dictionary" owner="Collections">
<var>${question_id}</var>
<arg>${response.json()}</arg>
<arg>id</arg>
<doc>Returns a value from the given ``dictionary`` based on the given ``key``.</doc>
<status status="NOT RUN" start="2025-08-02T21:42:35.785533" elapsed="0.000011"/>
</kw>
<kw name="Set To Dictionary" owner="Collections">
<arg>${DATOS_OPTION_SI}</arg>
<arg>question=${question_id}</arg>
<doc>Adds the given ``key_value_pairs`` and/or ``items`` to the ``dictionary``.</doc>
<status status="NOT RUN" start="2025-08-02T21:42:35.785597" elapsed="0.000011"/>
</kw>
<kw name="Crear Option" owner="keywords_api_surveys">
<var>${response}</var>
<arg>${SESION_SURVEYS}</arg>
<arg>&amp;{DATOS_OPTION_SI}</arg>
<doc>Crea una nueva opción</doc>
<status status="NOT RUN" start="2025-08-02T21:42:35.785680" elapsed="0.000013"/>
</kw>
<kw name="Validar Respuesta" owner="keywords_api_surveys">
<arg>${response}</arg>
<arg>201</arg>
<doc>Valida que el código de estado de la respuesta sea el esperado</doc>
<status status="NOT RUN" start="2025-08-02T21:42:35.785765" elapsed="0.000013"/>
</kw>
<kw name="Get From Dictionary" owner="Collections">
<var>${option_id}</var>
<arg>${response.json()}</arg>
<arg>id</arg>
<doc>Returns a value from the given ``dictionary`` based on the given ``key``.</doc>
<status status="NOT RUN" start="2025-08-02T21:42:35.785837" elapsed="0.000011"/>
</kw>
<kw name="Set To Dictionary" owner="Collections">
<arg>${DATOS_ANSWER_CERRADA}</arg>
<arg>id_question=${question_id}</arg>
<arg>id_option=${option_id}</arg>
<doc>Adds the given ``key_value_pairs`` and/or ``items`` to the ``dictionary``.</doc>
<status status="NOT RUN" start="2025-08-02T21:42:35.785903" elapsed="0.000011"/>
</kw>
<kw name="Crear Answer" owner="keywords_api_surveys">
<var>${response}</var>
<arg>${SESION_ANSWERS}</arg>
<arg>&amp;{DATOS_ANSWER_CERRADA}</arg>
<doc>Crea una nueva respuesta</doc>
<status status="NOT RUN" start="2025-08-02T21:42:35.785990" elapsed="0.000013"/>
</kw>
<kw name="Validar Respuesta" owner="keywords_api_surveys">
<arg>${response}</arg>
<arg>201</arg>
<doc>Valida que el código de estado de la respuesta sea el esperado</doc>
<status status="NOT RUN" start="2025-08-02T21:42:35.786073" elapsed="0.000013"/>
</kw>
<kw name="Eliminar Option" owner="keywords_api_surveys">
<var>${response}</var>
<arg>${SESION_SURVEYS}</arg>
<arg>${option_id}</arg>
<doc>Elimina una opción</doc>
<status status="NOT RUN" start="2025-08-02T21:42:35.786157" elapsed="0.000013"/>
</kw>
<kw name="Validar Respuesta" owner="keywords_api_surveys">
<arg>${response}</arg>
<arg>204</arg>
<doc>Valida que el código de estado de la respuesta sea el esperado</doc>
<status status="NOT RUN" start="2025-08-02T21:42:35.786251" elapsed="0.000014"/>
</kw>
<kw name="Eliminar Question" owner="keywords_api_surveys">
<var>${response}</var>
<arg>${SESION_SURVEYS}</arg>
<arg>${question_id}</arg>
<doc>Elimina una pregunta</doc>
<status status="NOT RUN" start="2025-08-02T21:42:35.786340" elapsed="0.000013"/>
</kw>
<kw name="Validar Respuesta" owner="keywords_api_surveys">
<arg>${response}</arg>
<arg>204</arg>
<doc>Valida que el código de estado de la respuesta sea el esperado</doc>
<status status="NOT RUN" start="2025-08-02T21:42:35.786423" elapsed="0.000012"/>
</kw>
<kw name="Eliminar Survey" owner="keywords_api_surveys">
<var>${response}</var>
<arg>${SESION_SURVEYS}</arg>
<arg>${survey_id}</arg>
<doc>Elimina una encuesta</doc>
<status status="NOT RUN" start="2025-08-02T21:42:35.786505" elapsed="0.000013"/>
</kw>
<kw name="Validar Respuesta" owner="keywords_api_surveys">
<arg>${response}</arg>
<arg>204</arg>
<doc>Valida que el código de estado de la respuesta sea el esperado</doc>
<status status="NOT RUN" start="2025-08-02T21:42:35.786588" elapsed="0.000012"/>
</kw>
<kw name="Log" owner="BuiltIn">
<arg>Test Answers exitoso en intento ${i + 1}</arg>
<doc>Logs the given message with the given level.</doc>
<status status="NOT RUN" start="2025-08-02T21:42:35.786660" elapsed="0.000012"/>
</kw>
<break>
<status status="NOT RUN" start="2025-08-02T21:42:35.786699" elapsed="0.000013"/>
</break>
<status status="FAIL" start="2025-08-02T21:42:35.784785" elapsed="0.001959">Keyword 'keywords_api_surveys.Crear Survey' expected 2 arguments, got 1.</status>
</branch>
<branch type="EXCEPT">
<kw name="Log" owner="BuiltIn">
<msg time="2025-08-02T21:42:35.787187" level="INFO">Error en test Answers en intento 1</msg>
<arg>Error en test Answers en intento ${i + 1}</arg>
<doc>Logs the given message with the given level.</doc>
<status status="PASS" start="2025-08-02T21:42:35.786829" elapsed="0.000394"/>
</kw>
<kw name="Evaluate" owner="BuiltIn">
<msg time="2025-08-02T21:42:35.787471" level="INFO">${es_ultimo} = False</msg>
<var>${es_ultimo}</var>
<arg>${i} == ${CONTEO} - 1</arg>
<doc>Evaluates the given expression in Python and returns the result.</doc>
[...]
</kw>
<kw name="Get From Dictionary" owner="Collections">
<var>${survey_id}</var>
<arg>${response.json()}</arg>
<arg>id</arg>
<doc>Returns a value from the given ``dictionary`` based on the given ``key``.</doc>
<status status="NOT RUN" start="2025-08-02T21:42:35.824775" elapsed="0.000011"/>
</kw>
<kw name="Set To Dictionary" owner="Collections">
<arg>${DATOS_QUESTION}</arg>
<arg>survey=${survey_id}</arg>
<doc>Adds the given ``key_value_pairs`` and/or ``items`` to the ``dictionary``.</doc>
<status status="NOT RUN" start="2025-08-02T21:42:35.824842" elapsed="0.000010"/>
</kw>
<kw name="Crear Question" owner="keywords_api_surveys">
<var>${response}</var>
<arg>${SESION_SURVEYS}</arg>
<arg>&amp;{DATOS_QUESTION}</arg>
<doc>Crea una nueva pregunta</doc>
<status status="NOT RUN" start="2025-08-02T21:42:35.824931" elapsed="0.000013"/>
</kw>
<kw name="Validar Respuesta" owner="keywords_api_surveys">
<arg>${response}</arg>
<arg>201</arg>
<doc>Valida que el código de estado de la respuesta sea el esperado</doc>
<status status="NOT RUN" start="2025-08-02T21:42:35.825017" elapsed="0.000013"/>
</kw>
<kw name="Get From Dictionary" owner="Collections">
<var>${question_id}</var>
<arg>${response.json()}</arg>
<arg>id</arg>
<doc>Returns a value from the given ``dictionary`` based on the given ``key``.</doc>
<status status="NOT RUN" start="2025-08-02T21:42:35.825096" elapsed="0.000017"/>
</kw>
<kw name="Set To Dictionary" owner="Collections">
<arg>${DATOS_OPTION_SI}</arg>
<arg>question=${question_id}</arg>
<doc>Adds the given ``key_value_pairs`` and/or ``items`` to the ``dictionary``.</doc>
<status status="NOT RUN" start="2025-08-02T21:42:35.825193" elapsed="0.000016"/>
</kw>
<kw name="Crear Option" owner="keywords_api_surveys">
<var>${response}</var>
<arg>${SESION_SURVEYS}</arg>
<arg>&amp;{DATOS_OPTION_SI}</arg>
<doc>Crea una nueva opción</doc>
<status status="NOT RUN" start="2025-08-02T21:42:35.825335" elapsed="0.000025"/>
</kw>
<kw name="Validar Respuesta" owner="keywords_api_surveys">
<arg>${response}</arg>
<arg>201</arg>
<doc>Valida que el código de estado de la respuesta sea el esperado</doc>
<status status="NOT RUN" start="2025-08-02T21:42:35.825485" elapsed="0.000017"/>
</kw>
<kw name="Get From Dictionary" owner="Collections">
<var>${option_id}</var>
<arg>${response.json()}</arg>
<arg>id</arg>
<doc>Returns a value from the given ``dictionary`` based on the given ``key``.</doc>
<status status="NOT RUN" start="2025-08-02T21:42:35.825564" elapsed="0.000011"/>
</kw>
<kw name="Set To Dictionary" owner="Collections">
<arg>${DATOS_ANSWER_CERRADA}</arg>
<arg>id_question=${question_id}</arg>
<arg>id_option=${option_id}</arg>
<doc>Adds the given ``key_value_pairs`` and/or ``items`` to the ``dictionary``.</doc>
<status status="NOT RUN" start="2025-08-02T21:42:35.825627" elapsed="0.000011"/>
</kw>
<kw name="Crear Answer" owner="keywords_api_surveys">
<var>${response}</var>
<arg>${SESION_ANSWERS}</arg>
<arg>&amp;{DATOS_ANSWER_CERRADA}</arg>
<doc>Crea una nueva respuesta</doc>
<status status="NOT RUN" start="2025-08-02T21:42:35.825715" elapsed="0.000014"/>
</kw>
<kw name="Validar Respuesta" owner="keywords_api_surveys">
<arg>${response}</arg>
<arg>201</arg>
<doc>Valida que el código de estado de la respuesta sea el esperado</doc>
<status status="NOT RUN" start="2025-08-02T21:42:35.825798" elapsed="0.000013"/>
</kw>
<kw name="Exportar Survey a CSV" owner="keywords_faas">
<var>${response}</var>
<arg>${SESION_FAAS}</arg>
<arg>${survey_id}</arg>
<doc>Exporta una encuesta a formato CSV</doc>
<status status="NOT RUN" start="2025-08-02T21:42:35.825884" elapsed="0.000013"/>
</kw>
<kw name="Validar Respuesta" owner="keywords_api_surveys">
<arg>${response}</arg>
<arg>200</arg>
<doc>Valida que el código de estado de la respuesta sea el esperado</doc>
<status status="NOT RUN" start="2025-08-02T21:42:35.825965" elapsed="0.000013"/>
</kw>
<kw name="Verificar Estado Exportacion" owner="keywords_faas">
<var>${response}</var>
<arg>${SESION_FAAS}</arg>
<arg>${survey_id}</arg>
<doc>Verifica el estado de una exportación CSV</doc>
<status status="NOT RUN" start="2025-08-02T21:42:35.826050" elapsed="0.000013"/>
</kw>
<kw name="Validar Respuesta" owner="keywords_api_surveys">
<arg>${response}</arg>
<arg>200</arg>
<doc>Valida que el código de estado de la respuesta sea el esperado</doc>
<status status="NOT RUN" start="2025-08-02T21:42:35.826129" elapsed="0.000024"/>
</kw>
<kw name="Eliminar Option" owner="keywords_api_surveys">
<var>${response}</var>
<arg>${SESION_SURVEYS}</arg>
<arg>${option_id}</arg>
<doc>Elimina una opción</doc>
<status status="NOT RUN" start="2025-08-02T21:42:35.826227" elapsed="0.000013"/>
</kw>
<kw name="Validar Respuesta" owner="keywords_api_surveys">
<arg>${response}</arg>
<arg>204</arg>
<doc>Valida que el código de estado de la respuesta sea el esperado</doc>
<status status="NOT RUN" start="2025-08-02T21:42:35.826310" elapsed="0.000012"/>
</kw>
<kw name="Eliminar Question" owner="keywords_api_surveys">
<var>${response}</var>
<arg>${SESION_SURVEYS}</arg>
<arg>${question_id}</arg>
<doc>Elimina una pregunta</doc>
<status status="NOT RUN" start="2025-08-02T21:42:35.826391" elapsed="0.000013"/>
</kw>
<kw name="Validar Respuesta" owner="keywords_api_surveys">
<arg>${response}</arg>
<arg>204</arg>
<doc>Valida que el código de estado de la respuesta sea el esperado</doc>
<status status="NOT RUN" start="2025-08-02T21:42:35.826470" elapsed="0.000012"/>
</kw>
<kw name="Eliminar Survey" owner="keywords_api_surveys">
<var>${response}</var>
<arg>${SESION_SURVEYS}</arg>
<arg>${survey_id}</arg>
<doc>Elimina una encuesta</doc>
<status status="NOT RUN" start="2025-08-02T21:42:35.826551" elapsed="0.000013"/>
</kw>
<kw name="Validar Respuesta" owner="keywords_api_surveys">
<arg>${response}</arg>
<arg>204</arg>
<doc>Valida que el código de estado de la respuesta sea el esperado</doc>
<status status="NOT RUN" start="2025-08-02T21:42:35.826630" elapsed="0.000012"/>
</kw>
<kw name="Log" owner="BuiltIn">
<arg>Test FaaS exitoso en intento ${i + 1}</arg>
<doc>Logs the given message with the given level.</doc>
<status status="NOT RUN" start="2025-08-02T21:42:35.826696" elapsed="0.000012"/>
</kw>
<break>
<status status="NOT RUN" start="2025-08-02T21:42:35.826779" elapsed="0.000015"/>
</break>
<status status="FAIL" start="2025-08-02T21:42:35.819849" elapsed="0.006980">Keyword 'keywords_api_surveys.Crear Survey' expected 2 arguments, got 1.</status>
</branch>
<branch type="EXCEPT">
<kw name="Log" owner="BuiltIn">
<msg time="2025-08-02T21:42:35.827229" level="INFO">Error en test FaaS en intento 2</msg>
<arg>Error en test FaaS en intento ${i + 1}</arg>
<doc>Logs the given message with the given level.</doc>
<status status="PASS" start="2025-08-02T21:42:35.826916" elapsed="0.000345"/>
</kw>
<kw name="Evaluate" owner="BuiltIn">
<msg time="2025-08-02T21:42:35.827520" level="INFO">${es_ultimo} = False</msg>
<var>${es_ultimo}</var>
<arg>${i} == ${CONTEO} - 1</arg>
<doc>Evaluates the given expression in Python and returns the result.</doc>
<status status="PASS" start="2025-08-02T21:42:35.827332" elapsed="0.000206"/>
</kw>
<kw name="Run Keyword If" owner="BuiltIn">
<arg>${es_ultimo}</arg>
<arg>Fail</arg>
<arg>Todos los intentos de test FaaS fallaron</arg>
<doc>Runs the given keyword with the given arguments, if ``condition`` is true.</doc>
<status status="PASS" start="2025-08-02T21:42:35.827610" elapsed="0.000069"/>
</kw>
<status status="PASS" start="2025-08-02T21:42:35.826864" elapsed="0.000842"/>
</branch>
<status status="PASS" start="2025-08-02T21:42:35.819833" elapsed="0.007895"/>
</try>
<var name="${i}">1</var>
<status status="PASS" start="2025-08-02T21:42:35.819812" elapsed="0.007934"/>
</iter>
<iter>
<try>
<branch type="TRY">
<kw name="Health Check FaaS" owner="keywords_faas">
<kw name="GET On Session" owner="RequestsLibrary">
<msg time="2025-08-02T21:42:35.830467" level="INFO">GET Request : url=http://localhost:8003/ 
 path_url=/ 
 headers={'User-Agent': 'python-requests/2.32.4', 'Accept-Encoding': 'gzip, deflate', 'Accept': '*/*', 'Connection': 'keep-alive'} 
 body=None 
 </msg>
<msg time="2025-08-02T21:42:35.830511" level="INFO">GET Response : url=http://localhost:8003/ 
 status=200, reason=OK 
 headers={'date': 'Sun, 03 Aug 2025 02:42:35 GMT', 'server': 'uvicorn', 'content-length': '44', 'content-type': 'application/json'} 
 body={"status":"healthy","service":"ExportCsvFn"} 
 </msg>
<msg time="2025-08-02T21:42:35.830580" level="INFO">${response} = &lt;Response [200]&gt;</msg>
<var>${response}</var>
<arg>${session}</arg>
<arg>/</arg>
<doc>Sends a GET request on a previously created HTTP Session.</doc>
<status status="PASS" start="2025-08-02T21:42:35.828221" elapsed="0.002377"/>
</kw>
<return>
<value>${response}</value>
<status status="PASS" start="2025-08-02T21:42:35.830642" elapsed="0.000027"/>
</return>
<msg time="2025-08-02T21:42:35.830754" level="INFO">${response} = &lt;Response [200]&gt;</msg>
<var>${response}</var>
<arg>${SESION_FAAS}</arg>
<doc>Verifica que el servicio FaaS esté funcionando</doc>
<status status="PASS" start="2025-08-02T21:42:35.828047" elapsed="0.002724"/>
</kw>
<kw name="Validar Respuesta" owner="keywords_api_surveys">
<kw name="Should Be Equal As Strings" owner="BuiltIn">
<msg time="2025-08-02T21:42:35.831448" level="INFO">Argument types are:
&lt;class 'int'&gt;
&lt;class 'str'&gt;</msg>
<arg>${response.status_code}</arg>
<arg>${expected_status_code}</arg>
<doc>Fails if objects are unequal after converting them to strings.</doc>
<status status="PASS" start="2025-08-02T21:42:35.831077" elapsed="0.000408"/>
</kw>
<kw name="Log" owner="BuiltIn">
<msg time="2025-08-02T21:42:35.831854" level="INFO">Validación de respuesta exitosa: 200</msg>
<arg>Validación de respuesta exitosa: ${response.status_code}</arg>
<doc>Logs the given message with the given level.</doc>
<status status="PASS" start="2025-08-02T21:42:35.831555" elapsed="0.000329"/>
</kw>
<arg>${response}</arg>
<arg>200</arg>
<doc>Valida que el código de estado de la respuesta sea el esperado</doc>
<status status="PASS" start="2025-08-02T21:42:35.830881" elapsed="0.001078"/>
</kw>
<kw name="Crear Survey" owner="keywords_api_surveys">
<msg time="2025-08-02T21:42:35.832180" level="FAIL">Keyword 'keywords_api_surveys.Crear Survey' expected 2 arguments, got 1.</msg>
<var>${response}</var>
<arg>${SESION_SURVEYS}</arg>
<arg>&amp;{DATOS_SURVEY}</arg>
<doc>Crea una nueva encuesta</doc>
<status status="FAIL" start="2025-08-02T21:42:35.832056" elapsed="0.000148">Keyword 'keywords_api_surveys.Crear Survey' expected 2 arguments, got 1.</status>
</kw>
<kw name="Validar Respuesta" owner="keywords_api_surveys">
<arg>${response}</arg>
<arg>201</arg>
<doc>Valida que el código de estado de la respuesta sea el esperado</doc>
<status status="NOT RUN" start="2025-08-02T21:42:35.832295" elapsed="0.000015"/>
</kw>
<kw name="Get From Dictionary" owner="Collections">
<var>${survey_id}</var>
<arg>${response.json()}</arg>
<arg>id</arg>
<doc>Returns a value from the given ``dictionary`` based on the given ``key``.</doc>
<status status="NOT RUN" start="2025-08-02T21:42:35.832376" elapsed="0.000013"/>
</kw>
<kw name="Set To Dictionary" owner="Collections">
<arg>${DATOS_QUESTION}</arg>
<arg>survey=${survey_id}</arg>
<doc>Adds the given ``key_value_pairs`` and/or ``items`` to the ``dictionary``.</doc>
<status status="NOT RUN" start="2025-08-02T21:42:35.832444" elapsed="0.000011"/>
</kw>
<kw name="Crear Question" owner="keywords_api_surveys">
<var>${response}</var>
<arg>${SESION_SURVEYS}</arg>
<arg>&amp;{DATOS_QUESTION}</arg>
<doc>Crea una nueva pregunta</doc>
<status status="NOT RUN" start="2025-08-02T21:42:35.832532" elapsed="0.000013"/>
</kw>
<kw name="Validar Respuesta" owner="keywords_api_surveys">
<arg>${response}</arg>
<arg>201</arg>
<doc>Valida que el código de estado de la respuesta sea el esperado</doc>
<status status="NOT RUN" start="2025-08-02T21:42:35.832620" elapsed="0.000013"/>
</kw>
<kw name="Get From Dictionary" owner="Collections">
<var>${question_id}</var>
<arg>${response.json()}</arg>
<arg>id</arg>
<doc>Returns a value from the given ``dictionary`` based on the given ``key``.</doc>
<status status="NOT RUN" start="2025-08-02T21:42:35.832688" elapsed="0.000012"/>
</kw>
<kw name="Set To Dictionary" owner="Collections">
<arg>${DATOS_OPTION_SI}</arg>
<arg>question=${question_id}</arg>
<doc>Adds the given ``key_value_pairs`` and/or ``items`` to the ``dictionary``.</doc>
<status status="NOT RUN" start="2025-08-02T21:42:35.832751" elapsed="0.000011"/>
</kw>
<kw name="Crear Option" owner="keywords_api_surveys">
<var>${response}</var>
<arg>${SESION_SURVEYS}</arg>
<arg>&amp;{DATOS_OPTION_SI}</arg>
<doc>Crea una nueva opción</doc>
<status status="NOT RUN" start="2025-08-02T21:42:35.832833" elapsed="0.000014"/>
</kw>
<kw name="Validar Respuesta" owner="keywords_api_surveys">
<arg>${response}</arg>
<arg>201</arg>
<doc>Valida que el código de estado de la respuesta sea el esperado</doc>
<status status="NOT RUN" start="2025-08-02T21:42:35.832917" elapsed="0.000014"/>
</kw>
<kw name="Get From Dictionary" owner="Collections">
<var>${option_id}</var>
<arg>${response.json()}</arg>
<arg>id</arg>
<doc>Returns a value from the given ``dictionary`` based on the given ``key``.</doc>
<status status="NOT RUN" start="2025-08-02T21:42:35.832983" elapsed="0.000011"/>
</kw>
<kw name="Set To Dictionary" owner="Collections">
<arg>${DATOS_ANSWER_CERRADA}</arg>
<arg>id_question=${question_id}</arg>
<arg>id_option=${option_id}</arg>
<doc>Adds the given ``key_value_pairs`` and/or ``items`` to the ``dictionary``.</doc>
<status status="NOT RUN" start="2025-08-02T21:42:35.833045" elapsed="0.000010"/>
</kw>
<kw name="Crear Answer" owner="keywords_api_surveys">
<var>${response}</var>
<arg>${SESION_ANSWERS}</arg>
<arg>&amp;{DATOS_ANSWER_CERRADA}</arg>
<doc>Crea una nueva respuesta</doc>
<status status="NOT RUN" start="2025-08-02T21:42:35.833135" elapsed="0.000013"/>
</kw>
<kw name="Validar Respuesta" owner="keywords_api_surveys">
<arg>${response}</arg>
<arg>201</arg>
<doc>Valida que el código de estado de la respuesta sea el esperado</doc>
<status status="NOT RUN" start="2025-08-02T21:42:35.833219" elapsed="0.000015"/>
</kw>
<kw name="Exportar Survey a CSV" owner="keywords_faas">
<var>${response}</var>
<arg>${SESION_FAAS}</arg>
<arg>${survey_id}</arg>
<doc>Exporta una encuesta a formato CSV</doc>
<status status="NOT RUN" start="2025-08-02T21:42:35.833375" elapsed="0.000015"/>
</kw>
<kw name="Validar Respuesta" owner="keywords_api_surveys">
<arg>${response}</arg>
<arg>200</arg>
<doc>Valida que el código de estado de la respuesta sea el esperado</doc>
<status status="NOT RUN" start="2025-08-02T21:42:35.833462" elapsed="0.000013"/>
</kw>
<kw name="Verificar Estado Exportacion" owner="keywords_faas">
<var>${response}</var>
<arg>${SESION_FAAS}</arg>
<arg>${survey_id}</arg>
<doc>Verifica el estado de una exportación CSV</doc>
<status status="NOT RUN" start="2025-08-02T21:42:35.833549" elapsed="0.000013"/>
</kw>
<kw name="Validar Respuesta" owner="keywords_api_surveys">
<arg>${response}</arg>
<arg>200</arg>
<doc>Valida que el código de estado de la respuesta sea el esperado</doc>
<status status="NOT RUN" start="2025-08-02T21:42:35.833630" elapsed="0.000013"/>
</kw>
<kw name="Eliminar Option" owner="keywords_api_surveys">
<var>${response}</var>
<arg>${SESION_SURVEYS}</arg>
<arg>${option_id}</arg>
<doc>Elimina una opción</doc>
<status status="NOT RUN" start="2025-08-02T21:42:35.833714" elapsed="0.000013"/>
</kw>
<kw name="Validar Respuesta" owner="keywords_api_surveys">
<arg>${response}</arg>
<arg>204</arg>
<doc>Valida que el código de estado de la respuesta sea el esperado</doc>
<status status="NOT RUN" start="2025-08-02T21:42:35.834176" elapsed="0.000017"/>
</kw>
<kw name="Eliminar Question" owner="keywords_api_surveys">
<var>${response}</var>
<arg>${SESION_SURVEYS}</arg>
<arg>${question_id}</arg>
<doc>Elimina una pregunta</doc>
<status status="NOT RUN" start="2025-08-02T21:42:35.834277" elapsed="0.000013"/>
</kw>
<kw name="Validar Respuesta" owner="keywords_api_surveys">
<arg>${response}</arg>
<arg>204</arg>
<doc>Valida que el código de estado de la respuesta sea el esperado</doc>
<status status="NOT RUN" start="2025-08-02T21:42:35.834364" elapsed="0.000013"/>
</kw>
<kw name="Eliminar Survey" owner="keywords_api_surveys">
<var>${response}</var>
<arg>${SESION_SURVEYS}</arg>
<arg>${survey_id}</arg>
<doc>Elimina una encuesta</doc>
<status status="NOT RUN" start="2025-08-02T21:42:35.834450" elapsed="0.000013"/>
</kw>
<kw name="Validar Respuesta" owner="keywords_api_surveys">
<arg>${response}</arg>
<arg>204</arg>
<doc>Valida que el código de estado de la respuesta sea el esperado</doc>
<status status="NOT RUN" start="2025-08-02T21:42:35.834531" elapsed="0.000013"/>
</kw>
<kw name="Log" owner="BuiltIn">
<arg>Test FaaS exitoso en intento ${i + 1}</arg>
<doc>Logs the given message with the given level.</doc>
<status status="NOT RUN" start="2025-08-02T21:42:35.834600" elapsed="0.000012"/>
</kw>
<break>
<status status="NOT RUN" start="2025-08-02T21:42:35.834640" elapsed="0.000013"/>
</break>
<status status="FAIL" start="2025-08-02T21:42:35.827971" elapsed="0.006716">Keyword 'keywords_api_surveys.Crear Survey' expected 2 arguments, got 1.</status>
</branch>
<branch type="EXCEPT">
<kw name="Log" owner="BuiltIn">
<msg time="2025-08-02T21:42:35.835073" level="INFO">Error en test FaaS en intento 3</msg>
<arg>Error en test FaaS en intento ${i + 1}</arg>
<doc>Logs the given message with the given level.</doc>
<status status="PASS" start="2025-08-02T21:42:35.834772" elapsed="0.000332"/>
</kw>
<kw name="Evaluate" owner="BuiltIn">
<msg time="2025-08-02T21:42:35.835363" level="INFO">${es_ultimo} = True</msg>
<var>${es_ultimo}</var>
<arg>${i} == ${CONTEO} - 1</arg>
<doc>Evaluates the given expression in Python and returns the result.</doc>
<status status="PASS" start="2025-08-02T21:42:35.835179" elapsed="0.000202"/>
</kw>
<kw name="Run Keyword If" owner="BuiltIn">
<kw name="Fail" owner="BuiltIn">
<msg time="2025-08-02T21:42:35.835664" level="FAIL">Todos los intentos de test FaaS fallaron</msg>
<arg>Todos los intentos de test FaaS fallaron</arg>
<doc>Fails the test with the given message and optionally alters its tags.</doc>
<status status="FAIL" start="2025-08-02T21:42:35.835561" elapsed="0.000154">Todos los intentos de test FaaS fallaron</status>
</kw>
<arg>${es_ultimo}</arg>
<arg>Fail</arg>
<arg>Todos los intentos de test FaaS fallaron</arg>
<doc>Runs the given keyword with the given arguments, if ``condition`` is true.</doc>
<status status="FAIL" start="2025-08-02T21:42:35.835453" elapsed="0.000295">Todos los intentos de test FaaS fallaron</status>
</kw>
<status status="FAIL" start="2025-08-02T21:42:35.834722" elapsed="0.001066">Todos los intentos de test FaaS fallaron</status>
</branch>
<status status="FAIL" start="2025-08-02T21:42:35.827955" elapsed="0.007865">Todos los intentos de test FaaS fallaron</status>
</try>
<var name="${i}">2</var>
<status status="FAIL" start="2025-08-02T21:42:35.827934" elapsed="0.007918">Todos los intentos de test FaaS fallaron</status>
</iter>
<var>${i}</var>
<value>${CONTEO}</value>
<status status="FAIL" start="2025-08-02T21:42:35.808788" elapsed="0.027098">Todos los intentos de test FaaS fallaron</status>
</for>
<doc>Verificar la función FaaS de exportación a CSV</doc>
<status status="FAIL" start="2025-08-02T21:42:35.807195" elapsed="0.028943">Todos los intentos de test FaaS fallaron</status>
</test>
<status status="FAIL" start="2025-08-02T21:42:35.113655" elapsed="0.723130"/>
</suite>
<status status="FAIL" start="2025-08-02T21:42:35.089192" elapsed="0.748134"/>
</suite>
<statistics>
<total>
<stat pass="0" fail="6" skip="0">All Tests</stat>
</total>
<tag>
</tag>
<suite>
<stat name="Tests" id="s1" pass="0" fail="6" skip="0">Tests</stat>
<stat name="Tests" id="s1-s1" pass="0" fail="6" skip="0">Tests.Tests</stat>
</suite>
</statistics>
<errors>
</errors>
</robot>
