<?xml version="1.0" encoding="UTF-8"?>
<robot generator="Robot 7.3.2 (Python 3.13.5 on win32)" generated="2025-08-02T22:28:14.405657" rpa="false" schemaversion="5">
<suite id="s1" name="Tests" source="C:\Users\willi\Desktop\Universidad\Octavo\Computación en la nube\Fin Ciclo\Aplicacion\Encuestas2\tests\tests.robot">
<test id="s1-t1" name="Test Endpoint /Surveys/" line="42">
<for flavor="IN RANGE">
<iter>
<try>
<branch type="TRY">
<kw name="Log" owner="BuiltIn">
<msg time="2025-08-02T22:28:15.024690" level="INFO">Intento 1 de 3 - Test Surveys</msg>
<arg>Intento ${intento} de ${MAX_REINTENTOS} - Test Surveys</arg>
<doc>Logs the given message with the given level.</doc>
<status status="PASS" start="2025-08-02T22:28:15.024502" elapsed="0.000241"/>
</kw>
<kw name="Create Session" owner="RequestsLibrary">
<msg time="2025-08-02T22:28:15.024964" level="INFO">Creating Session using : alias=surveys_session, url=http://localhost:8000/api, headers={},                     cookies={}, auth=None, timeout=None, proxies=None, verify=False,                     debug=0 </msg>
<arg>${SESION_SURVEYS}</arg>
<arg>${URL_SURVEYS}</arg>
<doc>Create Session: create a HTTP session to a server</doc>
<status status="PASS" start="2025-08-02T22:28:15.024842" elapsed="0.000271"/>
</kw>
<kw name="Obtener Surveys" owner="keywords_api_surveys">
<kw name="GET On Session" owner="RequestsLibrary">
<msg time="2025-08-02T22:28:15.052593" level="INFO">GET Request : url=http://localhost:8000/api/surveys/ 
 path_url=/api/surveys/ 
 headers={'User-Agent': 'python-requests/2.32.4', 'Accept-Encoding': 'gzip, deflate', 'Accept': '*/*', 'Connection': 'keep-alive'} 
 body=None 
 </msg>
<msg time="2025-08-02T22:28:15.052739" level="INFO">GET Response : url=http://localhost:8000/api/surveys/ 
 status=200, reason=OK 
 headers={'Date': 'Sun, 03 Aug 2025 03:28:15 GMT', 'Server': 'WSGIServer/0.2 CPython/3.11.13', 'Content-Type': 'application/json', 'Vary': 'Accept, Cookie', 'Allow': 'GET, POST, HEAD, OPTIONS', 'X-Frame-Options': 'DENY', 'Content-Length': '34', 'X-Content-Type-Options': 'nosniff', 'Referrer-Policy': 'same-origin', 'Cross-Origin-Opener-Policy': 'same-origin'} 
 body={"message":"aun no hay encuestas"} 
 </msg>
<msg time="2025-08-02T22:28:15.052887" level="INFO">${response} = &lt;Response [200]&gt;</msg>
<var>${response}</var>
<arg>${session}</arg>
<arg>/surveys/</arg>
<doc>Sends a GET request on a previously created HTTP Session.</doc>
<status status="PASS" start="2025-08-02T22:28:15.025461" elapsed="0.027457"/>
</kw>
<return>
<value>${response}</value>
<status status="PASS" start="2025-08-02T22:28:15.053001" elapsed="0.000063"/>
</return>
<msg time="2025-08-02T22:28:15.053228" level="INFO">${response} = &lt;Response [200]&gt;</msg>
<var>${response}</var>
<arg>${SESION_SURVEYS}</arg>
<doc>Obtiene todas las encuestas</doc>
<status status="PASS" start="2025-08-02T22:28:15.025264" elapsed="0.027990"/>
</kw>
<kw name="Validar Respuesta" owner="keywords_api_surveys">
<kw name="Should Be Equal As Strings" owner="BuiltIn">
<msg time="2025-08-02T22:28:15.054092" level="INFO">Argument types are:
&lt;class 'int'&gt;
&lt;class 'str'&gt;</msg>
<arg>${response.status_code}</arg>
<arg>${expected_status_code}</arg>
<doc>Fails if objects are unequal after converting them to strings.</doc>
<status status="PASS" start="2025-08-02T22:28:15.053671" elapsed="0.000469"/>
</kw>
<kw name="Log" owner="BuiltIn">
<msg time="2025-08-02T22:28:15.054588" level="INFO">Validación de respuesta exitosa: 200</msg>
<arg>Validación de respuesta exitosa: ${response.status_code}</arg>
<doc>Logs the given message with the given level.</doc>
<status status="PASS" start="2025-08-02T22:28:15.054246" elapsed="0.000378"/>
</kw>
<arg>${response}</arg>
<arg>200</arg>
<doc>Valida que el código de estado de la respuesta sea el esperado</doc>
<status status="PASS" start="2025-08-02T22:28:15.053412" elapsed="0.001257"/>
</kw>
<kw name="Crear Survey" owner="keywords_api_surveys">
<kw name="POST On Session" owner="RequestsLibrary">
<msg time="2025-08-02T22:28:15.174368" level="INFO">POST Request : url=http://localhost:8000/api/surveys/ 
 path_url=/api/surveys/ 
 headers={'User-Agent': 'python-requests/2.32.4', 'Accept-Encoding': 'gzip, deflate', 'Accept': '*/*', 'Connection': 'keep-alive', 'Content-Length': '93', 'Content-Type': 'application/json'} 
 body=b'{"name": "Encuesta Para TEST", "description": "Descripci\\u00f3n de la encuesta para pruebas"}' 
 </msg>
<msg time="2025-08-02T22:28:15.174457" level="INFO">POST Response : url=http://localhost:8000/api/surveys/ 
 status=201, reason=Created 
 headers={'Date': 'Sun, 03 Aug 2025 03:28:15 GMT', 'Server': 'WSGIServer/0.2 CPython/3.11.13', 'Content-Type': 'application/json', 'Vary': 'Accept, Cookie', 'Allow': 'GET, POST, HEAD, OPTIONS', 'X-Frame-Options': 'DENY', 'Content-Length': '151', 'X-Content-Type-Options': 'nosniff', 'Referrer-Policy': 'same-origin', 'Cross-Origin-Opener-Policy': 'same-origin'} 
 body={"id":1,"questions":[],"name":"Encuesta Para TEST","description":"Descripción de la encuesta para pruebas","created_at":"2025-08-03T03:28:15.108985Z"} 
 </msg>
<msg time="2025-08-02T22:28:15.174585" level="INFO">${response} = &lt;Response [201]&gt;</msg>
<var>${response}</var>
<arg>${session}</arg>
<arg>/surveys/</arg>
<arg>json=${survey_data}</arg>
<doc>Sends a POST request on a previously created HTTP Session.</doc>
<status status="PASS" start="2025-08-02T22:28:15.055062" elapsed="0.119550"/>
</kw>
<return>
<value>${response}</value>
<status status="PASS" start="2025-08-02T22:28:15.174679" elapsed="0.000046"/>
</return>
<msg time="2025-08-02T22:28:15.174868" level="INFO">${response} = &lt;Response [201]&gt;</msg>
<var>${response}</var>
<arg>${SESION_SURVEYS}</arg>
<arg>${DATOS_SURVEY}</arg>
<doc>Crea una nueva encuesta</doc>
<status status="PASS" start="2025-08-02T22:28:15.054797" elapsed="0.120093"/>
</kw>
<kw name="Validar Respuesta" owner="keywords_api_surveys">
<kw name="Should Be Equal As Strings" owner="BuiltIn">
<msg time="2025-08-02T22:28:15.175734" level="INFO">Argument types are:
&lt;class 'int'&gt;
&lt;class 'str'&gt;</msg>
<arg>${response.status_code}</arg>
<arg>${expected_status_code}</arg>
<doc>Fails if objects are unequal after converting them to strings.</doc>
<status status="PASS" start="2025-08-02T22:28:15.175320" elapsed="0.000460"/>
</kw>
<kw name="Log" owner="BuiltIn">
<msg time="2025-08-02T22:28:15.176225" level="INFO">Validación de respuesta exitosa: 201</msg>
<arg>Validación de respuesta exitosa: ${response.status_code}</arg>
<doc>Logs the given message with the given level.</doc>
<status status="PASS" start="2025-08-02T22:28:15.175868" elapsed="0.000391"/>
</kw>
<arg>${response}</arg>
<arg>201</arg>
<doc>Valida que el código de estado de la respuesta sea el esperado</doc>
<status status="PASS" start="2025-08-02T22:28:15.175042" elapsed="0.001260"/>
</kw>
<kw name="Get From Dictionary" owner="Collections">
<msg time="2025-08-02T22:28:15.176789" level="INFO">${survey_id} = 1</msg>
<var>${survey_id}</var>
<arg>${response.json()}</arg>
<arg>id</arg>
<doc>Returns a value from the given ``dictionary`` based on the given ``key``.</doc>
<status status="PASS" start="2025-08-02T22:28:15.176381" elapsed="0.000428"/>
</kw>
<kw name="Obtener Survey Por ID" owner="keywords_api_surveys">
<kw name="GET On Session" owner="RequestsLibrary">
<msg time="2025-08-02T22:28:15.240864" level="INFO">GET Request : url=http://localhost:8000/api/surveys/1/ 
 path_url=/api/surveys/1/ 
 headers={'User-Agent': 'python-requests/2.32.4', 'Accept-Encoding': 'gzip, deflate', 'Accept': '*/*', 'Connection': 'keep-alive'} 
 body=None 
 </msg>
<msg time="2025-08-02T22:28:15.240955" level="INFO">GET Response : url=http://localhost:8000/api/surveys/1/ 
 status=200, reason=OK 
 headers={'Date': 'Sun, 03 Aug 2025 03:28:15 GMT', 'Server': 'WSGIServer/0.2 CPython/3.11.13', 'Content-Type': 'application/json', 'Vary': 'Accept, Cookie', 'Allow': 'GET, PUT, PATCH, DELETE, HEAD, OPTIONS', 'X-Frame-Options': 'DENY', 'Content-Length': '151', 'X-Content-Type-Options': 'nosniff', 'Referrer-Policy': 'same-origin', 'Cross-Origin-Opener-Policy': 'same-origin'} 
 body={"id":1,"questions":[],"name":"Encuesta Para TEST","description":"Descripción de la encuesta para pruebas","created_at":"2025-08-03T03:28:15.108985Z"} 
 </msg>
<msg time="2025-08-02T22:28:15.241265" level="INFO">${response} = &lt;Response [200]&gt;</msg>
<var>${response}</var>
<arg>${session}</arg>
<arg>/surveys/${survey_id}/</arg>
<doc>Sends a GET request on a previously created HTTP Session.</doc>
<status status="PASS" start="2025-08-02T22:28:15.177147" elapsed="0.064150"/>
</kw>
<return>
<value>${response}</value>
<status status="PASS" start="2025-08-02T22:28:15.241380" elapsed="0.000046"/>
</return>
<msg time="2025-08-02T22:28:15.241566" level="INFO">${response} = &lt;Response [200]&gt;</msg>
<var>${response}</var>
<arg>${SESION_SURVEYS}</arg>
<arg>${survey_id}</arg>
<doc>Obtiene una encuesta específica por ID</doc>
<status status="PASS" start="2025-08-02T22:28:15.176937" elapsed="0.064654"/>
</kw>
<kw name="Validar Respuesta" owner="keywords_api_surveys">
<kw name="Should Be Equal As Strings" owner="BuiltIn">
<msg time="2025-08-02T22:28:15.242398" level="INFO">Argument types are:
&lt;class 'int'&gt;
&lt;class 'str'&gt;</msg>
<arg>${response.status_code}</arg>
<arg>${expected_status_code}</arg>
<doc>Fails if objects are unequal after converting them to strings.</doc>
<status status="PASS" start="2025-08-02T22:28:15.242009" elapsed="0.000428"/>
</kw>
<kw name="Log" owner="BuiltIn">
<msg time="2025-08-02T22:28:15.242809" level="INFO">Validación de respuesta exitosa: 200</msg>
<arg>Validación de respuesta exitosa: ${response.status_code}</arg>
<doc>Logs the given message with the given level.</doc>
<status status="PASS" start="2025-08-02T22:28:15.242509" elapsed="0.000330"/>
</kw>
<arg>${response}</arg>
<arg>200</arg>
<doc>Valida que el código de estado de la respuesta sea el esperado</doc>
<status status="PASS" start="2025-08-02T22:28:15.241788" elapsed="0.001088"/>
</kw>
<kw name="Actualizar Survey" owner="keywords_api_surveys">
<kw name="PUT On Session" owner="RequestsLibrary">
<msg time="2025-08-02T22:28:15.373280" level="INFO">PUT Request : url=http://localhost:8000/api/surveys/1/ 
 path_url=/api/surveys/1/ 
 headers={'User-Agent': 'python-requests/2.32.4', 'Accept-Encoding': 'gzip, deflate', 'Accept': '*/*', 'Connection': 'keep-alive', 'Content-Length': '107', 'Content-Type': 'application/json'} 
 body=b'{"name": "Encuesta Actualizada", "description": "Descripci\\u00f3n actualizada de la encuesta para pruebas"}' 
 </msg>
<msg time="2025-08-02T22:28:15.373364" level="INFO">PUT Response : url=http://localhost:8000/api/surveys/1/ 
 status=200, reason=OK 
 headers={'Date': 'Sun, 03 Aug 2025 03:28:15 GMT', 'Server': 'WSGIServer/0.2 CPython/3.11.13', 'Content-Type': 'application/json', 'Vary': 'Accept, Cookie', 'Allow': 'GET, PUT, PATCH, DELETE, HEAD, OPTIONS', 'X-Frame-Options': 'DENY', 'Content-Length': '165', 'X-Content-Type-Options': 'nosniff', 'Referrer-Policy': 'same-origin', 'Cross-Origin-Opener-Policy': 'same-origin'} 
 body={"id":1,"questions":[],"name":"Encuesta Actualizada","description":"Descripción actualizada de la encuesta para pruebas","created_at":"2025-08-03T03:28:15.108985Z"} 
 </msg>
<msg time="2025-08-02T22:28:15.373476" level="INFO">${response} = &lt;Response [200]&gt;</msg>
<var>${response}</var>
<arg>${session}</arg>
<arg>/surveys/${survey_id}/</arg>
<arg>json=${survey_data}</arg>
<doc>Sends a PUT request on a previously created HTTP Session.</doc>
<status status="PASS" start="2025-08-02T22:28:15.243192" elapsed="0.130303"/>
</kw>
<return>
<value>${response}</value>
<status status="PASS" start="2025-08-02T22:28:15.373559" elapsed="0.000077"/>
</return>
<msg time="2025-08-02T22:28:15.373751" level="INFO">${response} = &lt;Response [200]&gt;</msg>
<var>${response}</var>
<arg>${SESION_SURVEYS}</arg>
<arg>${survey_id}</arg>
<arg>${DATOS_SURVEY_UPDATE}</arg>
<doc>Actualiza una encuesta existente</doc>
<status status="PASS" start="2025-08-02T22:28:15.242976" elapsed="0.130798"/>
</kw>
<kw name="Validar Respuesta" owner="keywords_api_surveys">
<kw name="Should Be Equal As Strings" owner="BuiltIn">
<msg time="2025-08-02T22:28:15.374579" level="INFO">Argument types are:
&lt;class 'int'&gt;
&lt;class 'str'&gt;</msg>
<arg>${response.status_code}</arg>
<arg>${expected_status_code}</arg>
<doc>Fails if objects are unequal after converting them to strings.</doc>
<status status="PASS" start="2025-08-02T22:28:15.374151" elapsed="0.000469"/>
</kw>
<kw name="Log" owner="BuiltIn">
<msg time="2025-08-02T22:28:15.374995" level="INFO">Validación de respuesta exitosa: 200</msg>
<arg>Validación de respuesta exitosa: ${response.status_code}</arg>
<doc>Logs the given message with the given level.</doc>
<status status="PASS" start="2025-08-02T22:28:15.374694" elapsed="0.000334"/>
</kw>
<arg>${response}</arg>
<arg>200</arg>
<doc>Valida que el código de estado de la respuesta sea el esperado</doc>
<status status="PASS" start="2025-08-02T22:28:15.373924" elapsed="0.001142"/>
</kw>
<kw name="Eliminar Survey" owner="keywords_api_surveys">
<kw name="DELETE On Session" owner="RequestsLibrary">
<msg time="2025-08-02T22:28:15.450229" level="INFO">DELETE Request : url=http://localhost:8000/api/surveys/1/ 
 path_url=/api/surveys/1/ 
 headers={'User-Agent': 'python-requests/2.32.4', 'Accept-Encoding': 'gzip, deflate', 'Accept': '*/*', 'Connection': 'keep-alive', 'Content-Length': '0'} 
 body=None 
 </msg>
<msg time="2025-08-02T22:28:15.450321" level="INFO">DELETE Response : url=http://localhost:8000/api/surveys/1/ 
 status=204, reason=No Content 
 headers={'Date': 'Sun, 03 Aug 2025 03:28:15 GMT', 'Server': 'WSGIServer/0.2 CPython/3.11.13', 'Vary': 'Accept, Cookie', 'Allow': 'GET, PUT, PATCH, DELETE, HEAD, OPTIONS', 'X-Frame-Options': 'DENY', 'Content-Length': '0', 'X-Content-Type-Options': 'nosniff', 'Referrer-Policy': 'same-origin', 'Cross-Origin-Opener-Policy': 'same-origin'} 
 body=None 
 </msg>
<msg time="2025-08-02T22:28:15.450459" level="INFO">${response} = &lt;Response [204]&gt;</msg>
<var>${response}</var>
<arg>${session}</arg>
<arg>/surveys/${survey_id}/</arg>
<doc>Sends a DELETE request on a previously created HTTP Session.</doc>
<status status="PASS" start="2025-08-02T22:28:15.375384" elapsed="0.075104"/>
</kw>
<return>
<value>${response}</value>
<status status="PASS" start="2025-08-02T22:28:15.450565" elapsed="0.000041"/>
</return>
<msg time="2025-08-02T22:28:15.450714" level="INFO">${response} = &lt;Response [204]&gt;</msg>
<var>${response}</var>
<arg>${SESION_SURVEYS}</arg>
<arg>${survey_id}</arg>
<doc>Elimina una encuesta</doc>
<status status="PASS" start="2025-08-02T22:28:15.375185" elapsed="0.075546"/>
</kw>
<kw name="Validar Respuesta" owner="keywords_api_surveys">
<kw name="Should Be Equal As Strings" owner="BuiltIn">
<msg time="2025-08-02T22:28:15.451499" level="INFO">Argument types are:
&lt;class 'int'&gt;
&lt;class 'str'&gt;</msg>
<arg>${response.status_code}</arg>
<arg>${expected_status_code}</arg>
<doc>Fails if objects are unequal after converting them to strings.</doc>
<status status="PASS" start="2025-08-02T22:28:15.451108" elapsed="0.000430"/>
</kw>
<kw name="Log" owner="BuiltIn">
<msg time="2025-08-02T22:28:15.451913" level="INFO">Validación de respuesta exitosa: 204</msg>
<arg>Validación de respuesta exitosa: ${response.status_code}</arg>
<doc>Logs the given message with the given level.</doc>
<status status="PASS" start="2025-08-02T22:28:15.451611" elapsed="0.000334"/>
</kw>
<arg>${response}</arg>
<arg>204</arg>
<doc>Valida que el código de estado de la respuesta sea el esperado</doc>
<status status="PASS" start="2025-08-02T22:28:15.450877" elapsed="0.001104"/>
</kw>
<kw name="Log" owner="BuiltIn">
<msg time="2025-08-02T22:28:15.452123" level="INFO">Test Surveys exitoso en intento 1</msg>
<arg>Test Surveys exitoso en intento ${intento}</arg>
<doc>Logs the given message with the given level.</doc>
<status status="PASS" start="2025-08-02T22:28:15.452048" elapsed="0.000101"/>
</kw>
<break>
<status status="PASS" start="2025-08-02T22:28:15.452185" elapsed="0.000038"/>
</break>
<status status="PASS" start="2025-08-02T22:28:15.023952" elapsed="0.428295"/>
</branch>
<branch type="EXCEPT" assign="${error}">
<kw name="Log" owner="BuiltIn">
<arg>Error en intento ${intento}: ${error}</arg>
<doc>Logs the given message with the given level.</doc>
<status status="NOT RUN" start="2025-08-02T22:28:15.452351" elapsed="0.000099"/>
</kw>
<if>
<branch type="IF" condition="${intento} == ${MAX_REINTENTOS}">
<kw name="Fail" owner="BuiltIn">
<arg>Test Surveys falló después de ${MAX_REINTENTOS} intentos. Último error: ${error}</arg>
<doc>Fails the test with the given message and optionally alters its tags.</doc>
<status status="NOT RUN" start="2025-08-02T22:28:15.452601" elapsed="0.000012"/>
</kw>
<status status="NOT RUN" start="2025-08-02T22:28:15.452526" elapsed="0.000109"/>
</branch>
<status status="NOT RUN" start="2025-08-02T22:28:15.452505" elapsed="0.000149"/>
</if>
<kw name="Sleep" owner="BuiltIn">
<arg>2s</arg>
<doc>Pauses the test executed for the given time.</doc>
<status status="NOT RUN" start="2025-08-02T22:28:15.452704" elapsed="0.000017"/>
</kw>
<status status="NOT RUN" start="2025-08-02T22:28:15.452292" elapsed="0.000448"/>
</branch>
<status status="PASS" start="2025-08-02T22:28:15.023921" elapsed="0.428847"/>
</try>
<var name="${intento}">1</var>
<status status="PASS" start="2025-08-02T22:28:15.023884" elapsed="0.428908"/>
</iter>
<var>${intento}</var>
<value>1</value>
<value>${MAX_REINTENTOS + 1}</value>
<status status="PASS" start="2025-08-02T22:28:15.023245" elapsed="0.429580"/>
</for>
<doc>Verificar todas las operaciones CRUD en el endpoint /surveys/</doc>
<status status="PASS" start="2025-08-02T22:28:15.022915" elapsed="0.430128"/>
</test>
<test id="s1-t2" name="Test Endpoint /Questions/" line="82">
<for flavor="IN RANGE">
<iter>
<try>
<branch type="TRY">
<kw name="Log" owner="BuiltIn">
<msg time="2025-08-02T22:28:15.454619" level="INFO">Intento 1 de 3 - Test Questions</msg>
<arg>Intento ${intento} de ${MAX_REINTENTOS} - Test Questions</arg>
<doc>Logs the given message with the given level.</doc>
<status status="PASS" start="2025-08-02T22:28:15.454483" elapsed="0.000175"/>
</kw>
<kw name="Create Session" owner="RequestsLibrary">
<msg time="2025-08-02T22:28:15.454829" level="INFO">Creating Session using : alias=surveys_session, url=http://localhost:8000/api, headers={},                     cookies={}, auth=None, timeout=None, proxies=None, verify=False,                     debug=0 </msg>
<arg>${SESION_SURVEYS}</arg>
<arg>${URL_SURVEYS}</arg>
<doc>Create Session: create a HTTP session to a server</doc>
<status status="PASS" start="2025-08-02T22:28:15.454728" elapsed="0.000229"/>
</kw>
<kw name="Crear Survey" owner="keywords_api_surveys">
<kw name="POST On Session" owner="RequestsLibrary">
<msg time="2025-08-02T22:28:15.488177" level="INFO">POST Request : url=http://localhost:8000/api/surveys/ 
 path_url=/api/surveys/ 
 headers={'User-Agent': 'python-requests/2.32.4', 'Accept-Encoding': 'gzip, deflate', 'Accept': '*/*', 'Connection': 'keep-alive', 'Content-Length': '93', 'Content-Type': 'application/json'} 
 body=b'{"name": "Encuesta Para TEST", "description": "Descripci\\u00f3n de la encuesta para pruebas"}' 
 </msg>
<msg time="2025-08-02T22:28:15.488268" level="INFO">POST Response : url=http://localhost:8000/api/surveys/ 
 status=201, reason=Created 
 headers={'Date': 'Sun, 03 Aug 2025 03:28:15 GMT', 'Server': 'WSGIServer/0.2 CPython/3.11.13', 'Content-Type': 'application/json', 'Vary': 'Accept, Cookie', 'Allow': 'GET, POST, HEAD, OPTIONS', 'X-Frame-Options': 'DENY', 'Content-Length': '151', 'X-Content-Type-Options': 'nosniff', 'Referrer-Policy': 'same-origin', 'Cross-Origin-Opener-Policy': 'same-origin'} 
 body={"id":2,"questions":[],"name":"Encuesta Para TEST","description":"Descripción de la encuesta para pruebas","created_at":"2025-08-03T03:28:15.467737Z"} 
 </msg>
<msg time="2025-08-02T22:28:15.488383" level="INFO">${response} = &lt;Response [201]&gt;</msg>
<var>${response}</var>
<arg>${session}</arg>
<arg>/surveys/</arg>
<arg>json=${survey_data}</arg>
<doc>Sends a POST request on a previously created HTTP Session.</doc>
<status status="PASS" start="2025-08-02T22:28:15.455298" elapsed="0.033104"/>
</kw>
<return>
<value>${response}</value>
<status status="PASS" start="2025-08-02T22:28:15.488466" elapsed="0.000044"/>
</return>
<msg time="2025-08-02T22:28:15.488618" level="INFO">${response} = &lt;Response [201]&gt;</msg>
<var>${response}</var>
<arg>${SESION_SURVEYS}</arg>
<arg>${DATOS_SURVEY}</arg>
<doc>Crea una nueva encuesta</doc>
<status status="PASS" start="2025-08-02T22:28:15.455083" elapsed="0.033553"/>
</kw>
<kw name="Validar Respuesta" owner="keywords_api_surveys">
<kw name="Should Be Equal As Strings" owner="BuiltIn">
<msg time="2025-08-02T22:28:15.489444" level="INFO">Argument types are:
&lt;class 'int'&gt;
&lt;class 'str'&gt;</msg>
<arg>${response.status_code}</arg>
<arg>${expected_status_code}</arg>
<doc>Fails if objects are unequal after converting them to strings.</doc>
<status status="PASS" start="2025-08-02T22:28:15.489045" elapsed="0.000452"/>
</kw>
<kw name="Log" owner="BuiltIn">
<msg time="2025-08-02T22:28:15.489891" level="INFO">Validación de respuesta exitosa: 201</msg>
<arg>Validación de respuesta exitosa: ${response.status_code}</arg>
<doc>Logs the given message with the given level.</doc>
<status status="PASS" start="2025-08-02T22:28:15.489576" elapsed="0.000345"/>
</kw>
<arg>${response}</arg>
<arg>201</arg>
<doc>Valida que el código de estado de la respuesta sea el esperado</doc>
<status status="PASS" start="2025-08-02T22:28:15.488801" elapsed="0.001158"/>
</kw>
<kw name="Get From Dictionary" owner="Collections">
<msg time="2025-08-02T22:28:15.490396" level="INFO">${survey_id} = 2</msg>
<var>${survey_id}</var>
<arg>${response.json()}</arg>
<arg>id</arg>
<doc>Returns a value from the given ``dictionary`` based on the given ``key``.</doc>
<status status="PASS" start="2025-08-02T22:28:15.490029" elapsed="0.000386"/>
</kw>
<kw name="Copy Dictionary" owner="Collections">
<msg time="2025-08-02T22:28:15.490923" level="INFO">${question_data} = {'text': '¿Te gusta programar?', 'question_type': 'Cerrada'}</msg>
<var>${question_data}</var>
<arg>${DATOS_QUESTION}</arg>
<doc>Returns a copy of the given dictionary.</doc>
<status status="PASS" start="2025-08-02T22:28:15.490484" elapsed="0.000465"/>
</kw>
<kw name="Set To Dictionary" owner="Collections">
<arg>${question_data}</arg>
<arg>survey=${survey_id}</arg>
<doc>Adds the given ``key_value_pairs`` and/or ``items`` to the ``dictionary``.</doc>
<status status="PASS" start="2025-08-02T22:28:15.491027" elapsed="0.000128"/>
</kw>
<kw name="Copy Dictionary" owner="Collections">
<msg time="2025-08-02T22:28:15.491339" level="INFO">${question_update_data} = {'text': '¿Te gusta mucho programar?', 'question_type': 'Cerrada'}</msg>
<var>${question_update_data}</var>
<arg>${DATOS_QUESTION_UPDATE}</arg>
<doc>Returns a copy of the given dictionary.</doc>
<status status="PASS" start="2025-08-02T22:28:15.491223" elapsed="0.000134"/>
</kw>
<kw name="Set To Dictionary" owner="Collections">
<arg>${question_update_data}</arg>
<arg>survey=${survey_id}</arg>
<doc>Adds the given ``key_value_pairs`` and/or ``items`` to the ``dictionary``.</doc>
<status status="PASS" start="2025-08-02T22:28:15.491423" elapsed="0.000115"/>
</kw>
<kw name="Obtener Questions" owner="keywords_api_surveys">
<kw name="GET On Session" owner="RequestsLibrary">
<msg time="2025-08-02T22:28:15.551217" level="INFO">GET Request : url=http://localhost:8000/api/questions/ 
 path_url=/api/questions/ 
 headers={'User-Agent': 'python-requests/2.32.4', 'Accept-Encoding': 'gzip, deflate', 'Accept': '*/*', 'Connection': 'keep-alive'} 
 body=None 
 </msg>
<msg time="2025-08-02T22:28:15.551297" level="INFO">GET Response : url=http://localhost:8000/api/questions/ 
 status=200, reason=OK 
 headers={'Date': 'Sun, 03 Aug 2025 03:28:15 GMT', 'Server': 'WSGIServer/0.2 CPython/3.11.13', 'Content-Type': 'application/json', 'Vary': 'Accept, Cookie', 'Allow': 'GET, POST, HEAD, OPTIONS', 'X-Frame-Options': 'DENY', 'Content-Length': '2', 'X-Content-Type-Options': 'nosniff', 'Referrer-Policy': 'same-origin', 'Cross-Origin-Opener-Policy': 'same-origin'} 
 body=[] 
 </msg>
<msg time="2025-08-02T22:28:15.551489" level="INFO">${response} = &lt;Response [200]&gt;</msg>
<var>${response}</var>
<arg>${session}</arg>
<arg>/questions/</arg>
<doc>Sends a GET request on a previously created HTTP Session.</doc>
<status status="PASS" start="2025-08-02T22:28:15.491843" elapsed="0.059672"/>
</kw>
<return>
<value>${response}</value>
<status status="PASS" start="2025-08-02T22:28:15.551577" elapsed="0.000042"/>
</return>
<msg time="2025-08-02T22:28:15.551740" level="INFO">${response} = &lt;Response [200]&gt;</msg>
<var>${response}</var>
<arg>${SESION_SURVEYS}</arg>
<doc>Obtiene todas las preguntas</doc>
<status status="PASS" start="2025-08-02T22:28:15.491664" elapsed="0.060098"/>
</kw>
<kw name="Validar Respuesta" owner="keywords_api_surveys">
<kw name="Should Be Equal As Strings" owner="BuiltIn">
<msg time="2025-08-02T22:28:15.552614" level="INFO">Argument types are:
&lt;class 'int'&gt;
&lt;class 'str'&gt;</msg>
<arg>${response.status_code}</arg>
<arg>${expected_status_code}</arg>
<doc>Fails if objects are unequal after converting them to strings.</doc>
<status status="PASS" start="2025-08-02T22:28:15.552204" elapsed="0.000453"/>
</kw>
<kw name="Log" owner="BuiltIn">
<msg time="2025-08-02T22:28:15.553107" level="INFO">Validación de respuesta exitosa: 200</msg>
<arg>Validación de respuesta exitosa: ${response.status_code}</arg>
<doc>Logs the given message with the given level.</doc>
<status status="PASS" start="2025-08-02T22:28:15.552746" elapsed="0.000398"/>
</kw>
<arg>${response}</arg>
<arg>200</arg>
<doc>Valida que el código de estado de la respuesta sea el esperado</doc>
<status status="PASS" start="2025-08-02T22:28:15.551947" elapsed="0.001241"/>
</kw>
<kw name="Crear Question" owner="keywords_api_surveys">
<kw name="POST On Session" owner="RequestsLibrary">
<msg time="2025-08-02T22:28:15.674135" level="INFO">POST Request : url=http://localhost:8000/api/questions/ 
 path_url=/api/questions/ 
 headers={'User-Agent': 'python-requests/2.32.4', 'Accept-Encoding': 'gzip, deflate', 'Accept': '*/*', 'Connection': 'keep-alive', 'Content-Length': '78', 'Content-Type': 'application/json'} 
 body=b'{"text": "\\u00bfTe gusta programar?", "question_type": "Cerrada", "survey": 2}' 
 </msg>
<msg time="2025-08-02T22:28:15.674210" level="INFO">POST Response : url=http://localhost:8000/api/questions/ 
 status=201, reason=Created 
 headers={'Date': 'Sun, 03 Aug 2025 03:28:15 GMT', 'Server': 'WSGIServer/0.2 CPython/3.11.13', 'Content-Type': 'application/json', 'Vary': 'Accept, Cookie', 'Allow': 'GET, POST, HEAD, OPTIONS', 'X-Frame-Options': 'DENY', 'Content-Length': '132', 'X-Content-Type-Options': 'nosniff', 'Referrer-Policy': 'same-origin', 'Cross-Origin-Opener-Policy': 'same-origin'} 
 body={"id":1,"options":[],"text":"¿Te gusta programar?","question_type":"Cerrada","created_at":"2025-08-03T03:28:15.610186Z","survey":2} 
 </msg>
<msg time="2025-08-02T22:28:15.674321" level="INFO">${response} = &lt;Response [201]&gt;</msg>
<var>${response}</var>
<arg>${session}</arg>
<arg>/questions/</arg>
<arg>json=${question_data}</arg>
<doc>Sends a POST request on a previously created HTTP Session.</doc>
<status status="PASS" start="2025-08-02T22:28:15.553557" elapsed="0.120786"/>
</kw>
<return>
<value>${response}</value>
<status status="PASS" start="2025-08-02T22:28:15.674439" elapsed="0.000039"/>
</return>
<msg time="2025-08-02T22:28:15.674586" level="INFO">${response} = &lt;Response [201]&gt;</msg>
<var>${response}</var>
<arg>${SESION_SURVEYS}</arg>
<arg>${question_data}</arg>
<doc>Crea una nueva pregunta</doc>
<status status="PASS" start="2025-08-02T22:28:15.553318" elapsed="0.121285"/>
</kw>
<kw name="Validar Respuesta" owner="keywords_api_surveys">
<kw name="Should Be Equal As Strings" owner="BuiltIn">
<msg time="2025-08-02T22:28:15.675389" level="INFO">Argument types are:
&lt;class 'int'&gt;
&lt;class 'str'&gt;</msg>
<arg>${response.status_code}</arg>
<arg>${expected_status_code}</arg>
<doc>Fails if objects are unequal after converting them to strings.</doc>
<status status="PASS" start="2025-08-02T22:28:15.674976" elapsed="0.000464"/>
</kw>
<kw name="Log" owner="BuiltIn">
<msg time="2025-08-02T22:28:15.675831" level="INFO">Validación de respuesta exitosa: 201</msg>
<arg>Validación de respuesta exitosa: ${response.status_code}</arg>
<doc>Logs the given message with the given level.</doc>
<status status="PASS" start="2025-08-02T22:28:15.675518" elapsed="0.000347"/>
</kw>
<arg>${response}</arg>
<arg>201</arg>
<doc>Valida que el código de estado de la respuesta sea el esperado</doc>
<status status="PASS" start="2025-08-02T22:28:15.674749" elapsed="0.001154"/>
</kw>
<kw name="Get From Dictionary" owner="Collections">
<msg time="2025-08-02T22:28:15.676344" level="INFO">${question_id} = 1</msg>
<var>${question_id}</var>
<arg>${response.json()}</arg>
<arg>id</arg>
<doc>Returns a value from the given ``dictionary`` based on the given ``key``.</doc>
<status status="PASS" start="2025-08-02T22:28:15.675971" elapsed="0.000391"/>
</kw>
<kw name="Obtener Question Por ID" owner="keywords_api_surveys">
<kw name="GET On Session" owner="RequestsLibrary">
<msg time="2025-08-02T22:28:15.741230" level="INFO">GET Request : url=http://localhost:8000/api/questions/1/ 
 path_url=/api/questions/1/ 
 headers={'User-Agent': 'python-requests/2.32.4', 'Accept-Encoding': 'gzip, deflate', 'Accept': '*/*', 'Connection': 'keep-alive'} 
 body=None 
 </msg>
<msg time="2025-08-02T22:28:15.741325" level="INFO">GET Response : url=http://localhost:8000/api/questions/1/ 
 status=200, reason=OK 
 headers={'Date': 'Sun, 03 Aug 2025 03:28:15 GMT', 'Server': 'WSGIServer/0.2 CPython/3.11.13', 'Content-Type': 'application/json', 'Vary': 'Accept, Cookie', 'Allow': 'GET, PUT, PATCH, DELETE, HEAD, OPTIONS', 'X-Frame-Options': 'DENY', 'Content-Length': '132', 'X-Content-Type-Options': 'nosniff', 'Referrer-Policy': 'same-origin', 'Cross-Origin-Opener-Policy': 'same-origin'} 
 body={"id":1,"options":[],"text":"¿Te gusta programar?","question_type":"Cerrada","created_at":"2025-08-03T03:28:15.610186Z","survey":2} 
 </msg>
<msg time="2025-08-02T22:28:15.741467" level="INFO">${response} = &lt;Response [200]&gt;</msg>
<var>${response}</var>
<arg>${session}</arg>
<arg>/questions/${question_id}/</arg>
<doc>Sends a GET request on a previously created HTTP Session.</doc>
<status status="PASS" start="2025-08-02T22:28:15.676657" elapsed="0.064839"/>
</kw>
<return>
<value>${response}</value>
<status status="PASS" start="2025-08-02T22:28:15.741571" elapsed="0.000049"/>
</return>
<msg time="2025-08-02T22:28:15.741814" level="INFO">${response} = &lt;Response [200]&gt;</msg>
<var>${response}</var>
<arg>${SESION_SURVEYS}</arg>
<arg>${question_id}</arg>
<doc>Obtiene una pregunta específica por ID</doc>
<status status="PASS" start="2025-08-02T22:28:15.676470" elapsed="0.065370"/>
</kw>
<kw name="Validar Respuesta" owner="keywords_api_surveys">
<kw name="Should Be Equal As Strings" owner="BuiltIn">
<msg time="2025-08-02T22:28:15.743217" level="INFO">Argument types are:
&lt;class 'int'&gt;
&lt;class 'str'&gt;</msg>
<arg>${response.status_code}</arg>
<arg>${expected_status_code}</arg>
<doc>Fails if objects are unequal after converting them to strings.</doc>
<status status="PASS" start="2025-08-02T22:28:15.742828" elapsed="0.000433"/>
</kw>
<kw name="Log" owner="BuiltIn">
<msg time="2025-08-02T22:28:15.743679" level="INFO">Validación de respuesta exitosa: 200</msg>
<arg>Validación de respuesta exitosa: ${response.status_code}</arg>
<doc>Logs the given message with the given level.</doc>
<status status="PASS" start="2025-08-02T22:28:15.743352" elapsed="0.000359"/>
</kw>
<arg>${response}</arg>
<arg>200</arg>
<doc>Valida que el código de estado de la respuesta sea el esperado</doc>
<status status="PASS" start="2025-08-02T22:28:15.742570" elapsed="0.001183"/>
</kw>
<kw name="Actualizar Question" owner="keywords_api_surveys">
<kw name="PUT On Session" owner="RequestsLibrary">
<msg time="2025-08-02T22:28:15.863687" level="INFO">PUT Request : url=http://localhost:8000/api/questions/1/ 
 path_url=/api/questions/1/ 
 headers={'User-Agent': 'python-requests/2.32.4', 'Accept-Encoding': 'gzip, deflate', 'Accept': '*/*', 'Connection': 'keep-alive', 'Content-Length': '84', 'Content-Type': 'application/json'} 
 body=b'{"text": "\\u00bfTe gusta mucho programar?", "question_type": "Cerrada", "survey": 2}' 
 </msg>
<msg time="2025-08-02T22:28:15.863919" level="INFO">PUT Response : url=http://localhost:8000/api/questions/1/ 
 status=200, reason=OK 
 headers={'Date': 'Sun, 03 Aug 2025 03:28:15 GMT', 'Server': 'WSGIServer/0.2 CPython/3.11.13', 'Content-Type': 'application/json', 'Vary': 'Accept, Cookie', 'Allow': 'GET, PUT, PATCH, DELETE, HEAD, OPTIONS', 'X-Frame-Options': 'DENY', 'Content-Length': '138', 'X-Content-Type-Options': 'nosniff', 'Referrer-Policy': 'same-origin', 'Cross-Origin-Opener-Policy': 'same-origin'} 
 body={"id":1,"options":[],"text":"¿Te gusta mucho programar?","question_type":"Cerrada","created_at":"2025-08-03T03:28:15.610186Z","survey":2} 
 </msg>
<msg time="2025-08-02T22:28:15.864075" level="INFO">${response} = &lt;Response [200]&gt;</msg>
<var>${response}</var>
<arg>${session}</arg>
<arg>/questions/${question_id}/</arg>
<arg>json=${question_data}</arg>
<doc>Sends a PUT request on a previously created HTTP Session.</doc>
<status status="PASS" start="2025-08-02T22:28:15.744105" elapsed="0.120001"/>
</kw>
<return>
<value>${response}</value>
<status status="PASS" start="2025-08-02T22:28:15.864187" elapsed="0.000046"/>
</return>
<msg time="2025-08-02T22:28:15.864380" level="INFO">${response} = &lt;Response [200]&gt;</msg>
<var>${response}</var>
<arg>${SESION_SURVEYS}</arg>
<arg>${question_id}</arg>
<arg>${question_update_data}</arg>
<doc>Actualiza una pregunta existente</doc>
<status status="PASS" start="2025-08-02T22:28:15.743872" elapsed="0.120534"/>
</kw>
<kw name="Validar Respuesta" owner="keywords_api_surveys">
<kw name="Should Be Equal As Strings" owner="BuiltIn">
<msg time="2025-08-02T22:28:15.865222" level="INFO">Argument types are:
&lt;class 'int'&gt;
&lt;class 'str'&gt;</msg>
<arg>${response.status_code}</arg>
<arg>${expected_status_code}</arg>
<doc>Fails if objects are unequal after converting them to strings.</doc>
<status status="PASS" start="2025-08-02T22:28:15.864821" elapsed="0.000442"/>
</kw>
<kw name="Log" owner="BuiltIn">
<msg time="2025-08-02T22:28:15.865653" level="INFO">Validación de respuesta exitosa: 200</msg>
<arg>Validación de respuesta exitosa: ${response.status_code}</arg>
<doc>Logs the given message with the given level.</doc>
<status status="PASS" start="2025-08-02T22:28:15.865342" elapsed="0.000342"/>
</kw>
<arg>${response}</arg>
<arg>200</arg>
<doc>Valida que el código de estado de la respuesta sea el esperado</doc>
<status status="PASS" start="2025-08-02T22:28:15.864583" elapsed="0.001140"/>
</kw>
<kw name="Eliminar Question" owner="keywords_api_surveys">
<kw name="DELETE On Session" owner="RequestsLibrary">
<msg time="2025-08-02T22:28:15.949788" level="INFO">DELETE Request : url=http://localhost:8000/api/questions/1/ 
 path_url=/api/questions/1/ 
 headers={'User-Agent': 'python-requests/2.32.4', 'Accept-Encoding': 'gzip, deflate', 'Accept': '*/*', 'Connection': 'keep-alive', 'Content-Length': '0'} 
 body=None 
 </msg>
<msg time="2025-08-02T22:28:15.949878" level="INFO">DELETE Response : url=http://localhost:8000/api/questions/1/ 
 status=204, reason=No Content 
 headers={'Date': 'Sun, 03 Aug 2025 03:28:15 GMT', 'Server': 'WSGIServer/0.2 CPython/3.11.13', 'Vary': 'Accept, Cookie', 'Allow': 'GET, PUT, PATCH, DELETE, HEAD, OPTIONS', 'X-Frame-Options': 'DENY', 'Content-Length': '0', 'X-Content-Type-Options': 'nosniff', 'Referrer-Policy': 'same-origin', 'Cross-Origin-Opener-Policy': 'same-origin'} 
 body=None 
 </msg>
<msg time="2025-08-02T22:28:15.950055" level="INFO">${response} = &lt;Response [204]&gt;</msg>
<var>${response}</var>
<arg>${session}</arg>
<arg>/questions/${question_id}/</arg>
<doc>Sends a DELETE request on a previously created HTTP Session.</doc>
<status status="PASS" start="2025-08-02T22:28:15.866041" elapsed="0.084041"/>
</kw>
<return>
<value>${response}</value>
<status status="PASS" start="2025-08-02T22:28:15.950161" elapsed="0.000049"/>
</return>
<msg time="2025-08-02T22:28:15.950357" level="INFO">${response} = &lt;Response [204]&gt;</msg>
<var>${response}</var>
<arg>${SESION_SURVEYS}</arg>
<arg>${question_id}</arg>
<doc>Elimina una pregunta</doc>
<status status="PASS" start="2025-08-02T22:28:15.865842" elapsed="0.084539"/>
</kw>
<kw name="Validar Respuesta" owner="keywords_api_surveys">
<kw name="Should Be Equal As Strings" owner="BuiltIn">
<msg time="2025-08-02T22:28:15.951270" level="INFO">Argument types are:
&lt;class 'int'&gt;
&lt;class 'str'&gt;</msg>
<arg>${response.status_code}</arg>
<arg>${expected_status_code}</arg>
<doc>Fails if objects are unequal after converting them to strings.</doc>
<status status="PASS" start="2025-08-02T22:28:15.950853" elapsed="0.000455"/>
</kw>
<kw name="Log" owner="BuiltIn">
<msg time="2025-08-02T22:28:15.951680" level="INFO">Validación de respuesta exitosa: 204</msg>
<arg>Validación de respuesta exitosa: ${response.status_code}</arg>
<doc>Logs the given message with the given level.</doc>
<status status="PASS" start="2025-08-02T22:28:15.951378" elapsed="0.000332"/>
</kw>
<arg>${response}</arg>
<arg>204</arg>
<doc>Valida que el código de estado de la respuesta sea el esperado</doc>
<status status="PASS" start="2025-08-02T22:28:15.950556" elapsed="0.001191"/>
</kw>
<kw name="Eliminar Survey" owner="keywords_api_surveys">
<kw name="DELETE On Session" owner="RequestsLibrary">
<msg time="2025-08-02T22:28:16.019955" level="INFO">DELETE Request : url=http://localhost:8000/api/surveys/2/ 
 path_url=/api/surveys/2/ 
 headers={'User-Agent': 'python-requests/2.32.4', 'Accept-Encoding': 'gzip, deflate', 'Accept': '*/*', 'Connection': 'keep-alive', 'Content-Length': '0'} 
 body=None 
 </msg>
<msg time="2025-08-02T22:28:16.020065" level="INFO">DELETE Response : url=http://localhost:8000/api/surveys/2/ 
 status=204, reason=No Content 
 headers={'Date': 'Sun, 03 Aug 2025 03:28:15 GMT', 'Server': 'WSGIServer/0.2 CPython/3.11.13', 'Vary': 'Accept, Cookie', 'Allow': 'GET, PUT, PATCH, DELETE, HEAD, OPTIONS', 'X-Frame-Options': 'DENY', 'Content-Length': '0', 'X-Content-Type-Options': 'nosniff', 'Referrer-Policy': 'same-origin', 'Cross-Origin-Opener-Policy': 'same-origin'} 
 body=None 
 </msg>
<msg time="2025-08-02T22:28:16.020183" level="INFO">${response} = &lt;Response [204]&gt;</msg>
<var>${response}</var>
<arg>${session}</arg>
<arg>/surveys/${survey_id}/</arg>
<doc>Sends a DELETE request on a previously created HTTP Session.</doc>
<status status="PASS" start="2025-08-02T22:28:15.952029" elapsed="0.068176"/>
</kw>
<return>
<value>${response}</value>
<status status="PASS" start="2025-08-02T22:28:16.020271" elapsed="0.000046"/>
</return>
<msg time="2025-08-02T22:28:16.020442" level="INFO">${response} = &lt;Response [204]&gt;</msg>
<var>${response}</var>
<arg>${SESION_SURVEYS}</arg>
<arg>${survey_id}</arg>
<doc>Elimina una encuesta</doc>
<status status="PASS" start="2025-08-02T22:28:15.951847" elapsed="0.068614"/>
</kw>
<kw name="Validar Respuesta" owner="keywords_api_surveys">
<kw name="Should Be Equal As Strings" owner="BuiltIn">
<msg time="2025-08-02T22:28:16.021302" level="INFO">Argument types are:
&lt;class 'int'&gt;
&lt;class 'str'&gt;</msg>
<arg>${response.status_code}</arg>
<arg>${expected_status_code}</arg>
<doc>Fails if objects are unequal after converting them to strings.</doc>
<status status="PASS" start="2025-08-02T22:28:16.020878" elapsed="0.000466"/>
</kw>
<kw name="Log" owner="BuiltIn">
<msg time="2025-08-02T22:28:16.021767" level="INFO">Validación de respuesta exitosa: 204</msg>
<arg>Validación de respuesta exitosa: ${response.status_code}</arg>
<doc>Logs the given message with the given level.</doc>
<status status="PASS" start="2025-08-02T22:28:16.021433" elapsed="0.000367"/>
</kw>
<arg>${response}</arg>
<arg>204</arg>
<doc>Valida que el código de estado de la respuesta sea el esperado</doc>
<status status="PASS" start="2025-08-02T22:28:16.020623" elapsed="0.001219"/>
</kw>
<kw name="Log" owner="BuiltIn">
<msg time="2025-08-02T22:28:16.021997" level="INFO">Test Questions exitoso en intento 1</msg>
<arg>Test Questions exitoso en intento ${intento}</arg>
<doc>Logs the given message with the given level.</doc>
<status status="PASS" start="2025-08-02T22:28:16.021915" elapsed="0.000109"/>
</kw>
<break>
<status status="PASS" start="2025-08-02T22:28:16.022117" elapsed="0.000038"/>
</break>
<status status="PASS" start="2025-08-02T22:28:15.454402" elapsed="0.567779"/>
</branch>
<branch type="EXCEPT" assign="${error}">
<kw name="Log" owner="BuiltIn">
<arg>Error en intento ${intento}: ${error}</arg>
<doc>Logs the given message with the given level.</doc>
<status status="NOT RUN" start="2025-08-02T22:28:16.022287" elapsed="0.000012"/>
</kw>
<if>
<branch type="IF" condition="${intento} == ${MAX_REINTENTOS}">
<kw name="Fail" owner="BuiltIn">
<arg>Test Questions falló después de ${MAX_REINTENTOS} intentos. Último error: ${error}</arg>
<doc>Fails the test with the given message and optionally alters its tags.</doc>
<status status="NOT RUN" start="2025-08-02T22:28:16.022427" elapsed="0.000012"/>
</kw>
<status status="NOT RUN" start="2025-08-02T22:28:16.022359" elapsed="0.000102"/>
</branch>
<status status="NOT RUN" start="2025-08-02T22:28:16.022342" elapsed="0.000137"/>
</if>
<kw name="Sleep" owner="BuiltIn">
<arg>2s</arg>
<doc>Pauses the test executed for the given time.</doc>
<status status="NOT RUN" start="2025-08-02T22:28:16.022530" elapsed="0.000011"/>
</kw>
<status status="NOT RUN" start="2025-08-02T22:28:16.022223" elapsed="0.000337"/>
</branch>
<status status="PASS" start="2025-08-02T22:28:15.454377" elapsed="0.568208"/>
</try>
<var name="${intento}">1</var>
<status status="PASS" start="2025-08-02T22:28:15.454347" elapsed="0.568262"/>
</iter>
<var>${intento}</var>
<value>1</value>
<value>${MAX_REINTENTOS + 1}</value>
<status status="PASS" start="2025-08-02T22:28:15.453730" elapsed="0.568908"/>
</for>
<doc>Verificar todas las operaciones CRUD en el endpoint /questions/</doc>
<status status="PASS" start="2025-08-02T22:28:15.453443" elapsed="0.569421"/>
</test>
<test id="s1-t3" name="Test Endpoint /Options/" line="137">
<for flavor="IN RANGE">
<iter>
<try>
<branch type="TRY">
<kw name="Log" owner="BuiltIn">
<msg time="2025-08-02T22:28:16.024350" level="INFO">Intento 1 de 3 - Test Options</msg>
<arg>Intento ${intento} de ${MAX_REINTENTOS} - Test Options</arg>
<doc>Logs the given message with the given level.</doc>
<status status="PASS" start="2025-08-02T22:28:16.024245" elapsed="0.000142"/>
</kw>
<kw name="Create Session" owner="RequestsLibrary">
<msg time="2025-08-02T22:28:16.024678" level="INFO">Creating Session using : alias=surveys_session, url=http://localhost:8000/api, headers={},                     cookies={}, auth=None, timeout=None, proxies=None, verify=False,                     debug=0 </msg>
<arg>${SESION_SURVEYS}</arg>
<arg>${URL_SURVEYS}</arg>
<doc>Create Session: create a HTTP session to a server</doc>
<status status="PASS" start="2025-08-02T22:28:16.024454" elapsed="0.000368"/>
</kw>
<kw name="Crear Survey" owner="keywords_api_surveys">
<kw name="POST On Session" owner="RequestsLibrary">
<msg time="2025-08-02T22:28:16.055341" level="INFO">POST Request : url=http://localhost:8000/api/surveys/ 
 path_url=/api/surveys/ 
 headers={'User-Agent': 'python-requests/2.32.4', 'Accept-Encoding': 'gzip, deflate', 'Accept': '*/*', 'Connection': 'keep-alive', 'Content-Length': '93', 'Content-Type': 'application/json'} 
 body=b'{"name": "Encuesta Para TEST", "description": "Descripci\\u00f3n de la encuesta para pruebas"}' 
 </msg>
<msg time="2025-08-02T22:28:16.055460" level="INFO">POST Response : url=http://localhost:8000/api/surveys/ 
 status=201, reason=Created 
 headers={'Date': 'Sun, 03 Aug 2025 03:28:16 GMT', 'Server': 'WSGIServer/0.2 CPython/3.11.13', 'Content-Type': 'application/json', 'Vary': 'Accept, Cookie', 'Allow': 'GET, POST, HEAD, OPTIONS', 'X-Frame-Options': 'DENY', 'Content-Length': '151', 'X-Content-Type-Options': 'nosniff', 'Referrer-Policy': 'same-origin', 'Cross-Origin-Opener-Policy': 'same-origin'} 
 body={"id":3,"questions":[],"name":"Encuesta Para TEST","description":"Descripción de la encuesta para pruebas","created_at":"2025-08-03T03:28:16.037227Z"} 
 </msg>
<msg time="2025-08-02T22:28:16.055628" level="INFO">${response} = &lt;Response [201]&gt;</msg>
<var>${response}</var>
<arg>${session}</arg>
<arg>/surveys/</arg>
<arg>json=${survey_data}</arg>
<doc>Sends a POST request on a previously created HTTP Session.</doc>
<status status="PASS" start="2025-08-02T22:28:16.025186" elapsed="0.030475"/>
</kw>
<return>
<value>${response}</value>
<status status="PASS" start="2025-08-02T22:28:16.055750" elapsed="0.000058"/>
</return>
<msg time="2025-08-02T22:28:16.055974" level="INFO">${response} = &lt;Response [201]&gt;</msg>
<var>${response}</var>
<arg>${SESION_SURVEYS}</arg>
<arg>${DATOS_SURVEY}</arg>
<doc>Crea una nueva encuesta</doc>
<status status="PASS" start="2025-08-02T22:28:16.024961" elapsed="0.031040"/>
</kw>
<kw name="Validar Respuesta" owner="keywords_api_surveys">
<kw name="Should Be Equal As Strings" owner="BuiltIn">
<msg time="2025-08-02T22:28:16.057171" level="INFO">Argument types are:
&lt;class 'int'&gt;
&lt;class 'str'&gt;</msg>
<arg>${response.status_code}</arg>
<arg>${expected_status_code}</arg>
<doc>Fails if objects are unequal after converting them to strings.</doc>
<status status="PASS" start="2025-08-02T22:28:16.056558" elapsed="0.000673"/>
</kw>
<kw name="Log" owner="BuiltIn">
<msg time="2025-08-02T22:28:16.057833" level="INFO">Validación de respuesta exitosa: 201</msg>
<arg>Validación de respuesta exitosa: ${response.status_code}</arg>
<doc>Logs the given message with the given level.</doc>
<status status="PASS" start="2025-08-02T22:28:16.057346" elapsed="0.000533"/>
</kw>
<arg>${response}</arg>
<arg>201</arg>
<doc>Valida que el código de estado de la respuesta sea el esperado</doc>
<status status="PASS" start="2025-08-02T22:28:16.056205" elapsed="0.001734"/>
</kw>
<kw name="Get From Dictionary" owner="Collections">
<msg time="2025-08-02T22:28:16.058624" level="INFO">${survey_id} = 3</msg>
<var>${survey_id}</var>
<arg>${response.json()}</arg>
<arg>id</arg>
<doc>Returns a value from the given ``dictionary`` based on the given ``key``.</doc>
<status status="PASS" start="2025-08-02T22:28:16.058043" elapsed="0.000609"/>
</kw>
<kw name="Copy Dictionary" owner="Collections">
<msg time="2025-08-02T22:28:16.058931" level="INFO">${question_data} = {'text': '¿Te gusta programar?', 'question_type': 'Cerrada'}</msg>
<var>${question_data}</var>
<arg>${DATOS_QUESTION}</arg>
<doc>Returns a copy of the given dictionary.</doc>
<status status="PASS" start="2025-08-02T22:28:16.058758" elapsed="0.000201"/>
</kw>
<kw name="Set To Dictionary" owner="Collections">
<arg>${question_data}</arg>
<arg>survey=${survey_id}</arg>
<doc>Adds the given ``key_value_pairs`` and/or ``items`` to the ``dictionary``.</doc>
<status status="PASS" start="2025-08-02T22:28:16.059037" elapsed="0.000114"/>
</kw>
<kw name="Crear Question" owner="keywords_api_surveys">
<kw name="POST On Session" owner="RequestsLibrary">
<msg time="2025-08-02T22:28:16.172794" level="INFO">POST Request : url=http://localhost:8000/api/questions/ 
 path_url=/api/questions/ 
 headers={'User-Agent': 'python-requests/2.32.4', 'Accept-Encoding': 'gzip, deflate', 'Accept': '*/*', 'Connection': 'keep-alive', 'Content-Length': '78', 'Content-Type': 'application/json'} 
 body=b'{"text": "\\u00bfTe gusta programar?", "question_type": "Cerrada", "survey": 3}' 
 </msg>
<msg time="2025-08-02T22:28:16.172892" level="INFO">POST Response : url=http://localhost:8000/api/questions/ 
 status=201, reason=Created 
 headers={'Date': 'Sun, 03 Aug 2025 03:28:16 GMT', 'Server': 'WSGIServer/0.2 CPython/3.11.13', 'Content-Type': 'application/json', 'Vary': 'Accept, Cookie', 'Allow': 'GET, POST, HEAD, OPTIONS', 'X-Frame-Options': 'DENY', 'Content-Length': '132', 'X-Content-Type-Options': 'nosniff', 'Referrer-Policy': 'same-origin', 'Cross-Origin-Opener-Policy': 'same-origin'} 
 body={"id":2,"options":[],"text":"¿Te gusta programar?","question_type":"Cerrada","created_at":"2025-08-03T03:28:16.109669Z","survey":3} 
 </msg>
<msg time="2025-08-02T22:28:16.173033" level="INFO">${response} = &lt;Response [201]&gt;</msg>
<var>${response}</var>
<arg>${session}</arg>
<arg>/questions/</arg>
<arg>json=${question_data}</arg>
<doc>Sends a POST request on a previously created HTTP Session.</doc>
<status status="PASS" start="2025-08-02T22:28:16.059449" elapsed="0.113735"/>
</kw>
<return>
<value>${response}</value>
<status status="PASS" start="2025-08-02T22:28:16.173282" elapsed="0.000048"/>
</return>
<msg time="2025-08-02T22:28:16.173493" level="INFO">${response} = &lt;Response [201]&gt;</msg>
<var>${response}</var>
<arg>${SESION_SURVEYS}</arg>
<arg>${question_data}</arg>
<doc>Crea una nueva pregunta</doc>
<status status="PASS" start="2025-08-02T22:28:16.059263" elapsed="0.114258"/>
</kw>
<kw name="Validar Respuesta" owner="keywords_api_surveys">
<kw name="Should Be Equal As Strings" owner="BuiltIn">
<msg time="2025-08-02T22:28:16.174473" level="INFO">Argument types are:
&lt;class 'int'&gt;
&lt;class 'str'&gt;</msg>
<arg>${response.status_code}</arg>
<arg>${expected_status_code}</arg>
<doc>Fails if objects are unequal after converting them to strings.</doc>
<status status="PASS" start="2025-08-02T22:28:16.174046" elapsed="0.000468"/>
</kw>
<kw name="Log" owner="BuiltIn">
<msg time="2025-08-02T22:28:16.174906" level="INFO">Validación de respuesta exitosa: 201</msg>
<arg>Validación de respuesta exitosa: ${response.status_code}</arg>
<doc>Logs the given message with the given level.</doc>
<status status="PASS" start="2025-08-02T22:28:16.174595" elapsed="0.000357"/>
</kw>
<arg>${response}</arg>
<arg>201</arg>
<doc>Valida que el código de estado de la respuesta sea el esperado</doc>
<status status="PASS" start="2025-08-02T22:28:16.173720" elapsed="0.001275"/>
</kw>
<kw name="Get From Dictionary" owner="Collections">
<msg time="2025-08-02T22:28:16.175458" level="INFO">${question_id} = 2</msg>
<var>${question_id}</var>
<arg>${response.json()}</arg>
<arg>id</arg>
<doc>Returns a value from the given ``dictionary`` based on the given ``key``.</doc>
<status status="PASS" start="2025-08-02T22:28:16.175077" elapsed="0.000399"/>
</kw>
<kw name="Copy Dictionary" owner="Collections">
<msg time="2025-08-02T22:28:16.175664" level="INFO">${option_data} = {'text': 'Si'}</msg>
<var>${option_data}</var>
<arg>${DATOS_OPTION_SI}</arg>
<doc>Returns a copy of the given dictionary.</doc>
<status status="PASS" start="2025-08-02T22:28:16.175550" elapsed="0.000133"/>
</kw>
<kw name="Set To Dictionary" owner="Collections">
<arg>${option_data}</arg>
<arg>question=${question_id}</arg>
<doc>Adds the given ``key_value_pairs`` and/or ``items`` to the ``dictionary``.</doc>
<status status="PASS" start="2025-08-02T22:28:16.175747" elapsed="0.000106"/>
</kw>
<kw name="Copy Dictionary" owner="Collections">
<msg time="2025-08-02T22:28:16.176017" level="INFO">${option_update_data} = {'text': 'Muchísimo'}</msg>
<var>${option_update_data}</var>
<arg>${DATOS_OPTION_UPDATE}</arg>
<doc>Returns a copy of the given dictionary.</doc>
<status status="PASS" start="2025-08-02T22:28:16.175916" elapsed="0.000118"/>
</kw>
<kw name="Set To Dictionary" owner="Collections">
<arg>${option_update_data}</arg>
<arg>question=${question_id}</arg>
<doc>Adds the given ``key_value_pairs`` and/or ``items`` to the ``dictionary``.</doc>
<status status="PASS" start="2025-08-02T22:28:16.176094" elapsed="0.000114"/>
</kw>
<kw name="Obtener Options" owner="keywords_api_surveys">
<kw name="GET On Session" owner="RequestsLibrary">
<msg time="2025-08-02T22:28:16.240950" level="INFO">GET Request : url=http://localhost:8000/api/options/ 
 path_url=/api/options/ 
 headers={'User-Agent': 'python-requests/2.32.4', 'Accept-Encoding': 'gzip, deflate', 'Accept': '*/*', 'Connection': 'keep-alive'} 
 body=None 
 </msg>
<msg time="2025-08-02T22:28:16.241045" level="INFO">GET Response : url=http://localhost:8000/api/options/ 
 status=200, reason=OK 
 headers={'Date': 'Sun, 03 Aug 2025 03:28:16 GMT', 'Server': 'WSGIServer/0.2 CPython/3.11.13', 'Content-Type': 'application/json', 'Vary': 'Accept, Cookie', 'Allow': 'GET, POST, HEAD, OPTIONS', 'X-Frame-Options': 'DENY', 'Content-Length': '2', 'X-Content-Type-Options': 'nosniff', 'Referrer-Policy': 'same-origin', 'Cross-Origin-Opener-Policy': 'same-origin'} 
 body=[] 
 </msg>
<msg time="2025-08-02T22:28:16.241178" level="INFO">${response} = &lt;Response [200]&gt;</msg>
<var>${response}</var>
<arg>${session}</arg>
<arg>/options/</arg>
<doc>Sends a GET request on a previously created HTTP Session.</doc>
<status status="PASS" start="2025-08-02T22:28:16.176482" elapsed="0.064724"/>
</kw>
<return>
<value>${response}</value>
<status status="PASS" start="2025-08-02T22:28:16.241281" elapsed="0.000047"/>
</return>
<msg time="2025-08-02T22:28:16.241450" level="INFO">${response} = &lt;Response [200]&gt;</msg>
<var>${response}</var>
<arg>${SESION_SURVEYS}</arg>
<doc>Obtiene todas las opciones</doc>
<status status="PASS" start="2025-08-02T22:28:16.176321" elapsed="0.065146"/>
</kw>
<kw name="Validar Respuesta" owner="keywords_api_surveys">
<kw name="Should Be Equal As Strings" owner="BuiltIn">
<msg time="2025-08-02T22:28:16.242303" level="INFO">Argument types are:
&lt;class 'int'&gt;
&lt;class 'str'&gt;</msg>
<arg>${response.status_code}</arg>
<arg>${expected_status_code}</arg>
<doc>Fails if objects are unequal after converting them to strings.</doc>
<status status="PASS" start="2025-08-02T22:28:16.241906" elapsed="0.000438"/>
</kw>
<kw name="Log" owner="BuiltIn">
<msg time="2025-08-02T22:28:16.242776" level="INFO">Validación de respuesta exitosa: 200</msg>
<arg>Validación de respuesta exitosa: ${response.status_code}</arg>
<doc>Logs the given message with the given level.</doc>
<status status="PASS" start="2025-08-02T22:28:16.242435" elapsed="0.000374"/>
</kw>
<arg>${response}</arg>
<arg>200</arg>
<doc>Valida que el código de estado de la respuesta sea el esperado</doc>
<status status="PASS" start="2025-08-02T22:28:16.241634" elapsed="0.001215"/>
</kw>
<kw name="Crear Option" owner="keywords_api_surveys">
<kw name="POST On Session" owner="RequestsLibrary">
<msg time="2025-08-02T22:28:16.372946" level="INFO">POST Request : url=http://localhost:8000/api/options/ 
 path_url=/api/options/ 
 headers={'User-Agent': 'python-requests/2.32.4', 'Accept-Encoding': 'gzip, deflate', 'Accept': '*/*', 'Connection': 'keep-alive', 'Content-Length': '29', 'Content-Type': 'application/json'} 
 body=b'{"text": "Si", "question": 2}' 
 </msg>
<msg time="2025-08-02T22:28:16.373042" level="INFO">POST Response : url=http://localhost:8000/api/options/ 
 status=201, reason=Created 
 headers={'Date': 'Sun, 03 Aug 2025 03:28:16 GMT', 'Server': 'WSGIServer/0.2 CPython/3.11.13', 'Content-Type': 'application/json', 'Vary': 'Accept, Cookie', 'Allow': 'GET, POST, HEAD, OPTIONS', 'X-Frame-Options': 'DENY', 'Content-Length': '76', 'X-Content-Type-Options': 'nosniff', 'Referrer-Policy': 'same-origin', 'Cross-Origin-Opener-Policy': 'same-origin'} 
 body={"id":1,"text":"Si","created_at":"2025-08-03T03:28:16.300464Z","question":2} 
 </msg>
<msg time="2025-08-02T22:28:16.373173" level="INFO">${response} = &lt;Response [201]&gt;</msg>
<var>${response}</var>
<arg>${session}</arg>
<arg>/options/</arg>
<arg>json=${option_data}</arg>
<doc>Sends a POST request on a previously created HTTP Session.</doc>
<status status="PASS" start="2025-08-02T22:28:16.243194" elapsed="0.130016"/>
</kw>
<return>
<value>${response}</value>
<status status="PASS" start="2025-08-02T22:28:16.373287" elapsed="0.000044"/>
</return>
<msg time="2025-08-02T22:28:16.373448" level="INFO">${response} = &lt;Response [201]&gt;</msg>
<var>${response}</var>
<arg>${SESION_SURVEYS}</arg>
<arg>${option_data}</arg>
<doc>Crea una nueva opción</doc>
<status status="PASS" start="2025-08-02T22:28:16.242964" elapsed="0.130503"/>
</kw>
<kw name="Validar Respuesta" owner="keywords_api_surveys">
<kw name="Should Be Equal As Strings" owner="BuiltIn">
<msg time="2025-08-02T22:28:16.374312" level="INFO">Argument types are:
&lt;class 'int'&gt;
&lt;class 'str'&gt;</msg>
<arg>${response.status_code}</arg>
<arg>${expected_status_code}</arg>
<doc>Fails if objects are unequal after converting them to strings.</doc>
<status status="PASS" start="2025-08-02T22:28:16.373887" elapsed="0.000476"/>
</kw>
<kw name="Log" owner="BuiltIn">
<msg time="2025-08-02T22:28:16.374926" level="INFO">Validación de respuesta exitosa: 201</msg>
<arg>Validación de respuesta exitosa: ${response.status_code}</arg>
<doc>Logs the given message with the given level.</doc>
<status status="PASS" start="2025-08-02T22:28:16.374565" elapsed="0.000399"/>
</kw>
<arg>${response}</arg>
<arg>201</arg>
<doc>Valida que el código de estado de la respuesta sea el esperado</doc>
<status status="PASS" start="2025-08-02T22:28:16.373646" elapsed="0.001363"/>
</kw>
<kw name="Get From Dictionary" owner="Collections">
<msg time="2025-08-02T22:28:16.375504" level="INFO">${option_id} = 1</msg>
<var>${option_id}</var>
<arg>${response.json()}</arg>
<arg>id</arg>
<doc>Returns a value from the given ``dictionary`` based on the given ``key``.</doc>
<status status="PASS" start="2025-08-02T22:28:16.375098" elapsed="0.000423"/>
</kw>
<kw name="Obtener Option Por ID" owner="keywords_api_surveys">
<kw name="GET On Session" owner="RequestsLibrary">
<msg time="2025-08-02T22:28:16.431431" level="INFO">GET Request : url=http://localhost:8000/api/options/1/ 
 path_url=/api/options/1/ 
 headers={'User-Agent': 'python-requests/2.32.4', 'Accept-Encoding': 'gzip, deflate', 'Accept': '*/*', 'Connection': 'keep-alive'} 
 body=None 
 </msg>
<msg time="2025-08-02T22:28:16.431504" level="INFO">GET Response : url=http://localhost:8000/api/options/1/ 
 status=200, reason=OK 
 headers={'Date': 'Sun, 03 Aug 2025 03:28:16 GMT', 'Server': 'WSGIServer/0.2 CPython/3.11.13', 'Content-Type': 'application/json', 'Vary': 'Accept, Cookie', 'Allow': 'GET, PUT, PATCH, DELETE, HEAD, OPTIONS', 'X-Frame-Options': 'DENY', 'Content-Length': '76', 'X-Content-Type-Options': 'nosniff', 'Referrer-Policy': 'same-origin', 'Cross-Origin-Opener-Policy': 'same-origin'} 
 body={"id":1,"text":"Si","created_at":"2025-08-03T03:28:16.300464Z","question":2} 
 </msg>
<msg time="2025-08-02T22:28:16.431604" level="INFO">${response} = &lt;Response [200]&gt;</msg>
<var>${response}</var>
<arg>${session}</arg>
<arg>/options/${option_id}/</arg>
<doc>Sends a GET request on a previously created HTTP Session.</doc>
<status status="PASS" start="2025-08-02T22:28:16.375853" elapsed="0.055770"/>
</kw>
<return>
<value>${response}</value>
<status status="PASS" start="2025-08-02T22:28:16.431678" elapsed="0.000038"/>
</return>
<msg time="2025-08-02T22:28:16.431824" level="INFO">${response} = &lt;Response [200]&gt;</msg>
<var>${response}</var>
<arg>${SESION_SURVEYS}</arg>
<arg>${option_id}</arg>
<doc>Obtiene una opción específica por ID</doc>
<status status="PASS" start="2025-08-02T22:28:16.375641" elapsed="0.056200"/>
</kw>
<kw name="Validar Respuesta" owner="keywords_api_surveys">
<kw name="Should Be Equal As Strings" owner="BuiltIn">
<msg time="2025-08-02T22:28:16.432582" level="INFO">Argument types are:
&lt;class 'int'&gt;
&lt;class 'str'&gt;</msg>
<arg>${response.status_code}</arg>
<arg>${expected_status_code}</arg>
<doc>Fails if objects are unequal after converting them to strings.</doc>
<status status="PASS" start="2025-08-02T22:28:16.432197" elapsed="0.000426"/>
</kw>
<kw name="Log" owner="BuiltIn">
<msg time="2025-08-02T22:28:16.433010" level="INFO">Validación de respuesta exitosa: 200</msg>
<arg>Validación de respuesta exitosa: ${response.status_code}</arg>
<doc>Logs the given message with the given level.</doc>
<status status="PASS" start="2025-08-02T22:28:16.432698" elapsed="0.000343"/>
</kw>
<arg>${response}</arg>
<arg>200</arg>
<doc>Valida que el código de estado de la respuesta sea el esperado</doc>
<status status="PASS" start="2025-08-02T22:28:16.431978" elapsed="0.001100"/>
</kw>
<kw name="Actualizar Option" owner="keywords_api_surveys">
<kw name="PUT On Session" owner="RequestsLibrary">
<msg time="2025-08-02T22:28:16.573629" level="INFO">PUT Request : url=http://localhost:8000/api/options/1/ 
 path_url=/api/options/1/ 
 headers={'User-Agent': 'python-requests/2.32.4', 'Accept-Encoding': 'gzip, deflate', 'Accept': '*/*', 'Connection': 'keep-alive', 'Content-Length': '41', 'Content-Type': 'application/json'} 
 body=b'{"text": "Much\\u00edsimo", "question": 2}' 
 </msg>
<msg time="2025-08-02T22:28:16.573720" level="INFO">PUT Response : url=http://localhost:8000/api/options/1/ 
 status=200, reason=OK 
 headers={'Date': 'Sun, 03 Aug 2025 03:28:16 GMT', 'Server': 'WSGIServer/0.2 CPython/3.11.13', 'Content-Type': 'application/json', 'Vary': 'Accept, Cookie', 'Allow': 'GET, PUT, PATCH, DELETE, HEAD, OPTIONS', 'X-Frame-Options': 'DENY', 'Content-Length': '84', 'X-Content-Type-Options': 'nosniff', 'Referrer-Policy': 'same-origin', 'Cross-Origin-Opener-Policy': 'same-origin'} 
 body={"id":1,"text":"Muchísimo","created_at":"2025-08-03T03:28:16.300464Z","question":2} 
 </msg>
<msg time="2025-08-02T22:28:16.573856" level="INFO">${response} = &lt;Response [200]&gt;</msg>
<var>${response}</var>
<arg>${session}</arg>
<arg>/options/${option_id}/</arg>
<arg>json=${option_data}</arg>
<doc>Sends a PUT request on a previously created HTTP Session.</doc>
<status status="PASS" start="2025-08-02T22:28:16.433403" elapsed="0.140484"/>
</kw>
<return>
<value>${response}</value>
<status status="PASS" start="2025-08-02T22:28:16.573968" elapsed="0.000049"/>
</return>
<msg time="2025-08-02T22:28:16.574179" level="INFO">${response} = &lt;Response [200]&gt;</msg>
<var>${response}</var>
<arg>${SESION_SURVEYS}</arg>
<arg>${option_id}</arg>
<arg>${option_update_data}</arg>
<doc>Actualiza una opción existente</doc>
<status status="PASS" start="2025-08-02T22:28:16.433186" elapsed="0.141019"/>
</kw>
<kw name="Validar Respuesta" owner="keywords_api_surveys">
<kw name="Should Be Equal As Strings" owner="BuiltIn">
<msg time="2025-08-02T22:28:16.575273" level="INFO">Argument types are:
&lt;class 'int'&gt;
&lt;class 'str'&gt;</msg>
<arg>${response.status_code}</arg>
<arg>${expected_status_code}</arg>
<doc>Fails if objects are unequal after converting them to strings.</doc>
<status status="PASS" start="2025-08-02T22:28:16.574720" elapsed="0.000596"/>
</kw>
<kw name="Log" owner="BuiltIn">
<msg time="2025-08-02T22:28:16.575809" level="INFO">Validación de respuesta exitosa: 200</msg>
<arg>Validación de respuesta exitosa: ${response.status_code}</arg>
<doc>Logs the given message with the given level.</doc>
<status status="PASS" start="2025-08-02T22:28:16.575470" elapsed="0.000373"/>
</kw>
<arg>${response}</arg>
<arg>200</arg>
<doc>Valida que el código de estado de la respuesta sea el esperado</doc>
<status status="PASS" start="2025-08-02T22:28:16.574401" elapsed="0.001484"/>
</kw>
<kw name="Eliminar Option" owner="keywords_api_surveys">
<kw name="DELETE On Session" owner="RequestsLibrary">
<msg time="2025-08-02T22:28:16.639919" level="INFO">DELETE Request : url=http://localhost:8000/api/options/1/ 
 path_url=/api/options/1/ 
 headers={'User-Agent': 'python-requests/2.32.4', 'Accept-Encoding': 'gzip, deflate', 'Accept': '*/*', 'Connection': 'keep-alive', 'Content-Length': '0'} 
 body=None 
 </msg>
<msg time="2025-08-02T22:28:16.640006" level="INFO">DELETE Response : url=http://localhost:8000/api/options/1/ 
 status=204, reason=No Content 
 headers={'Date': 'Sun, 03 Aug 2025 03:28:16 GMT', 'Server': 'WSGIServer/0.2 CPython/3.11.13', 'Vary': 'Accept, Cookie', 'Allow': 'GET, PUT, PATCH, DELETE, HEAD, OPTIONS', 'X-Frame-Options': 'DENY', 'Content-Length': '0', 'X-Content-Type-Options': 'nosniff', 'Referrer-Policy': 'same-origin', 'Cross-Origin-Opener-Policy': 'same-origin'} 
 body=None 
 </msg>
<msg time="2025-08-02T22:28:16.640134" level="INFO">${response} = &lt;Response [204]&gt;</msg>
<var>${response}</var>
<arg>${session}</arg>
<arg>/options/${option_id}/</arg>
<doc>Sends a DELETE request on a previously created HTTP Session.</doc>
<status status="PASS" start="2025-08-02T22:28:16.576221" elapsed="0.063941"/>
</kw>
<return>
<value>${response}</value>
<status status="PASS" start="2025-08-02T22:28:16.640236" elapsed="0.000045"/>
</return>
<msg time="2025-08-02T22:28:16.640493" level="INFO">${response} = &lt;Response [204]&gt;</msg>
<var>${response}</var>
<arg>${SESION_SURVEYS}</arg>
<arg>${option_id}</arg>
<doc>Elimina una opción</doc>
<status status="PASS" start="2025-08-02T22:28:16.576006" elapsed="0.064512"/>
</kw>
<kw name="Validar Respuesta" owner="keywords_api_surveys">
<kw name="Should Be Equal As Strings" owner="BuiltIn">
<msg time="2025-08-02T22:28:16.641481" level="INFO">Argument types are:
&lt;class 'int'&gt;
&lt;class 'str'&gt;</msg>
<arg>${response.status_code}</arg>
<arg>${expected_status_code}</arg>
<doc>Fails if objects are unequal after converting them to strings.</doc>
<status status="PASS" start="2025-08-02T22:28:16.641077" elapsed="0.000440"/>
</kw>
<kw name="Log" owner="BuiltIn">
<msg time="2025-08-02T22:28:16.641880" level="INFO">Validación de respuesta exitosa: 204</msg>
<arg>Validación de respuesta exitosa: ${response.status_code}</arg>
<doc>Logs the given message with the given level.</doc>
<status status="PASS" start="2025-08-02T22:28:16.641587" elapsed="0.000321"/>
</kw>
<arg>${response}</arg>
<arg>204</arg>
<doc>Valida que el código de estado de la respuesta sea el esperado</doc>
<status status="PASS" start="2025-08-02T22:28:16.640752" elapsed="0.001193"/>
</kw>
<kw name="Eliminar Question" owner="keywords_api_surveys">
<kw name="DELETE On Session" owner="RequestsLibrary">
<msg time="2025-08-02T22:28:16.720354" level="INFO">DELETE Request : url=http://localhost:8000/api/questions/2/ 
 path_url=/api/questions/2/ 
 headers={'User-Agent': 'python-requests/2.32.4', 'Accept-Encoding': 'gzip, deflate', 'Accept': '*/*', 'Connection': 'keep-alive', 'Content-Length': '0'} 
 body=None 
 </msg>
<msg time="2025-08-02T22:28:16.720440" level="INFO">DELETE Response : url=http://localhost:8000/api/questions/2/ 
 status=204, reason=No Content 
 headers={'Date': 'Sun, 03 Aug 2025 03:28:16 GMT', 'Server': 'WSGIServer/0.2 CPython/3.11.13', 'Vary': 'Accept, Cookie', 'Allow': 'GET, PUT, PATCH, DELETE, HEAD, OPTIONS', 'X-Frame-Options': 'DENY', 'Content-Length': '0', 'X-Content-Type-Options': 'nosniff', 'Referrer-Policy': 'same-origin', 'Cross-Origin-Opener-Policy': 'same-origin'} 
 body=None 
 </msg>
<msg time="2025-08-02T22:28:16.720568" level="INFO">${response} = &lt;Response [204]&gt;</msg>
<var>${response}</var>
<arg>${session}</arg>
<arg>/questions/${question_id}/</arg>
<doc>Sends a DELETE request on a previously created HTTP Session.</doc>
<status status="PASS" start="2025-08-02T22:28:16.642232" elapsed="0.078364"/>
</kw>
<return>
<value>${response}</value>
<status status="PASS" start="2025-08-02T22:28:16.720671" elapsed="0.000045"/>
</return>
<msg time="2025-08-02T22:28:16.720878" level="INFO">${response} = &lt;Response [204]&gt;</msg>
<var>${response}</var>
<arg>${SESION_SURVEYS}</arg>
<arg>${question_id}</arg>
<doc>Elimina una pregunta</doc>
<status status="PASS" start="2025-08-02T22:28:16.642047" elapsed="0.078856"/>
</kw>
<kw name="Validar Respuesta" owner="keywords_api_surveys">
<kw name="Should Be Equal As Strings" owner="BuiltIn">
<msg time="2025-08-02T22:28:16.721775" level="INFO">Argument types are:
&lt;class 'int'&gt;
&lt;class 'str'&gt;</msg>
<arg>${response.status_code}</arg>
<arg>${expected_status_code}</arg>
<doc>Fails if objects are unequal after converting them to strings.</doc>
<status status="PASS" start="2025-08-02T22:28:16.721374" elapsed="0.000439"/>
</kw>
<kw name="Log" owner="BuiltIn">
<msg time="2025-08-02T22:28:16.722178" level="INFO">Validación de respuesta exitosa: 204</msg>
<arg>Validación de respuesta exitosa: ${response.status_code}</arg>
<doc>Logs the given message with the given level.</doc>
<status status="PASS" start="2025-08-02T22:28:16.721886" elapsed="0.000321"/>
</kw>
<arg>${response}</arg>
<arg>204</arg>
<doc>Valida que el código de estado de la respuesta sea el esperado</doc>
<status status="PASS" start="2025-08-02T22:28:16.721079" elapsed="0.001165"/>
</kw>
<kw name="Eliminar Survey" owner="keywords_api_surveys">
<kw name="DELETE On Session" owner="RequestsLibrary">
<msg time="2025-08-02T22:28:16.789932" level="INFO">DELETE Request : url=http://localhost:8000/api/surveys/3/ 
 path_url=/api/surveys/3/ 
 headers={'User-Agent': 'python-requests/2.32.4', 'Accept-Encoding': 'gzip, deflate', 'Accept': '*/*', 'Connection': 'keep-alive', 'Content-Length': '0'} 
 body=None 
 </msg>
<msg time="2025-08-02T22:28:16.790013" level="INFO">DELETE Response : url=http://localhost:8000/api/surveys/3/ 
 status=204, reason=No Content 
 headers={'Date': 'Sun, 03 Aug 2025 03:28:16 GMT', 'Server': 'WSGIServer/0.2 CPython/3.11.13', 'Vary': 'Accept, Cookie', 'Allow': 'GET, PUT, PATCH, DELETE, HEAD, OPTIONS', 'X-Frame-Options': 'DENY', 'Content-Length': '0', 'X-Content-Type-Options': 'nosniff', 'Referrer-Policy': 'same-origin', 'Cross-Origin-Opener-Policy': 'same-origin'} 
 body=None 
 </msg>
<msg time="2025-08-02T22:28:16.790138" level="INFO">${response} = &lt;Response [204]&gt;</msg>
<var>${response}</var>
<arg>${session}</arg>
<arg>/surveys/${survey_id}/</arg>
<doc>Sends a DELETE request on a previously created HTTP Session.</doc>
<status status="PASS" start="2025-08-02T22:28:16.722552" elapsed="0.067612"/>
</kw>
<return>
<value>${response}</value>
<status status="PASS" start="2025-08-02T22:28:16.790270" elapsed="0.000050"/>
</return>
<msg time="2025-08-02T22:28:16.790456" level="INFO">${response} = &lt;Response [204]&gt;</msg>
<var>${response}</var>
<arg>${SESION_SURVEYS}</arg>
<arg>${survey_id}</arg>
<doc>Elimina una encuesta</doc>
<status status="PASS" start="2025-08-02T22:28:16.722364" elapsed="0.068115"/>
</kw>
<kw name="Validar Respuesta" owner="keywords_api_surveys">
<kw name="Should Be Equal As Strings" owner="BuiltIn">
<msg time="2025-08-02T22:28:16.791320" level="INFO">Argument types are:
&lt;class 'int'&gt;
&lt;class 'str'&gt;</msg>
<arg>${response.status_code}</arg>
<arg>${expected_status_code}</arg>
<doc>Fails if objects are unequal after converting them to strings.</doc>
<status status="PASS" start="2025-08-02T22:28:16.790929" elapsed="0.000431"/>
</kw>
<kw name="Log" owner="BuiltIn">
<msg time="2025-08-02T22:28:16.791722" level="INFO">Validación de respuesta exitosa: 204</msg>
<arg>Validación de respuesta exitosa: ${response.status_code}</arg>
<doc>Logs the given message with the given level.</doc>
<status status="PASS" start="2025-08-02T22:28:16.791432" elapsed="0.000320"/>
</kw>
<arg>${response}</arg>
<arg>204</arg>
<doc>Valida que el código de estado de la respuesta sea el esperado</doc>
<status status="PASS" start="2025-08-02T22:28:16.790648" elapsed="0.001140"/>
</kw>
<kw name="Log" owner="BuiltIn">
<msg time="2025-08-02T22:28:16.791919" level="INFO">Test Options exitoso en intento 1</msg>
<arg>Test Options exitoso en intento ${intento}</arg>
<doc>Logs the given message with the given level.</doc>
<status status="PASS" start="2025-08-02T22:28:16.791848" elapsed="0.000100"/>
</kw>
<break>
<status status="PASS" start="2025-08-02T22:28:16.791981" elapsed="0.000026"/>
</break>
<status status="PASS" start="2025-08-02T22:28:16.024181" elapsed="0.767847"/>
</branch>
<branch type="EXCEPT" assign="${error}">
<kw name="Log" owner="BuiltIn">
<arg>Error en intento ${intento}: ${error}</arg>
<doc>Logs the given message with the given level.</doc>
<status status="NOT RUN" start="2025-08-02T22:28:16.792117" elapsed="0.000012"/>
</kw>
<if>
<branch type="IF" condition="${intento} == ${MAX_REINTENTOS}">
<kw name="Fail" owner="BuiltIn">
<arg>Test Options falló después de ${MAX_REINTENTOS} intentos. Último error: ${error}</arg>
<doc>Fails the test with the given message and optionally alters its tags.</doc>
<status status="NOT RUN" start="2025-08-02T22:28:16.792237" elapsed="0.000011"/>
</kw>
<status status="NOT RUN" start="2025-08-02T22:28:16.792179" elapsed="0.000090"/>
</branch>
<status status="NOT RUN" start="2025-08-02T22:28:16.792166" elapsed="0.000119"/>
</if>
<kw name="Sleep" owner="BuiltIn">
<arg>2s</arg>
<doc>Pauses the test executed for the given time.</doc>
<status status="NOT RUN" start="2025-08-02T22:28:16.792331" elapsed="0.000070"/>
</kw>
<status status="NOT RUN" start="2025-08-02T22:28:16.792063" elapsed="0.000361"/>
</branch>
<status status="PASS" start="2025-08-02T22:28:16.024158" elapsed="0.768288"/>
</try>
<var name="${intento}">1</var>
<status status="PASS" start="2025-08-02T22:28:16.024133" elapsed="0.768335"/>
</iter>
<var>${intento}</var>
<value>1</value>
<value>${MAX_REINTENTOS + 1}</value>
<status status="PASS" start="2025-08-02T22:28:16.023541" elapsed="0.768950"/>
</for>
<doc>Verificar todas las operaciones CRUD en el endpoint /options/</doc>
<status status="PASS" start="2025-08-02T22:28:16.023279" elapsed="0.769436"/>
</test>
<test id="s1-t4" name="Test Endpoint /Answers/" line="200">
<for flavor="IN RANGE">
<iter>
<try>
<branch type="TRY">
<kw name="Log" owner="BuiltIn">
<msg time="2025-08-02T22:28:16.794246" level="INFO">Intento 1 de 3 - Test Answers</msg>
<arg>Intento ${intento} de ${MAX_REINTENTOS} - Test Answers</arg>
<doc>Logs the given message with the given level.</doc>
<status status="PASS" start="2025-08-02T22:28:16.794130" elapsed="0.000168"/>
</kw>
<kw name="Create Session" owner="RequestsLibrary">
<msg time="2025-08-02T22:28:16.794478" level="INFO">Creating Session using : alias=surveys_session, url=http://localhost:8000/api, headers={},                     cookies={}, auth=None, timeout=None, proxies=None, verify=False,                     debug=0 </msg>
<arg>${SESION_SURVEYS}</arg>
<arg>${URL_SURVEYS}</arg>
<doc>Create Session: create a HTTP session to a server</doc>
<status status="PASS" start="2025-08-02T22:28:16.794381" elapsed="0.000196"/>
</kw>
<kw name="Create Session" owner="RequestsLibrary">
<msg time="2025-08-02T22:28:16.794744" level="INFO">Creating Session using : alias=answers_session, url=http://localhost:8001/api, headers={},                     cookies={}, auth=None, timeout=None, proxies=None, verify=False,                     debug=0 </msg>
<arg>${SESION_ANSWERS}</arg>
<arg>${URL_ANSWERS}</arg>
<doc>Create Session: create a HTTP session to a server</doc>
<status status="PASS" start="2025-08-02T22:28:16.794640" elapsed="0.000175"/>
</kw>
<kw name="Crear Survey" owner="keywords_api_surveys">
<kw name="POST On Session" owner="RequestsLibrary">
<msg time="2025-08-02T22:28:16.829532" level="INFO">POST Request : url=http://localhost:8000/api/surveys/ 
 path_url=/api/surveys/ 
 headers={'User-Agent': 'python-requests/2.32.4', 'Accept-Encoding': 'gzip, deflate', 'Accept': '*/*', 'Connection': 'keep-alive', 'Content-Length': '93', 'Content-Type': 'application/json'} 
 body=b'{"name": "Encuesta Para TEST", "description": "Descripci\\u00f3n de la encuesta para pruebas"}' 
 </msg>
<msg time="2025-08-02T22:28:16.829606" level="INFO">POST Response : url=http://localhost:8000/api/surveys/ 
 status=201, reason=Created 
 headers={'Date': 'Sun, 03 Aug 2025 03:28:16 GMT', 'Server': 'WSGIServer/0.2 CPython/3.11.13', 'Content-Type': 'application/json', 'Vary': 'Accept, Cookie', 'Allow': 'GET, POST, HEAD, OPTIONS', 'X-Frame-Options': 'DENY', 'Content-Length': '151', 'X-Content-Type-Options': 'nosniff', 'Referrer-Policy': 'same-origin', 'Cross-Origin-Opener-Policy': 'same-origin'} 
 body={"id":4,"questions":[],"name":"Encuesta Para TEST","description":"Descripción de la encuesta para pruebas","created_at":"2025-08-03T03:28:16.807703Z"} 
 </msg>
<msg time="2025-08-02T22:28:16.829722" level="INFO">${response} = &lt;Response [201]&gt;</msg>
<var>${response}</var>
<arg>${session}</arg>
<arg>/surveys/</arg>
<arg>json=${survey_data}</arg>
<doc>Sends a POST request on a previously created HTTP Session.</doc>
<status status="PASS" start="2025-08-02T22:28:16.795118" elapsed="0.034626"/>
</kw>
<return>
<value>${response}</value>
<status status="PASS" start="2025-08-02T22:28:16.829807" elapsed="0.000038"/>
</return>
<msg time="2025-08-02T22:28:16.829950" level="INFO">${response} = &lt;Response [201]&gt;</msg>
<var>${response}</var>
<arg>${SESION_SURVEYS}</arg>
<arg>${DATOS_SURVEY}</arg>
<doc>Crea una nueva encuesta</doc>
<status status="PASS" start="2025-08-02T22:28:16.794922" elapsed="0.035044"/>
</kw>
<kw name="Validar Respuesta" owner="keywords_api_surveys">
<kw name="Should Be Equal As Strings" owner="BuiltIn">
<msg time="2025-08-02T22:28:16.830695" level="INFO">Argument types are:
&lt;class 'int'&gt;
&lt;class 'str'&gt;</msg>
<arg>${response.status_code}</arg>
<arg>${expected_status_code}</arg>
<doc>Fails if objects are unequal after converting them to strings.</doc>
<status status="PASS" start="2025-08-02T22:28:16.830318" elapsed="0.000413"/>
</kw>
<kw name="Log" owner="BuiltIn">
<msg time="2025-08-02T22:28:16.831104" level="INFO">Validación de respuesta exitosa: 201</msg>
<arg>Validación de respuesta exitosa: ${response.status_code}</arg>
<doc>Logs the given message with the given level.</doc>
<status status="PASS" start="2025-08-02T22:28:16.830802" elapsed="0.000331"/>
</kw>
<arg>${response}</arg>
<arg>201</arg>
<doc>Valida que el código de estado de la respuesta sea el esperado</doc>
<status status="PASS" start="2025-08-02T22:28:16.830101" elapsed="0.001069"/>
</kw>
<kw name="Get From Dictionary" owner="Collections">
<msg time="2025-08-02T22:28:16.831586" level="INFO">${survey_id} = 4</msg>
<var>${survey_id}</var>
<arg>${response.json()}</arg>
<arg>id</arg>
<doc>Returns a value from the given ``dictionary`` based on the given ``key``.</doc>
<status status="PASS" start="2025-08-02T22:28:16.831235" elapsed="0.000368"/>
</kw>
<kw name="Copy Dictionary" owner="Collections">
<msg time="2025-08-02T22:28:16.831783" level="INFO">${question_data} = {'text': '¿Te gusta programar?', 'question_type': 'Cerrada'}</msg>
<var>${question_data}</var>
<arg>${DATOS_QUESTION}</arg>
<doc>Returns a copy of the given dictionary.</doc>
<status status="PASS" start="2025-08-02T22:28:16.831669" elapsed="0.000130"/>
</kw>
<kw name="Set To Dictionary" owner="Collections">
<arg>${question_data}</arg>
<arg>survey=${survey_id}</arg>
<doc>Adds the given ``key_value_pairs`` and/or ``items`` to the ``dictionary``.</doc>
<status status="PASS" start="2025-08-02T22:28:16.831858" elapsed="0.000124"/>
</kw>
<kw name="Crear Question" owner="keywords_api_surveys">
<kw name="POST On Session" owner="RequestsLibrary">
<msg time="2025-08-02T22:28:16.963472" level="INFO">POST Request : url=http://localhost:8000/api/questions/ 
 path_url=/api/questions/ 
 headers={'User-Agent': 'python-requests/2.32.4', 'Accept-Encoding': 'gzip, deflate', 'Accept': '*/*', 'Connection': 'keep-alive', 'Content-Length': '78', 'Content-Type': 'application/json'} 
 body=b'{"text": "\\u00bfTe gusta programar?", "question_type": "Cerrada", "survey": 4}' 
 </msg>
<msg time="2025-08-02T22:28:16.963551" level="INFO">POST Response : url=http://localhost:8000/api/questions/ 
 status=201, reason=Created 
[...]
<status status="PASS" start="2025-08-02T22:28:18.104540" elapsed="0.000444"/>
</kw>
<kw name="Log" owner="BuiltIn">
<msg time="2025-08-02T22:28:18.105455" level="INFO">Validación de respuesta exitosa: 201</msg>
<arg>Validación de respuesta exitosa: ${response.status_code}</arg>
<doc>Logs the given message with the given level.</doc>
<status status="PASS" start="2025-08-02T22:28:18.105113" elapsed="0.000374"/>
</kw>
<arg>${response}</arg>
<arg>201</arg>
<doc>Valida que el código de estado de la respuesta sea el esperado</doc>
<status status="PASS" start="2025-08-02T22:28:18.104294" elapsed="0.001234"/>
</kw>
<kw name="Get From Dictionary" owner="Collections">
<msg time="2025-08-02T22:28:18.105988" level="INFO">${option_id} = 4</msg>
<var>${option_id}</var>
<arg>${response.json()}</arg>
<arg>id</arg>
<doc>Returns a value from the given ``dictionary`` based on the given ``key``.</doc>
<status status="PASS" start="2025-08-02T22:28:18.105602" elapsed="0.000404"/>
</kw>
<kw name="Copy Dictionary" owner="Collections">
<msg time="2025-08-02T22:28:18.106200" level="INFO">${answer_data} = {'id_question': '1', 'id_option': '1', 'answer': None}</msg>
<var>${answer_data}</var>
<arg>${DATOS_ANSWER_CERRADA}</arg>
<doc>Returns a copy of the given dictionary.</doc>
<status status="PASS" start="2025-08-02T22:28:18.106085" elapsed="0.000132"/>
</kw>
<kw name="Set To Dictionary" owner="Collections">
<arg>${answer_data}</arg>
<arg>id_question=${question_id}</arg>
<arg>id_option=${option_id}</arg>
<doc>Adds the given ``key_value_pairs`` and/or ``items`` to the ``dictionary``.</doc>
<status status="PASS" start="2025-08-02T22:28:18.106279" elapsed="0.000142"/>
</kw>
<kw name="Crear Answer" owner="keywords_api_surveys">
<kw name="POST On Session" owner="RequestsLibrary">
<msg time="2025-08-02T22:28:18.129715" level="INFO">POST Request : url=http://localhost:8001/api/answers/ 
 path_url=/api/answers/ 
 headers={'User-Agent': 'python-requests/2.32.4', 'Accept-Encoding': 'gzip, deflate', 'Accept': '*/*', 'Connection': 'keep-alive', 'Content-Length': '50', 'Content-Type': 'application/json'} 
 body=b'{"id_question": 5, "id_option": 4, "answer": null}' 
 </msg>
<msg time="2025-08-02T22:28:18.129788" level="INFO">POST Response : url=http://localhost:8001/api/answers/ 
 status=201, reason=Created 
 headers={'Date': 'Sun, 03 Aug 2025 03:28:18 GMT', 'Server': 'WSGIServer/0.2 CPython/3.11.13', 'Content-Type': 'application/json', 'Vary': 'Accept, Cookie', 'Allow': 'POST, OPTIONS', 'X-Frame-Options': 'DENY', 'Content-Length': '52', 'X-Content-Type-Options': 'nosniff', 'Referrer-Policy': 'same-origin', 'Cross-Origin-Opener-Policy': 'same-origin'} 
 body={"id":3,"id_question":5,"id_option":4,"answer":null} 
 </msg>
<msg time="2025-08-02T22:28:18.129896" level="INFO">${response} = &lt;Response [201]&gt;</msg>
<var>${response}</var>
<arg>${session}</arg>
<arg>/answers/</arg>
<arg>json=${answer_data}</arg>
<doc>Sends a POST request on a previously created HTTP Session.</doc>
<status status="PASS" start="2025-08-02T22:28:18.106796" elapsed="0.023121"/>
</kw>
<return>
<value>${response}</value>
<status status="PASS" start="2025-08-02T22:28:18.129979" elapsed="0.000038"/>
</return>
<msg time="2025-08-02T22:28:18.130124" level="INFO">${response} = &lt;Response [201]&gt;</msg>
<var>${response}</var>
<arg>${SESION_ANSWERS}</arg>
<arg>${answer_data}</arg>
<doc>Crea una nueva respuesta</doc>
<status status="PASS" start="2025-08-02T22:28:18.106598" elapsed="0.023544"/>
</kw>
<kw name="Validar Respuesta" owner="keywords_api_surveys">
<kw name="Should Be Equal As Strings" owner="BuiltIn">
<msg time="2025-08-02T22:28:18.130938" level="INFO">Argument types are:
&lt;class 'int'&gt;
&lt;class 'str'&gt;</msg>
<arg>${response.status_code}</arg>
<arg>${expected_status_code}</arg>
<doc>Fails if objects are unequal after converting them to strings.</doc>
<status status="PASS" start="2025-08-02T22:28:18.130536" elapsed="0.000441"/>
</kw>
<kw name="Log" owner="BuiltIn">
<msg time="2025-08-02T22:28:18.131368" level="INFO">Validación de respuesta exitosa: 201</msg>
<arg>Validación de respuesta exitosa: ${response.status_code}</arg>
<doc>Logs the given message with the given level.</doc>
<status status="PASS" start="2025-08-02T22:28:18.131063" elapsed="0.000336"/>
</kw>
<arg>${response}</arg>
<arg>201</arg>
<doc>Valida que el código de estado de la respuesta sea el esperado</doc>
<status status="PASS" start="2025-08-02T22:28:18.130285" elapsed="0.001153"/>
</kw>
<kw name="Exportar Survey a CSV" owner="keywords_faas">
<kw name="POST On Session" owner="RequestsLibrary">
<msg time="2025-08-02T22:28:18.272474" level="INFO">POST Request : url=http://localhost:8003/exports/6 
 path_url=/exports/6 
 headers={'User-Agent': 'python-requests/2.32.4', 'Accept-Encoding': 'gzip, deflate', 'Accept': '*/*', 'Connection': 'keep-alive', 'Content-Length': '0'} 
 body=None 
 </msg>
<msg time="2025-08-02T22:28:18.272562" level="INFO">POST Response : url=http://localhost:8003/exports/6 
 status=200, reason=OK 
 headers={'date': 'Sun, 03 Aug 2025 03:28:17 GMT', 'server': 'uvicorn', 'content-length': '117', 'content-type': 'application/json'} 
 body={"status":"success","message":"CSV export completed for survey 6","file_path":"exports/encuesta_6.csv","survey_id":6} 
 </msg>
<msg time="2025-08-02T22:28:18.272700" level="INFO">${response} = &lt;Response [200]&gt;</msg>
<var>${response}</var>
<arg>${session}</arg>
<arg>/exports/${survey_id}</arg>
<doc>Sends a POST request on a previously created HTTP Session.</doc>
<status status="PASS" start="2025-08-02T22:28:18.131733" elapsed="0.141023"/>
</kw>
<return>
<value>${response}</value>
<status status="PASS" start="2025-08-02T22:28:18.272831" elapsed="0.000046"/>
</return>
<msg time="2025-08-02T22:28:18.273019" level="INFO">${response} = &lt;Response [200]&gt;</msg>
<var>${response}</var>
<arg>${SESION_FAAS}</arg>
<arg>${survey_id}</arg>
<doc>Exporta una encuesta a formato CSV</doc>
<status status="PASS" start="2025-08-02T22:28:18.131545" elapsed="0.141498"/>
</kw>
<kw name="Validar Respuesta" owner="keywords_api_surveys">
<kw name="Should Be Equal As Strings" owner="BuiltIn">
<msg time="2025-08-02T22:28:18.273791" level="INFO">Argument types are:
&lt;class 'int'&gt;
&lt;class 'str'&gt;</msg>
<arg>${response.status_code}</arg>
<arg>${expected_status_code}</arg>
<doc>Fails if objects are unequal after converting them to strings.</doc>
<status status="PASS" start="2025-08-02T22:28:18.273406" elapsed="0.000421"/>
</kw>
<kw name="Log" owner="BuiltIn">
<msg time="2025-08-02T22:28:18.274195" level="INFO">Validación de respuesta exitosa: 200</msg>
<arg>Validación de respuesta exitosa: ${response.status_code}</arg>
<doc>Logs the given message with the given level.</doc>
<status status="PASS" start="2025-08-02T22:28:18.273895" elapsed="0.000337"/>
</kw>
<arg>${response}</arg>
<arg>200</arg>
<doc>Valida que el código de estado de la respuesta sea el esperado</doc>
<status status="PASS" start="2025-08-02T22:28:18.273190" elapsed="0.001078"/>
</kw>
<kw name="Verificar Estado Exportacion" owner="keywords_faas">
<kw name="GET On Session" owner="RequestsLibrary">
<msg time="2025-08-02T22:28:18.276874" level="INFO">GET Request : url=http://localhost:8003/exports/6/status 
 path_url=/exports/6/status 
 headers={'User-Agent': 'python-requests/2.32.4', 'Accept-Encoding': 'gzip, deflate', 'Accept': '*/*', 'Connection': 'keep-alive'} 
 body=None 
 </msg>
<msg time="2025-08-02T22:28:18.276919" level="INFO">GET Response : url=http://localhost:8003/exports/6/status 
 status=200, reason=OK 
 headers={'date': 'Sun, 03 Aug 2025 03:28:18 GMT', 'server': 'uvicorn', 'content-length': '85', 'content-type': 'application/json'} 
 body={"status":"exists","survey_id":6,"file_path":"exports/encuesta_6.csv","file_size":40} 
 </msg>
<msg time="2025-08-02T22:28:18.276994" level="INFO">${response} = &lt;Response [200]&gt;</msg>
<var>${response}</var>
<arg>${session}</arg>
<arg>/exports/${survey_id}/status</arg>
<doc>Sends a GET request on a previously created HTTP Session.</doc>
<status status="PASS" start="2025-08-02T22:28:18.274549" elapsed="0.002462"/>
</kw>
<return>
<value>${response}</value>
<status status="PASS" start="2025-08-02T22:28:18.277055" elapsed="0.000029"/>
</return>
<msg time="2025-08-02T22:28:18.277173" level="INFO">${response} = &lt;Response [200]&gt;</msg>
<var>${response}</var>
<arg>${SESION_FAAS}</arg>
<arg>${survey_id}</arg>
<doc>Verifica el estado de una exportación CSV</doc>
<status status="PASS" start="2025-08-02T22:28:18.274370" elapsed="0.002819"/>
</kw>
<kw name="Validar Respuesta" owner="keywords_api_surveys">
<kw name="Should Be Equal As Strings" owner="BuiltIn">
<msg time="2025-08-02T22:28:18.277839" level="INFO">Argument types are:
&lt;class 'int'&gt;
&lt;class 'str'&gt;</msg>
<arg>${response.status_code}</arg>
<arg>${expected_status_code}</arg>
<doc>Fails if objects are unequal after converting them to strings.</doc>
<status status="PASS" start="2025-08-02T22:28:18.277481" elapsed="0.000393"/>
</kw>
<kw name="Log" owner="BuiltIn">
<msg time="2025-08-02T22:28:18.278236" level="INFO">Validación de respuesta exitosa: 200</msg>
<arg>Validación de respuesta exitosa: ${response.status_code}</arg>
<doc>Logs the given message with the given level.</doc>
<status status="PASS" start="2025-08-02T22:28:18.277944" elapsed="0.000321"/>
</kw>
<arg>${response}</arg>
<arg>200</arg>
<doc>Valida que el código de estado de la respuesta sea el esperado</doc>
<status status="PASS" start="2025-08-02T22:28:18.277297" elapsed="0.001003"/>
</kw>
<kw name="Eliminar Option" owner="keywords_api_surveys">
<kw name="DELETE On Session" owner="RequestsLibrary">
<msg time="2025-08-02T22:28:18.302571" level="INFO">DELETE Request : url=http://localhost:8000/api/options/4/ 
 path_url=/api/options/4/ 
 headers={'User-Agent': 'python-requests/2.32.4', 'Accept-Encoding': 'gzip, deflate', 'Accept': '*/*', 'Connection': 'keep-alive', 'Content-Length': '0'} 
 body=None 
 </msg>
<msg time="2025-08-02T22:28:18.302695" level="INFO">DELETE Response : url=http://localhost:8000/api/options/4/ 
 status=204, reason=No Content 
 headers={'Date': 'Sun, 03 Aug 2025 03:28:18 GMT', 'Server': 'WSGIServer/0.2 CPython/3.11.13', 'Vary': 'Accept, Cookie', 'Allow': 'GET, PUT, PATCH, DELETE, HEAD, OPTIONS', 'X-Frame-Options': 'DENY', 'Content-Length': '0', 'X-Content-Type-Options': 'nosniff', 'Referrer-Policy': 'same-origin', 'Cross-Origin-Opener-Policy': 'same-origin'} 
 body=None 
 </msg>
<msg time="2025-08-02T22:28:18.302801" level="INFO">${response} = &lt;Response [204]&gt;</msg>
<var>${response}</var>
<arg>${session}</arg>
<arg>/options/${option_id}/</arg>
<doc>Sends a DELETE request on a previously created HTTP Session.</doc>
<status status="PASS" start="2025-08-02T22:28:18.278586" elapsed="0.024235"/>
</kw>
<return>
<value>${response}</value>
<status status="PASS" start="2025-08-02T22:28:18.302878" elapsed="0.000036"/>
</return>
<msg time="2025-08-02T22:28:18.303016" level="INFO">${response} = &lt;Response [204]&gt;</msg>
<var>${response}</var>
<arg>${SESION_SURVEYS}</arg>
<arg>${option_id}</arg>
<doc>Elimina una opción</doc>
<status status="PASS" start="2025-08-02T22:28:18.278404" elapsed="0.024629"/>
</kw>
<kw name="Validar Respuesta" owner="keywords_api_surveys">
<kw name="Should Be Equal As Strings" owner="BuiltIn">
<msg time="2025-08-02T22:28:18.303759" level="INFO">Argument types are:
&lt;class 'int'&gt;
&lt;class 'str'&gt;</msg>
<arg>${response.status_code}</arg>
<arg>${expected_status_code}</arg>
<doc>Fails if objects are unequal after converting them to strings.</doc>
<status status="PASS" start="2025-08-02T22:28:18.303388" elapsed="0.000407"/>
</kw>
<kw name="Log" owner="BuiltIn">
<msg time="2025-08-02T22:28:18.304181" level="INFO">Validación de respuesta exitosa: 204</msg>
<arg>Validación de respuesta exitosa: ${response.status_code}</arg>
<doc>Logs the given message with the given level.</doc>
<status status="PASS" start="2025-08-02T22:28:18.303865" elapsed="0.000347"/>
</kw>
<arg>${response}</arg>
<arg>204</arg>
<doc>Valida que el código de estado de la respuesta sea el esperado</doc>
<status status="PASS" start="2025-08-02T22:28:18.303174" elapsed="0.001075"/>
</kw>
<kw name="Eliminar Question" owner="keywords_api_surveys">
<kw name="DELETE On Session" owner="RequestsLibrary">
<msg time="2025-08-02T22:28:18.370071" level="INFO">DELETE Request : url=http://localhost:8000/api/questions/5/ 
 path_url=/api/questions/5/ 
 headers={'User-Agent': 'python-requests/2.32.4', 'Accept-Encoding': 'gzip, deflate', 'Accept': '*/*', 'Connection': 'keep-alive', 'Content-Length': '0'} 
 body=None 
 </msg>
<msg time="2025-08-02T22:28:18.370142" level="INFO">DELETE Response : url=http://localhost:8000/api/questions/5/ 
 status=204, reason=No Content 
 headers={'Date': 'Sun, 03 Aug 2025 03:28:18 GMT', 'Server': 'WSGIServer/0.2 CPython/3.11.13', 'Vary': 'Accept, Cookie', 'Allow': 'GET, PUT, PATCH, DELETE, HEAD, OPTIONS', 'X-Frame-Options': 'DENY', 'Content-Length': '0', 'X-Content-Type-Options': 'nosniff', 'Referrer-Policy': 'same-origin', 'Cross-Origin-Opener-Policy': 'same-origin'} 
 body=None 
 </msg>
<msg time="2025-08-02T22:28:18.370248" level="INFO">${response} = &lt;Response [204]&gt;</msg>
<var>${response}</var>
<arg>${session}</arg>
<arg>/questions/${question_id}/</arg>
<doc>Sends a DELETE request on a previously created HTTP Session.</doc>
<status status="PASS" start="2025-08-02T22:28:18.304534" elapsed="0.065734"/>
</kw>
<return>
<value>${response}</value>
<status status="PASS" start="2025-08-02T22:28:18.370328" elapsed="0.000037"/>
</return>
<msg time="2025-08-02T22:28:18.370472" level="INFO">${response} = &lt;Response [204]&gt;</msg>
<var>${response}</var>
<arg>${SESION_SURVEYS}</arg>
<arg>${question_id}</arg>
<doc>Elimina una pregunta</doc>
<status status="PASS" start="2025-08-02T22:28:18.304349" elapsed="0.066142"/>
</kw>
<kw name="Validar Respuesta" owner="keywords_api_surveys">
<kw name="Should Be Equal As Strings" owner="BuiltIn">
<msg time="2025-08-02T22:28:18.371236" level="INFO">Argument types are:
&lt;class 'int'&gt;
&lt;class 'str'&gt;</msg>
<arg>${response.status_code}</arg>
<arg>${expected_status_code}</arg>
<doc>Fails if objects are unequal after converting them to strings.</doc>
<status status="PASS" start="2025-08-02T22:28:18.370852" elapsed="0.000424"/>
</kw>
<kw name="Log" owner="BuiltIn">
<msg time="2025-08-02T22:28:18.371661" level="INFO">Validación de respuesta exitosa: 204</msg>
<arg>Validación de respuesta exitosa: ${response.status_code}</arg>
<doc>Logs the given message with the given level.</doc>
<status status="PASS" start="2025-08-02T22:28:18.371347" elapsed="0.000345"/>
</kw>
<arg>${response}</arg>
<arg>204</arg>
<doc>Valida que el código de estado de la respuesta sea el esperado</doc>
<status status="PASS" start="2025-08-02T22:28:18.370626" elapsed="0.001105"/>
</kw>
<kw name="Eliminar Survey" owner="keywords_api_surveys">
<kw name="DELETE On Session" owner="RequestsLibrary">
<msg time="2025-08-02T22:28:18.441485" level="INFO">DELETE Request : url=http://localhost:8000/api/surveys/6/ 
 path_url=/api/surveys/6/ 
 headers={'User-Agent': 'python-requests/2.32.4', 'Accept-Encoding': 'gzip, deflate', 'Accept': '*/*', 'Connection': 'keep-alive', 'Content-Length': '0'} 
 body=None 
 </msg>
<msg time="2025-08-02T22:28:18.441566" level="INFO">DELETE Response : url=http://localhost:8000/api/surveys/6/ 
 status=204, reason=No Content 
 headers={'Date': 'Sun, 03 Aug 2025 03:28:18 GMT', 'Server': 'WSGIServer/0.2 CPython/3.11.13', 'Vary': 'Accept, Cookie', 'Allow': 'GET, PUT, PATCH, DELETE, HEAD, OPTIONS', 'X-Frame-Options': 'DENY', 'Content-Length': '0', 'X-Content-Type-Options': 'nosniff', 'Referrer-Policy': 'same-origin', 'Cross-Origin-Opener-Policy': 'same-origin'} 
 body=None 
 </msg>
<msg time="2025-08-02T22:28:18.441706" level="INFO">${response} = &lt;Response [204]&gt;</msg>
<var>${response}</var>
<arg>${session}</arg>
<arg>/surveys/${survey_id}/</arg>
<doc>Sends a DELETE request on a previously created HTTP Session.</doc>
<status status="PASS" start="2025-08-02T22:28:18.372025" elapsed="0.069708"/>
</kw>
<return>
<value>${response}</value>
<status status="PASS" start="2025-08-02T22:28:18.441806" elapsed="0.000045"/>
</return>
<msg time="2025-08-02T22:28:18.441988" level="INFO">${response} = &lt;Response [204]&gt;</msg>
<var>${response}</var>
<arg>${SESION_SURVEYS}</arg>
<arg>${survey_id}</arg>
<doc>Elimina una encuesta</doc>
<status status="PASS" start="2025-08-02T22:28:18.371839" elapsed="0.070173"/>
</kw>
<kw name="Validar Respuesta" owner="keywords_api_surveys">
<kw name="Should Be Equal As Strings" owner="BuiltIn">
<msg time="2025-08-02T22:28:18.442814" level="INFO">Argument types are:
&lt;class 'int'&gt;
&lt;class 'str'&gt;</msg>
<arg>${response.status_code}</arg>
<arg>${expected_status_code}</arg>
<doc>Fails if objects are unequal after converting them to strings.</doc>
<status status="PASS" start="2025-08-02T22:28:18.442434" elapsed="0.000417"/>
</kw>
<kw name="Log" owner="BuiltIn">
<msg time="2025-08-02T22:28:18.443218" level="INFO">Validación de respuesta exitosa: 204</msg>
<arg>Validación de respuesta exitosa: ${response.status_code}</arg>
<doc>Logs the given message with the given level.</doc>
<status status="PASS" start="2025-08-02T22:28:18.442921" elapsed="0.000335"/>
</kw>
<arg>${response}</arg>
<arg>204</arg>
<doc>Valida que el código de estado de la respuesta sea el esperado</doc>
<status status="PASS" start="2025-08-02T22:28:18.442192" elapsed="0.001100"/>
</kw>
<kw name="Log" owner="BuiltIn">
<msg time="2025-08-02T22:28:18.443424" level="INFO">Test FaaS Export exitoso en intento 1</msg>
<arg>Test FaaS Export exitoso en intento ${intento}</arg>
<doc>Logs the given message with the given level.</doc>
<status status="PASS" start="2025-08-02T22:28:18.443351" elapsed="0.000098"/>
</kw>
<break>
<status status="PASS" start="2025-08-02T22:28:18.443534" elapsed="0.000025"/>
</break>
<status status="PASS" start="2025-08-02T22:28:17.813671" elapsed="0.629910"/>
</branch>
<branch type="EXCEPT" assign="${error}">
<kw name="Log" owner="BuiltIn">
<arg>Error en intento ${intento}: ${error}</arg>
<doc>Logs the given message with the given level.</doc>
<status status="NOT RUN" start="2025-08-02T22:28:18.443670" elapsed="0.000012"/>
</kw>
<if>
<branch type="IF" condition="${intento} == ${MAX_REINTENTOS}">
<kw name="Fail" owner="BuiltIn">
<arg>Test FaaS Export falló después de ${MAX_REINTENTOS} intentos. Último error: ${error}</arg>
<doc>Fails the test with the given message and optionally alters its tags.</doc>
<status status="NOT RUN" start="2025-08-02T22:28:18.443789" elapsed="0.000011"/>
</kw>
<status status="NOT RUN" start="2025-08-02T22:28:18.443730" elapsed="0.000090"/>
</branch>
<status status="NOT RUN" start="2025-08-02T22:28:18.443717" elapsed="0.000119"/>
</if>
<kw name="Sleep" owner="BuiltIn">
<arg>2s</arg>
<doc>Pauses the test executed for the given time.</doc>
<status status="NOT RUN" start="2025-08-02T22:28:18.443887" elapsed="0.000011"/>
</kw>
<status status="NOT RUN" start="2025-08-02T22:28:18.443617" elapsed="0.000299"/>
</branch>
<status status="PASS" start="2025-08-02T22:28:17.813648" elapsed="0.630288"/>
</try>
<var name="${intento}">1</var>
<status status="PASS" start="2025-08-02T22:28:17.813622" elapsed="0.630334"/>
</iter>
<var>${intento}</var>
<value>1</value>
<value>${MAX_REINTENTOS + 1}</value>
<status status="PASS" start="2025-08-02T22:28:17.813011" elapsed="0.630968"/>
</for>
<doc>Verificar la función FaaS de exportación a CSV</doc>
<status status="PASS" start="2025-08-02T22:28:17.812754" elapsed="0.631475"/>
</test>
<status status="PASS" start="2025-08-02T22:28:14.407269" elapsed="4.037607"/>
</suite>
<statistics>
<total>
<stat pass="6" fail="0" skip="0">All Tests</stat>
</total>
<tag>
</tag>
<suite>
<stat name="Tests" id="s1" pass="6" fail="0" skip="0">Tests</stat>
</suite>
</statistics>
<errors>
</errors>
</robot>
