<?xml version="1.0" encoding="UTF-8"?>
<robot generator="Robot 7.3.2 (Python 3.13.5 on win32)" generated="2025-08-02T23:26:12.261792" rpa="false" schemaversion="5">
<suite id="s1" name="Tests" source="C:\Users\willi\Desktop\Universidad\Octavo\Computación en la nube\Fin Ciclo\Aplicacion\Encuestas2\tests\tests.robot">
<test id="s1-t1" name="Test Endpoint /Surveys/" line="42">
<for flavor="IN RANGE">
<iter>
<try>
<branch type="TRY">
<kw name="Log" owner="BuiltIn">
<msg time="2025-08-02T23:26:12.861770" level="INFO">Intento 1 de 3 - Test Surveys</msg>
<arg>Intento ${intento} de ${MAX_REINTENTOS} - Test Surveys</arg>
<doc>Logs the given message with the given level.</doc>
<status status="PASS" start="2025-08-02T23:26:12.861585" elapsed="0.000241"/>
</kw>
<kw name="Create Session" owner="RequestsLibrary">
<msg time="2025-08-02T23:26:12.862302" level="INFO">Creating Session using : alias=surveys_session, url=http://localhost:8000/api, headers={},                     cookies={}, auth=None, timeout=None, proxies=None, verify=False,                     debug=0 </msg>
<arg>${SESION_SURVEYS}</arg>
<arg>${URL_SURVEYS}</arg>
<doc>Create Session: create a HTTP session to a server</doc>
<status status="PASS" start="2025-08-02T23:26:12.862154" elapsed="0.000327"/>
</kw>
<kw name="Obtener Surveys" owner="keywords_api_surveys">
<kw name="GET On Session" owner="RequestsLibrary">
<msg time="2025-08-02T23:26:12.896576" level="INFO">GET Request : url=http://localhost:8000/api/surveys/ 
 path_url=/api/surveys/ 
 headers={'User-Agent': 'python-requests/2.32.4', 'Accept-Encoding': 'gzip, deflate', 'Accept': '*/*', 'Connection': 'keep-alive'} 
 body=None 
 </msg>
<msg time="2025-08-02T23:26:12.896727" level="INFO">GET Response : url=http://localhost:8000/api/surveys/ 
 status=200, reason=OK 
 headers={'Date': 'Sun, 03 Aug 2025 04:26:12 GMT', 'Server': 'WSGIServer/0.2 CPython/3.11.13', 'Content-Type': 'application/json', 'Vary': 'Accept, Cookie', 'Allow': 'GET, POST, HEAD, OPTIONS', 'X-Frame-Options': 'DENY', 'Content-Length': '34', 'X-Content-Type-Options': 'nosniff', 'Referrer-Policy': 'same-origin', 'Cross-Origin-Opener-Policy': 'same-origin'} 
 body={"message":"aun no hay encuestas"} 
 </msg>
<msg time="2025-08-02T23:26:12.896880" level="INFO">${response} = &lt;Response [200]&gt;</msg>
<var>${response}</var>
<arg>${session}</arg>
<arg>/surveys/</arg>
<doc>Sends a GET request on a previously created HTTP Session.</doc>
<status status="PASS" start="2025-08-02T23:26:12.862874" elapsed="0.034036"/>
</kw>
<return>
<value>${response}</value>
<status status="PASS" start="2025-08-02T23:26:12.896992" elapsed="0.000065"/>
</return>
<msg time="2025-08-02T23:26:12.897222" level="INFO">${response} = &lt;Response [200]&gt;</msg>
<var>${response}</var>
<arg>${SESION_SURVEYS}</arg>
<doc>Obtiene todas las encuestas</doc>
<status status="PASS" start="2025-08-02T23:26:12.862644" elapsed="0.034598"/>
</kw>
<kw name="Validar Respuesta" owner="keywords_api_surveys">
<kw name="Should Be Equal As Strings" owner="BuiltIn">
<msg time="2025-08-02T23:26:12.898136" level="INFO">Argument types are:
&lt;class 'int'&gt;
&lt;class 'str'&gt;</msg>
<arg>${response.status_code}</arg>
<arg>${expected_status_code}</arg>
<doc>Fails if objects are unequal after converting them to strings.</doc>
<status status="PASS" start="2025-08-02T23:26:12.897711" elapsed="0.000472"/>
</kw>
<kw name="Log" owner="BuiltIn">
<msg time="2025-08-02T23:26:12.898627" level="INFO">Validación de respuesta exitosa: 200</msg>
<arg>Validación de respuesta exitosa: ${response.status_code}</arg>
<doc>Logs the given message with the given level.</doc>
<status status="PASS" start="2025-08-02T23:26:12.898271" elapsed="0.000392"/>
</kw>
<arg>${response}</arg>
<arg>200</arg>
<doc>Valida que el código de estado de la respuesta sea el esperado</doc>
<status status="PASS" start="2025-08-02T23:26:12.897424" elapsed="0.001287"/>
</kw>
<kw name="Crear Survey" owner="keywords_api_surveys">
<kw name="POST On Session" owner="RequestsLibrary">
<msg time="2025-08-02T23:26:13.008595" level="INFO">POST Request : url=http://localhost:8000/api/surveys/ 
 path_url=/api/surveys/ 
 headers={'User-Agent': 'python-requests/2.32.4', 'Accept-Encoding': 'gzip, deflate', 'Accept': '*/*', 'Connection': 'keep-alive', 'Content-Length': '93', 'Content-Type': 'application/json'} 
 body=b'{"name": "Encuesta Para TEST", "description": "Descripci\\u00f3n de la encuesta para pruebas"}' 
 </msg>
<msg time="2025-08-02T23:26:13.008690" level="INFO">POST Response : url=http://localhost:8000/api/surveys/ 
 status=201, reason=Created 
 headers={'Date': 'Sun, 03 Aug 2025 04:26:12 GMT', 'Server': 'WSGIServer/0.2 CPython/3.11.13', 'Content-Type': 'application/json', 'Vary': 'Accept, Cookie', 'Allow': 'GET, POST, HEAD, OPTIONS', 'X-Frame-Options': 'DENY', 'Content-Length': '151', 'X-Content-Type-Options': 'nosniff', 'Referrer-Policy': 'same-origin', 'Cross-Origin-Opener-Policy': 'same-origin'} 
 body={"id":7,"questions":[],"name":"Encuesta Para TEST","description":"Descripción de la encuesta para pruebas","created_at":"2025-08-03T04:26:12.084757Z"} 
 </msg>
<msg time="2025-08-02T23:26:13.008828" level="INFO">${response} = &lt;Response [201]&gt;</msg>
<var>${response}</var>
<arg>${session}</arg>
<arg>/surveys/</arg>
<arg>json=${survey_data}</arg>
<doc>Sends a POST request on a previously created HTTP Session.</doc>
<status status="PASS" start="2025-08-02T23:26:12.899054" elapsed="0.109798"/>
</kw>
<return>
<value>${response}</value>
<status status="PASS" start="2025-08-02T23:26:13.008933" elapsed="0.000058"/>
</return>
<msg time="2025-08-02T23:26:13.009126" level="INFO">${response} = &lt;Response [201]&gt;</msg>
<var>${response}</var>
<arg>${SESION_SURVEYS}</arg>
<arg>${DATOS_SURVEY}</arg>
<doc>Crea una nueva encuesta</doc>
<status status="PASS" start="2025-08-02T23:26:12.898835" elapsed="0.110311"/>
</kw>
<kw name="Validar Respuesta" owner="keywords_api_surveys">
<kw name="Should Be Equal As Strings" owner="BuiltIn">
<msg time="2025-08-02T23:26:13.009918" level="INFO">Argument types are:
&lt;class 'int'&gt;
&lt;class 'str'&gt;</msg>
<arg>${response.status_code}</arg>
<arg>${expected_status_code}</arg>
<doc>Fails if objects are unequal after converting them to strings.</doc>
<status status="PASS" start="2025-08-02T23:26:13.009520" elapsed="0.000441"/>
</kw>
<kw name="Log" owner="BuiltIn">
<msg time="2025-08-02T23:26:13.010387" level="INFO">Validación de respuesta exitosa: 201</msg>
<arg>Validación de respuesta exitosa: ${response.status_code}</arg>
<doc>Logs the given message with the given level.</doc>
<status status="PASS" start="2025-08-02T23:26:13.010035" elapsed="0.000383"/>
</kw>
<arg>${response}</arg>
<arg>201</arg>
<doc>Valida que el código de estado de la respuesta sea el esperado</doc>
<status status="PASS" start="2025-08-02T23:26:13.009291" elapsed="0.001166"/>
</kw>
<kw name="Get From Dictionary" owner="Collections">
<msg time="2025-08-02T23:26:13.010896" level="INFO">${survey_id} = 7</msg>
<var>${survey_id}</var>
<arg>${response.json()}</arg>
<arg>id</arg>
<doc>Returns a value from the given ``dictionary`` based on the given ``key``.</doc>
<status status="PASS" start="2025-08-02T23:26:13.010526" elapsed="0.000388"/>
</kw>
<kw name="Obtener Survey Por ID" owner="keywords_api_surveys">
<kw name="GET On Session" owner="RequestsLibrary">
<msg time="2025-08-02T23:26:13.064193" level="INFO">GET Request : url=http://localhost:8000/api/surveys/7/ 
 path_url=/api/surveys/7/ 
 headers={'User-Agent': 'python-requests/2.32.4', 'Accept-Encoding': 'gzip, deflate', 'Accept': '*/*', 'Connection': 'keep-alive'} 
 body=None 
 </msg>
<msg time="2025-08-02T23:26:13.064267" level="INFO">GET Response : url=http://localhost:8000/api/surveys/7/ 
 status=200, reason=OK 
 headers={'Date': 'Sun, 03 Aug 2025 04:26:12 GMT', 'Server': 'WSGIServer/0.2 CPython/3.11.13', 'Content-Type': 'application/json', 'Vary': 'Accept, Cookie', 'Allow': 'GET, PUT, PATCH, DELETE, HEAD, OPTIONS', 'X-Frame-Options': 'DENY', 'Content-Length': '151', 'X-Content-Type-Options': 'nosniff', 'Referrer-Policy': 'same-origin', 'Cross-Origin-Opener-Policy': 'same-origin'} 
 body={"id":7,"questions":[],"name":"Encuesta Para TEST","description":"Descripción de la encuesta para pruebas","created_at":"2025-08-03T04:26:12.084757Z"} 
 </msg>
<msg time="2025-08-02T23:26:13.064539" level="INFO">${response} = &lt;Response [200]&gt;</msg>
<var>${response}</var>
<arg>${session}</arg>
<arg>/surveys/${survey_id}/</arg>
<doc>Sends a GET request on a previously created HTTP Session.</doc>
<status status="PASS" start="2025-08-02T23:26:13.011201" elapsed="0.053360"/>
</kw>
<return>
<value>${response}</value>
<status status="PASS" start="2025-08-02T23:26:13.064622" elapsed="0.000038"/>
</return>
<msg time="2025-08-02T23:26:13.064790" level="INFO">${response} = &lt;Response [200]&gt;</msg>
<var>${response}</var>
<arg>${SESION_SURVEYS}</arg>
<arg>${survey_id}</arg>
<doc>Obtiene una encuesta específica por ID</doc>
<status status="PASS" start="2025-08-02T23:26:13.011018" elapsed="0.053789"/>
</kw>
<kw name="Validar Respuesta" owner="keywords_api_surveys">
<kw name="Should Be Equal As Strings" owner="BuiltIn">
<msg time="2025-08-02T23:26:13.065575" level="INFO">Argument types are:
&lt;class 'int'&gt;
&lt;class 'str'&gt;</msg>
<arg>${response.status_code}</arg>
<arg>${expected_status_code}</arg>
<doc>Fails if objects are unequal after converting them to strings.</doc>
<status status="PASS" start="2025-08-02T23:26:13.065183" elapsed="0.000430"/>
</kw>
<kw name="Log" owner="BuiltIn">
<msg time="2025-08-02T23:26:13.065982" level="INFO">Validación de respuesta exitosa: 200</msg>
<arg>Validación de respuesta exitosa: ${response.status_code}</arg>
<doc>Logs the given message with the given level.</doc>
<status status="PASS" start="2025-08-02T23:26:13.065684" elapsed="0.000328"/>
</kw>
<arg>${response}</arg>
<arg>200</arg>
<doc>Valida que el código de estado de la respuesta sea el esperado</doc>
<status status="PASS" start="2025-08-02T23:26:13.064954" elapsed="0.001096"/>
</kw>
<kw name="Actualizar Survey" owner="keywords_api_surveys">
<kw name="PUT On Session" owner="RequestsLibrary">
<msg time="2025-08-02T23:26:13.171745" level="INFO">PUT Request : url=http://localhost:8000/api/surveys/7/ 
 path_url=/api/surveys/7/ 
 headers={'User-Agent': 'python-requests/2.32.4', 'Accept-Encoding': 'gzip, deflate', 'Accept': '*/*', 'Connection': 'keep-alive', 'Content-Length': '107', 'Content-Type': 'application/json'} 
 body=b'{"name": "Encuesta Actualizada", "description": "Descripci\\u00f3n actualizada de la encuesta para pruebas"}' 
 </msg>
<msg time="2025-08-02T23:26:13.171834" level="INFO">PUT Response : url=http://localhost:8000/api/surveys/7/ 
 status=200, reason=OK 
 headers={'Date': 'Sun, 03 Aug 2025 04:26:12 GMT', 'Server': 'WSGIServer/0.2 CPython/3.11.13', 'Content-Type': 'application/json', 'Vary': 'Accept, Cookie', 'Allow': 'GET, PUT, PATCH, DELETE, HEAD, OPTIONS', 'X-Frame-Options': 'DENY', 'Content-Length': '165', 'X-Content-Type-Options': 'nosniff', 'Referrer-Policy': 'same-origin', 'Cross-Origin-Opener-Policy': 'same-origin'} 
 body={"id":7,"questions":[],"name":"Encuesta Actualizada","description":"Descripción actualizada de la encuesta para pruebas","created_at":"2025-08-03T04:26:12.084757Z"} 
 </msg>
<msg time="2025-08-02T23:26:13.171970" level="INFO">${response} = &lt;Response [200]&gt;</msg>
<var>${response}</var>
<arg>${session}</arg>
<arg>/surveys/${survey_id}/</arg>
<arg>json=${survey_data}</arg>
<doc>Sends a PUT request on a previously created HTTP Session.</doc>
<status status="PASS" start="2025-08-02T23:26:13.066356" elapsed="0.105641"/>
</kw>
<return>
<value>${response}</value>
<status status="PASS" start="2025-08-02T23:26:13.172072" elapsed="0.000044"/>
</return>
<msg time="2025-08-02T23:26:13.172253" level="INFO">${response} = &lt;Response [200]&gt;</msg>
<var>${response}</var>
<arg>${SESION_SURVEYS}</arg>
<arg>${survey_id}</arg>
<arg>${DATOS_SURVEY_UPDATE}</arg>
<doc>Actualiza una encuesta existente</doc>
<status status="PASS" start="2025-08-02T23:26:13.066146" elapsed="0.106131"/>
</kw>
<kw name="Validar Respuesta" owner="keywords_api_surveys">
<kw name="Should Be Equal As Strings" owner="BuiltIn">
<msg time="2025-08-02T23:26:13.173281" level="INFO">Argument types are:
&lt;class 'int'&gt;
&lt;class 'str'&gt;</msg>
<arg>${response.status_code}</arg>
<arg>${expected_status_code}</arg>
<doc>Fails if objects are unequal after converting them to strings.</doc>
<status status="PASS" start="2025-08-02T23:26:13.172761" elapsed="0.000557"/>
</kw>
<kw name="Log" owner="BuiltIn">
<msg time="2025-08-02T23:26:13.173685" level="INFO">Validación de respuesta exitosa: 200</msg>
<arg>Validación de respuesta exitosa: ${response.status_code}</arg>
<doc>Logs the given message with the given level.</doc>
<status status="PASS" start="2025-08-02T23:26:13.173391" elapsed="0.000326"/>
</kw>
<arg>${response}</arg>
<arg>200</arg>
<doc>Valida que el código de estado de la respuesta sea el esperado</doc>
<status status="PASS" start="2025-08-02T23:26:13.172463" elapsed="0.001291"/>
</kw>
<kw name="Eliminar Survey" owner="keywords_api_surveys">
<kw name="DELETE On Session" owner="RequestsLibrary">
<msg time="2025-08-02T23:26:13.245619" level="INFO">DELETE Request : url=http://localhost:8000/api/surveys/7/ 
 path_url=/api/surveys/7/ 
 headers={'User-Agent': 'python-requests/2.32.4', 'Accept-Encoding': 'gzip, deflate', 'Accept': '*/*', 'Connection': 'keep-alive', 'Content-Length': '0'} 
 body=None 
 </msg>
<msg time="2025-08-02T23:26:13.245707" level="INFO">DELETE Response : url=http://localhost:8000/api/surveys/7/ 
 status=204, reason=No Content 
 headers={'Date': 'Sun, 03 Aug 2025 04:26:12 GMT', 'Server': 'WSGIServer/0.2 CPython/3.11.13', 'Vary': 'Accept, Cookie', 'Allow': 'GET, PUT, PATCH, DELETE, HEAD, OPTIONS', 'X-Frame-Options': 'DENY', 'Content-Length': '0', 'X-Content-Type-Options': 'nosniff', 'Referrer-Policy': 'same-origin', 'Cross-Origin-Opener-Policy': 'same-origin'} 
 body=None 
 </msg>
<msg time="2025-08-02T23:26:13.245837" level="INFO">${response} = &lt;Response [204]&gt;</msg>
<var>${response}</var>
<arg>${session}</arg>
<arg>/surveys/${survey_id}/</arg>
<doc>Sends a DELETE request on a previously created HTTP Session.</doc>
<status status="PASS" start="2025-08-02T23:26:13.174034" elapsed="0.071830"/>
</kw>
<return>
<value>${response}</value>
<status status="PASS" start="2025-08-02T23:26:13.245939" elapsed="0.000051"/>
</return>
<msg time="2025-08-02T23:26:13.246131" level="INFO">${response} = &lt;Response [204]&gt;</msg>
<var>${response}</var>
<arg>${SESION_SURVEYS}</arg>
<arg>${survey_id}</arg>
<doc>Elimina una encuesta</doc>
<status status="PASS" start="2025-08-02T23:26:13.173850" elapsed="0.072305"/>
</kw>
<kw name="Validar Respuesta" owner="keywords_api_surveys">
<kw name="Should Be Equal As Strings" owner="BuiltIn">
<msg time="2025-08-02T23:26:13.246930" level="INFO">Argument types are:
&lt;class 'int'&gt;
&lt;class 'str'&gt;</msg>
<arg>${response.status_code}</arg>
<arg>${expected_status_code}</arg>
<doc>Fails if objects are unequal after converting them to strings.</doc>
<status status="PASS" start="2025-08-02T23:26:13.246552" elapsed="0.000414"/>
</kw>
<kw name="Log" owner="BuiltIn">
<msg time="2025-08-02T23:26:13.247334" level="INFO">Validación de respuesta exitosa: 204</msg>
<arg>Validación de respuesta exitosa: ${response.status_code}</arg>
<doc>Logs the given message with the given level.</doc>
<status status="PASS" start="2025-08-02T23:26:13.247043" elapsed="0.000322"/>
</kw>
<arg>${response}</arg>
<arg>204</arg>
<doc>Valida que el código de estado de la respuesta sea el esperado</doc>
<status status="PASS" start="2025-08-02T23:26:13.246331" elapsed="0.001069"/>
</kw>
<kw name="Log" owner="BuiltIn">
<msg time="2025-08-02T23:26:13.247537" level="INFO">Test Surveys exitoso en intento 1</msg>
<arg>Test Surveys exitoso en intento ${intento}</arg>
<doc>Logs the given message with the given level.</doc>
<status status="PASS" start="2025-08-02T23:26:13.247463" elapsed="0.000098"/>
</kw>
<break>
<status status="PASS" start="2025-08-02T23:26:13.247595" elapsed="0.000031"/>
</break>
<status status="PASS" start="2025-08-02T23:26:12.861040" elapsed="0.386609"/>
</branch>
<branch type="EXCEPT" assign="${error}">
<kw name="Log" owner="BuiltIn">
<arg>Error en intento ${intento}: ${error}</arg>
<doc>Logs the given message with the given level.</doc>
<status status="NOT RUN" start="2025-08-02T23:26:13.247748" elapsed="0.000100"/>
</kw>
<if>
<branch type="IF" condition="${intento} == ${MAX_REINTENTOS}">
<kw name="Fail" owner="BuiltIn">
<arg>Test Surveys falló después de ${MAX_REINTENTOS} intentos. Último error: ${error}</arg>
<doc>Fails the test with the given message and optionally alters its tags.</doc>
<status status="NOT RUN" start="2025-08-02T23:26:13.247991" elapsed="0.000012"/>
</kw>
<status status="NOT RUN" start="2025-08-02T23:26:13.247922" elapsed="0.000102"/>
</branch>
<status status="NOT RUN" start="2025-08-02T23:26:13.247900" elapsed="0.000141"/>
</if>
<kw name="Sleep" owner="BuiltIn">
<arg>2s</arg>
<doc>Pauses the test executed for the given time.</doc>
<status status="NOT RUN" start="2025-08-02T23:26:13.248090" elapsed="0.000011"/>
</kw>
<status status="NOT RUN" start="2025-08-02T23:26:13.247693" elapsed="0.000427"/>
</branch>
<status status="PASS" start="2025-08-02T23:26:12.861005" elapsed="0.387140"/>
</try>
<var name="${intento}">1</var>
<status status="PASS" start="2025-08-02T23:26:12.860963" elapsed="0.387202"/>
</iter>
<var>${intento}</var>
<value>1</value>
<value>${MAX_REINTENTOS + 1}</value>
<status status="PASS" start="2025-08-02T23:26:12.860258" elapsed="0.387937"/>
</for>
<doc>Verificar todas las operaciones CRUD en el endpoint /surveys/</doc>
<status status="PASS" start="2025-08-02T23:26:12.859907" elapsed="0.388592"/>
</test>
<test id="s1-t2" name="Test Endpoint /Questions/" line="82">
<for flavor="IN RANGE">
<iter>
<try>
<branch type="TRY">
<kw name="Log" owner="BuiltIn">
<msg time="2025-08-02T23:26:13.250288" level="INFO">Intento 1 de 3 - Test Questions</msg>
<arg>Intento ${intento} de ${MAX_REINTENTOS} - Test Questions</arg>
<doc>Logs the given message with the given level.</doc>
<status status="PASS" start="2025-08-02T23:26:13.250170" elapsed="0.000149"/>
</kw>
<kw name="Create Session" owner="RequestsLibrary">
<msg time="2025-08-02T23:26:13.250477" level="INFO">Creating Session using : alias=surveys_session, url=http://localhost:8000/api, headers={},                     cookies={}, auth=None, timeout=None, proxies=None, verify=False,                     debug=0 </msg>
<arg>${SESION_SURVEYS}</arg>
<arg>${URL_SURVEYS}</arg>
<doc>Create Session: create a HTTP session to a server</doc>
<status status="PASS" start="2025-08-02T23:26:13.250385" elapsed="0.000208"/>
</kw>
<kw name="Crear Survey" owner="keywords_api_surveys">
<kw name="POST On Session" owner="RequestsLibrary">
<msg time="2025-08-02T23:26:13.276328" level="INFO">POST Request : url=http://localhost:8000/api/surveys/ 
 path_url=/api/surveys/ 
 headers={'User-Agent': 'python-requests/2.32.4', 'Accept-Encoding': 'gzip, deflate', 'Accept': '*/*', 'Connection': 'keep-alive', 'Content-Length': '93', 'Content-Type': 'application/json'} 
 body=b'{"name": "Encuesta Para TEST", "description": "Descripci\\u00f3n de la encuesta para pruebas"}' 
 </msg>
<msg time="2025-08-02T23:26:13.276410" level="INFO">POST Response : url=http://localhost:8000/api/surveys/ 
 status=201, reason=Created 
 headers={'Date': 'Sun, 03 Aug 2025 04:26:12 GMT', 'Server': 'WSGIServer/0.2 CPython/3.11.13', 'Content-Type': 'application/json', 'Vary': 'Accept, Cookie', 'Allow': 'GET, POST, HEAD, OPTIONS', 'X-Frame-Options': 'DENY', 'Content-Length': '151', 'X-Content-Type-Options': 'nosniff', 'Referrer-Policy': 'same-origin', 'Cross-Origin-Opener-Policy': 'same-origin'} 
 body={"id":8,"questions":[],"name":"Encuesta Para TEST","description":"Descripción de la encuesta para pruebas","created_at":"2025-08-03T04:26:12.412527Z"} 
 </msg>
<msg time="2025-08-02T23:26:13.276518" level="INFO">${response} = &lt;Response [201]&gt;</msg>
<var>${response}</var>
<arg>${session}</arg>
<arg>/surveys/</arg>
<arg>json=${survey_data}</arg>
<doc>Sends a POST request on a previously created HTTP Session.</doc>
<status status="PASS" start="2025-08-02T23:26:13.250908" elapsed="0.025630"/>
</kw>
<return>
<value>${response}</value>
<status status="PASS" start="2025-08-02T23:26:13.276597" elapsed="0.000040"/>
</return>
<msg time="2025-08-02T23:26:13.276740" level="INFO">${response} = &lt;Response [201]&gt;</msg>
<var>${response}</var>
<arg>${SESION_SURVEYS}</arg>
<arg>${DATOS_SURVEY}</arg>
<doc>Crea una nueva encuesta</doc>
<status status="PASS" start="2025-08-02T23:26:13.250712" elapsed="0.026044"/>
</kw>
<kw name="Validar Respuesta" owner="keywords_api_surveys">
<kw name="Should Be Equal As Strings" owner="BuiltIn">
<msg time="2025-08-02T23:26:13.277553" level="INFO">Argument types are:
&lt;class 'int'&gt;
&lt;class 'str'&gt;</msg>
<arg>${response.status_code}</arg>
<arg>${expected_status_code}</arg>
<doc>Fails if objects are unequal after converting them to strings.</doc>
<status status="PASS" start="2025-08-02T23:26:13.277145" elapsed="0.000446"/>
</kw>
<kw name="Log" owner="BuiltIn">
<msg time="2025-08-02T23:26:13.277972" level="INFO">Validación de respuesta exitosa: 201</msg>
<arg>Validación de respuesta exitosa: ${response.status_code}</arg>
<doc>Logs the given message with the given level.</doc>
<status status="PASS" start="2025-08-02T23:26:13.277672" elapsed="0.000329"/>
</kw>
<arg>${response}</arg>
<arg>201</arg>
<doc>Valida que el código de estado de la respuesta sea el esperado</doc>
<status status="PASS" start="2025-08-02T23:26:13.276898" elapsed="0.001140"/>
</kw>
<kw name="Get From Dictionary" owner="Collections">
<msg time="2025-08-02T23:26:13.278465" level="INFO">${survey_id} = 8</msg>
<var>${survey_id}</var>
<arg>${response.json()}</arg>
<arg>id</arg>
<doc>Returns a value from the given ``dictionary`` based on the given ``key``.</doc>
<status status="PASS" start="2025-08-02T23:26:13.278105" elapsed="0.000378"/>
</kw>
<kw name="Copy Dictionary" owner="Collections">
<msg time="2025-08-02T23:26:13.278681" level="INFO">${question_data} = {'text': '¿Te gusta programar?', 'question_type': 'Cerrada'}</msg>
<var>${question_data}</var>
<arg>${DATOS_QUESTION}</arg>
<doc>Returns a copy of the given dictionary.</doc>
<status status="PASS" start="2025-08-02T23:26:13.278548" elapsed="0.000153"/>
</kw>
<kw name="Set To Dictionary" owner="Collections">
<arg>${question_data}</arg>
<arg>survey=${survey_id}</arg>
<doc>Adds the given ``key_value_pairs`` and/or ``items`` to the ``dictionary``.</doc>
<status status="PASS" start="2025-08-02T23:26:13.278763" elapsed="0.000108"/>
</kw>
<kw name="Copy Dictionary" owner="Collections">
<msg time="2025-08-02T23:26:13.279027" level="INFO">${question_update_data} = {'text': '¿Te gusta mucho programar?', 'question_type': 'Cerrada'}</msg>
<var>${question_update_data}</var>
<arg>${DATOS_QUESTION_UPDATE}</arg>
<doc>Returns a copy of the given dictionary.</doc>
<status status="PASS" start="2025-08-02T23:26:13.278929" elapsed="0.000114"/>
</kw>
<kw name="Set To Dictionary" owner="Collections">
<arg>${question_update_data}</arg>
<arg>survey=${survey_id}</arg>
<doc>Adds the given ``key_value_pairs`` and/or ``items`` to the ``dictionary``.</doc>
<status status="PASS" start="2025-08-02T23:26:13.279100" elapsed="0.000103"/>
</kw>
<kw name="Obtener Questions" owner="keywords_api_surveys">
<kw name="GET On Session" owner="RequestsLibrary">
<msg time="2025-08-02T23:26:13.330620" level="INFO">GET Request : url=http://localhost:8000/api/questions/ 
 path_url=/api/questions/ 
 headers={'User-Agent': 'python-requests/2.32.4', 'Accept-Encoding': 'gzip, deflate', 'Accept': '*/*', 'Connection': 'keep-alive'} 
 body=None 
 </msg>
<msg time="2025-08-02T23:26:13.330694" level="INFO">GET Response : url=http://localhost:8000/api/questions/ 
 status=200, reason=OK 
 headers={'Date': 'Sun, 03 Aug 2025 04:26:12 GMT', 'Server': 'WSGIServer/0.2 CPython/3.11.13', 'Content-Type': 'application/json', 'Vary': 'Accept, Cookie', 'Allow': 'GET, POST, HEAD, OPTIONS', 'X-Frame-Options': 'DENY', 'Content-Length': '2', 'X-Content-Type-Options': 'nosniff', 'Referrer-Policy': 'same-origin', 'Cross-Origin-Opener-Policy': 'same-origin'} 
 body=[] 
 </msg>
<msg time="2025-08-02T23:26:13.330854" level="INFO">${response} = &lt;Response [200]&gt;</msg>
<var>${response}</var>
<arg>${session}</arg>
<arg>/questions/</arg>
<doc>Sends a GET request on a previously created HTTP Session.</doc>
<status status="PASS" start="2025-08-02T23:26:13.279475" elapsed="0.051400"/>
</kw>
<return>
<value>${response}</value>
<status status="PASS" start="2025-08-02T23:26:13.330934" elapsed="0.000038"/>
</return>
<msg time="2025-08-02T23:26:13.331077" level="INFO">${response} = &lt;Response [200]&gt;</msg>
<var>${response}</var>
<arg>${SESION_SURVEYS}</arg>
<doc>Obtiene todas las preguntas</doc>
<status status="PASS" start="2025-08-02T23:26:13.279315" elapsed="0.051786"/>
</kw>
<kw name="Validar Respuesta" owner="keywords_api_surveys">
<kw name="Should Be Equal As Strings" owner="BuiltIn">
<msg time="2025-08-02T23:26:13.331881" level="INFO">Argument types are:
&lt;class 'int'&gt;
&lt;class 'str'&gt;</msg>
<arg>${response.status_code}</arg>
<arg>${expected_status_code}</arg>
<doc>Fails if objects are unequal after converting them to strings.</doc>
<status status="PASS" start="2025-08-02T23:26:13.331469" elapsed="0.000450"/>
</kw>
<kw name="Log" owner="BuiltIn">
<msg time="2025-08-02T23:26:13.332317" level="INFO">Validación de respuesta exitosa: 200</msg>
<arg>Validación de respuesta exitosa: ${response.status_code}</arg>
<doc>Logs the given message with the given level.</doc>
<status status="PASS" start="2025-08-02T23:26:13.332002" elapsed="0.000344"/>
</kw>
<arg>${response}</arg>
<arg>200</arg>
<doc>Valida que el código de estado de la respuesta sea el esperado</doc>
<status status="PASS" start="2025-08-02T23:26:13.331247" elapsed="0.001137"/>
</kw>
<kw name="Crear Question" owner="keywords_api_surveys">
<kw name="POST On Session" owner="RequestsLibrary">
<msg time="2025-08-02T23:26:13.440595" level="INFO">POST Request : url=http://localhost:8000/api/questions/ 
 path_url=/api/questions/ 
 headers={'User-Agent': 'python-requests/2.32.4', 'Accept-Encoding': 'gzip, deflate', 'Accept': '*/*', 'Connection': 'keep-alive', 'Content-Length': '78', 'Content-Type': 'application/json'} 
 body=b'{"text": "\\u00bfTe gusta programar?", "question_type": "Cerrada", "survey": 8}' 
 </msg>
<msg time="2025-08-02T23:26:13.440671" level="INFO">POST Response : url=http://localhost:8000/api/questions/ 
 status=201, reason=Created 
 headers={'Date': 'Sun, 03 Aug 2025 04:26:12 GMT', 'Server': 'WSGIServer/0.2 CPython/3.11.13', 'Content-Type': 'application/json', 'Vary': 'Accept, Cookie', 'Allow': 'GET, POST, HEAD, OPTIONS', 'X-Frame-Options': 'DENY', 'Content-Length': '132', 'X-Content-Type-Options': 'nosniff', 'Referrer-Policy': 'same-origin', 'Cross-Origin-Opener-Policy': 'same-origin'} 
 body={"id":6,"options":[],"text":"¿Te gusta programar?","question_type":"Cerrada","created_at":"2025-08-03T04:26:12.535638Z","survey":8} 
 </msg>
<msg time="2025-08-02T23:26:13.440787" level="INFO">${response} = &lt;Response [201]&gt;</msg>
<var>${response}</var>
<arg>${session}</arg>
<arg>/questions/</arg>
<arg>json=${question_data}</arg>
<doc>Sends a POST request on a previously created HTTP Session.</doc>
<status status="PASS" start="2025-08-02T23:26:13.332686" elapsed="0.108121"/>
</kw>
<return>
<value>${response}</value>
<status status="PASS" start="2025-08-02T23:26:13.440868" elapsed="0.000038"/>
</return>
<msg time="2025-08-02T23:26:13.441011" level="INFO">${response} = &lt;Response [201]&gt;</msg>
<var>${response}</var>
<arg>${SESION_SURVEYS}</arg>
<arg>${question_data}</arg>
<doc>Crea una nueva pregunta</doc>
<status status="PASS" start="2025-08-02T23:26:13.332487" elapsed="0.108541"/>
</kw>
<kw name="Validar Respuesta" owner="keywords_api_surveys">
<kw name="Should Be Equal As Strings" owner="BuiltIn">
<msg time="2025-08-02T23:26:13.441782" level="INFO">Argument types are:
&lt;class 'int'&gt;
&lt;class 'str'&gt;</msg>
<arg>${response.status_code}</arg>
<arg>${expected_status_code}</arg>
<doc>Fails if objects are unequal after converting them to strings.</doc>
<status status="PASS" start="2025-08-02T23:26:13.441389" elapsed="0.000431"/>
</kw>
<kw name="Log" owner="BuiltIn">
<msg time="2025-08-02T23:26:13.442244" level="INFO">Validación de respuesta exitosa: 201</msg>
<arg>Validación de respuesta exitosa: ${response.status_code}</arg>
<doc>Logs the given message with the given level.</doc>
<status status="PASS" start="2025-08-02T23:26:13.441914" elapsed="0.000365"/>
</kw>
<arg>${response}</arg>
<arg>201</arg>
<doc>Valida que el código de estado de la respuesta sea el esperado</doc>
<status status="PASS" start="2025-08-02T23:26:13.441168" elapsed="0.001150"/>
</kw>
<kw name="Get From Dictionary" owner="Collections">
<msg time="2025-08-02T23:26:13.442761" level="INFO">${question_id} = 6</msg>
<var>${question_id}</var>
<arg>${response.json()}</arg>
<arg>id</arg>
<doc>Returns a value from the given ``dictionary`` based on the given ``key``.</doc>
<status status="PASS" start="2025-08-02T23:26:13.442388" elapsed="0.000391"/>
</kw>
<kw name="Obtener Question Por ID" owner="keywords_api_surveys">
<kw name="GET On Session" owner="RequestsLibrary">
<msg time="2025-08-02T23:26:13.495890" level="INFO">GET Request : url=http://localhost:8000/api/questions/6/ 
 path_url=/api/questions/6/ 
 headers={'User-Agent': 'python-requests/2.32.4', 'Accept-Encoding': 'gzip, deflate', 'Accept': '*/*', 'Connection': 'keep-alive'} 
 body=None 
 </msg>
<msg time="2025-08-02T23:26:13.495981" level="INFO">GET Response : url=http://localhost:8000/api/questions/6/ 
 status=200, reason=OK 
 headers={'Date': 'Sun, 03 Aug 2025 04:26:12 GMT', 'Server': 'WSGIServer/0.2 CPython/3.11.13', 'Content-Type': 'application/json', 'Vary': 'Accept, Cookie', 'Allow': 'GET, PUT, PATCH, DELETE, HEAD, OPTIONS', 'X-Frame-Options': 'DENY', 'Content-Length': '132', 'X-Content-Type-Options': 'nosniff', 'Referrer-Policy': 'same-origin', 'Cross-Origin-Opener-Policy': 'same-origin'} 
 body={"id":6,"options":[],"text":"¿Te gusta programar?","question_type":"Cerrada","created_at":"2025-08-03T04:26:12.535638Z","survey":8} 
 </msg>
<msg time="2025-08-02T23:26:13.496088" level="INFO">${response} = &lt;Response [200]&gt;</msg>
<var>${response}</var>
<arg>${session}</arg>
<arg>/questions/${question_id}/</arg>
<doc>Sends a GET request on a previously created HTTP Session.</doc>
<status status="PASS" start="2025-08-02T23:26:13.443084" elapsed="0.053024"/>
</kw>
<return>
<value>${response}</value>
<status status="PASS" start="2025-08-02T23:26:13.496167" elapsed="0.000040"/>
</return>
<msg time="2025-08-02T23:26:13.496318" level="INFO">${response} = &lt;Response [200]&gt;</msg>
<var>${response}</var>
<arg>${SESION_SURVEYS}</arg>
<arg>${question_id}</arg>
<doc>Obtiene una pregunta específica por ID</doc>
<status status="PASS" start="2025-08-02T23:26:13.442893" elapsed="0.053442"/>
</kw>
<kw name="Validar Respuesta" owner="keywords_api_surveys">
<kw name="Should Be Equal As Strings" owner="BuiltIn">
<msg time="2025-08-02T23:26:13.497537" level="INFO">Argument types are:
&lt;class 'int'&gt;
&lt;class 'str'&gt;</msg>
<arg>${response.status_code}</arg>
<arg>${expected_status_code}</arg>
<doc>Fails if objects are unequal after converting them to strings.</doc>
<status status="PASS" start="2025-08-02T23:26:13.497166" elapsed="0.000409"/>
</kw>
<kw name="Log" owner="BuiltIn">
<msg time="2025-08-02T23:26:13.497946" level="INFO">Validación de respuesta exitosa: 200</msg>
<arg>Validación de respuesta exitosa: ${response.status_code}</arg>
<doc>Logs the given message with the given level.</doc>
<status status="PASS" start="2025-08-02T23:26:13.497646" elapsed="0.000329"/>
</kw>
<arg>${response}</arg>
<arg>200</arg>
<doc>Valida que el código de estado de la respuesta sea el esperado</doc>
<status status="PASS" start="2025-08-02T23:26:13.496929" elapsed="0.001083"/>
</kw>
<kw name="Actualizar Question" owner="keywords_api_surveys">
<kw name="PUT On Session" owner="RequestsLibrary">
<msg time="2025-08-02T23:26:13.623810" level="INFO">PUT Request : url=http://localhost:8000/api/questions/6/ 
 path_url=/api/questions/6/ 
 headers={'User-Agent': 'python-requests/2.32.4', 'Accept-Encoding': 'gzip, deflate', 'Accept': '*/*', 'Connection': 'keep-alive', 'Content-Length': '84', 'Content-Type': 'application/json'} 
 body=b'{"text": "\\u00bfTe gusta mucho programar?", "question_type": "Cerrada", "survey": 8}' 
 </msg>
<msg time="2025-08-02T23:26:13.623998" level="INFO">PUT Response : url=http://localhost:8000/api/questions/6/ 
 status=200, reason=OK 
 headers={'Date': 'Sun, 03 Aug 2025 04:26:12 GMT', 'Server': 'WSGIServer/0.2 CPython/3.11.13', 'Content-Type': 'application/json', 'Vary': 'Accept, Cookie', 'Allow': 'GET, PUT, PATCH, DELETE, HEAD, OPTIONS', 'X-Frame-Options': 'DENY', 'Content-Length': '138', 'X-Content-Type-Options': 'nosniff', 'Referrer-Policy': 'same-origin', 'Cross-Origin-Opener-Policy': 'same-origin'} 
 body={"id":6,"options":[],"text":"¿Te gusta mucho programar?","question_type":"Cerrada","created_at":"2025-08-03T04:26:12.535638Z","survey":8} 
 </msg>
<msg time="2025-08-02T23:26:13.624122" level="INFO">${response} = &lt;Response [200]&gt;</msg>
<var>${response}</var>
<arg>${session}</arg>
<arg>/questions/${question_id}/</arg>
<arg>json=${question_data}</arg>
<doc>Sends a PUT request on a previously created HTTP Session.</doc>
<status status="PASS" start="2025-08-02T23:26:13.498318" elapsed="0.125826"/>
</kw>
<return>
<value>${response}</value>
<status status="PASS" start="2025-08-02T23:26:13.624206" elapsed="0.000038"/>
</return>
<msg time="2025-08-02T23:26:13.624365" level="INFO">${response} = &lt;Response [200]&gt;</msg>
<var>${response}</var>
<arg>${SESION_SURVEYS}</arg>
<arg>${question_id}</arg>
<arg>${question_update_data}</arg>
<doc>Actualiza una pregunta existente</doc>
<status status="PASS" start="2025-08-02T23:26:13.498112" elapsed="0.126271"/>
</kw>
<kw name="Validar Respuesta" owner="keywords_api_surveys">
<kw name="Should Be Equal As Strings" owner="BuiltIn">
<msg time="2025-08-02T23:26:13.625233" level="INFO">Argument types are:
&lt;class 'int'&gt;
&lt;class 'str'&gt;</msg>
<arg>${response.status_code}</arg>
<arg>${expected_status_code}</arg>
<doc>Fails if objects are unequal after converting them to strings.</doc>
<status status="PASS" start="2025-08-02T23:26:13.624817" elapsed="0.000456"/>
</kw>
<kw name="Log" owner="BuiltIn">
<msg time="2025-08-02T23:26:13.625685" level="INFO">Validación de respuesta exitosa: 200</msg>
<arg>Validación de respuesta exitosa: ${response.status_code}</arg>
<doc>Logs the given message with the given level.</doc>
<status status="PASS" start="2025-08-02T23:26:13.625359" elapsed="0.000358"/>
</kw>
<arg>${response}</arg>
<arg>200</arg>
<doc>Valida que el código de estado de la respuesta sea el esperado</doc>
<status status="PASS" start="2025-08-02T23:26:13.624543" elapsed="0.001215"/>
</kw>
<kw name="Eliminar Question" owner="keywords_api_surveys">
<kw name="DELETE On Session" owner="RequestsLibrary">
<msg time="2025-08-02T23:26:13.686986" level="INFO">DELETE Request : url=http://localhost:8000/api/questions/6/ 
 path_url=/api/questions/6/ 
 headers={'User-Agent': 'python-requests/2.32.4', 'Accept-Encoding': 'gzip, deflate', 'Accept': '*/*', 'Connection': 'keep-alive', 'Content-Length': '0'} 
 body=None 
 </msg>
<msg time="2025-08-02T23:26:13.687057" level="INFO">DELETE Response : url=http://localhost:8000/api/questions/6/ 
 status=204, reason=No Content 
 headers={'Date': 'Sun, 03 Aug 2025 04:26:12 GMT', 'Server': 'WSGIServer/0.2 CPython/3.11.13', 'Vary': 'Accept, Cookie', 'Allow': 'GET, PUT, PATCH, DELETE, HEAD, OPTIONS', 'X-Frame-Options': 'DENY', 'Content-Length': '0', 'X-Content-Type-Options': 'nosniff', 'Referrer-Policy': 'same-origin', 'Cross-Origin-Opener-Policy': 'same-origin'} 
 body=None 
 </msg>
<msg time="2025-08-02T23:26:13.687194" level="INFO">${response} = &lt;Response [204]&gt;</msg>
<var>${response}</var>
<arg>${session}</arg>
<arg>/questions/${question_id}/</arg>
<doc>Sends a DELETE request on a previously created HTTP Session.</doc>
<status status="PASS" start="2025-08-02T23:26:13.626091" elapsed="0.061127"/>
</kw>
<return>
<value>${response}</value>
<status status="PASS" start="2025-08-02T23:26:13.687286" elapsed="0.000040"/>
</return>
<msg time="2025-08-02T23:26:13.687442" level="INFO">${response} = &lt;Response [204]&gt;</msg>
<var>${response}</var>
<arg>${SESION_SURVEYS}</arg>
<arg>${question_id}</arg>
<doc>Elimina una pregunta</doc>
<status status="PASS" start="2025-08-02T23:26:13.625884" elapsed="0.061576"/>
</kw>
<kw name="Validar Respuesta" owner="keywords_api_surveys">
<kw name="Should Be Equal As Strings" owner="BuiltIn">
<msg time="2025-08-02T23:26:13.688275" level="INFO">Argument types are:
&lt;class 'int'&gt;
&lt;class 'str'&gt;</msg>
<arg>${response.status_code}</arg>
<arg>${expected_status_code}</arg>
<doc>Fails if objects are unequal after converting them to strings.</doc>
<status status="PASS" start="2025-08-02T23:26:13.687854" elapsed="0.000475"/>
</kw>
<kw name="Log" owner="BuiltIn">
<msg time="2025-08-02T23:26:13.688772" level="INFO">Validación de respuesta exitosa: 204</msg>
<arg>Validación de respuesta exitosa: ${response.status_code}</arg>
<doc>Logs the given message with the given level.</doc>
<status status="PASS" start="2025-08-02T23:26:13.688421" elapsed="0.000386"/>
</kw>
<arg>${response}</arg>
<arg>204</arg>
<doc>Valida que el código de estado de la respuesta sea el esperado</doc>
<status status="PASS" start="2025-08-02T23:26:13.687609" elapsed="0.001243"/>
</kw>
<kw name="Eliminar Survey" owner="keywords_api_surveys">
<kw name="DELETE On Session" owner="RequestsLibrary">
<msg time="2025-08-02T23:26:13.754563" level="INFO">DELETE Request : url=http://localhost:8000/api/surveys/8/ 
 path_url=/api/surveys/8/ 
 headers={'User-Agent': 'python-requests/2.32.4', 'Accept-Encoding': 'gzip, deflate', 'Accept': '*/*', 'Connection': 'keep-alive', 'Content-Length': '0'} 
 body=None 
 </msg>
<msg time="2025-08-02T23:26:13.754647" level="INFO">DELETE Response : url=http://localhost:8000/api/surveys/8/ 
 status=204, reason=No Content 
 headers={'Date': 'Sun, 03 Aug 2025 04:26:12 GMT', 'Server': 'WSGIServer/0.2 CPython/3.11.13', 'Vary': 'Accept, Cookie', 'Allow': 'GET, PUT, PATCH, DELETE, HEAD, OPTIONS', 'X-Frame-Options': 'DENY', 'Content-Length': '0', 'X-Content-Type-Options': 'nosniff', 'Referrer-Policy': 'same-origin', 'Cross-Origin-Opener-Policy': 'same-origin'} 
 body=None 
 </msg>
<msg time="2025-08-02T23:26:13.754778" level="INFO">${response} = &lt;Response [204]&gt;</msg>
<var>${response}</var>
<arg>${session}</arg>
<arg>/surveys/${survey_id}/</arg>
<doc>Sends a DELETE request on a previously created HTTP Session.</doc>
<status status="PASS" start="2025-08-02T23:26:13.689195" elapsed="0.065611"/>
</kw>
<return>
<value>${response}</value>
<status status="PASS" start="2025-08-02T23:26:13.754880" elapsed="0.000045"/>
</return>
<msg time="2025-08-02T23:26:13.755102" level="INFO">${response} = &lt;Response [204]&gt;</msg>
<var>${response}</var>
<arg>${SESION_SURVEYS}</arg>
<arg>${survey_id}</arg>
<doc>Elimina una encuesta</doc>
<status status="PASS" start="2025-08-02T23:26:13.688979" elapsed="0.066150"/>
</kw>
<kw name="Validar Respuesta" owner="keywords_api_surveys">
<kw name="Should Be Equal As Strings" owner="BuiltIn">
<msg time="2025-08-02T23:26:13.755897" level="INFO">Argument types are:
&lt;class 'int'&gt;
&lt;class 'str'&gt;</msg>
<arg>${response.status_code}</arg>
<arg>${expected_status_code}</arg>
<doc>Fails if objects are unequal after converting them to strings.</doc>
<status status="PASS" start="2025-08-02T23:26:13.755506" elapsed="0.000428"/>
</kw>
<kw name="Log" owner="BuiltIn">
<msg time="2025-08-02T23:26:13.756306" level="INFO">Validación de respuesta exitosa: 204</msg>
<arg>Validación de respuesta exitosa: ${response.status_code}</arg>
<doc>Logs the given message with the given level.</doc>
<status status="PASS" start="2025-08-02T23:26:13.756003" elapsed="0.000341"/>
</kw>
<arg>${response}</arg>
<arg>204</arg>
<doc>Valida que el código de estado de la respuesta sea el esperado</doc>
<status status="PASS" start="2025-08-02T23:26:13.755286" elapsed="0.001095"/>
</kw>
<kw name="Log" owner="BuiltIn">
<msg time="2025-08-02T23:26:13.756519" level="INFO">Test Questions exitoso en intento 1</msg>
<arg>Test Questions exitoso en intento ${intento}</arg>
<doc>Logs the given message with the given level.</doc>
<status status="PASS" start="2025-08-02T23:26:13.756441" elapsed="0.000104"/>
</kw>
<break>
<status status="PASS" start="2025-08-02T23:26:13.756662" elapsed="0.000040"/>
</break>
<status status="PASS" start="2025-08-02T23:26:13.250113" elapsed="0.506612"/>
</branch>
<branch type="EXCEPT" assign="${error}">
<kw name="Log" owner="BuiltIn">
<arg>Error en intento ${intento}: ${error}</arg>
<doc>Logs the given message with the given level.</doc>
<status status="NOT RUN" start="2025-08-02T23:26:13.756815" elapsed="0.000012"/>
</kw>
<if>
<branch type="IF" condition="${intento} == ${MAX_REINTENTOS}">
<kw name="Fail" owner="BuiltIn">
<arg>Test Questions falló después de ${MAX_REINTENTOS} intentos. Último error: ${error}</arg>
<doc>Fails the test with the given message and optionally alters its tags.</doc>
<status status="NOT RUN" start="2025-08-02T23:26:13.756945" elapsed="0.000011"/>
</kw>
<status status="NOT RUN" start="2025-08-02T23:26:13.756883" elapsed="0.000094"/>
</branch>
<status status="NOT RUN" start="2025-08-02T23:26:13.756867" elapsed="0.000126"/>
</if>
<kw name="Sleep" owner="BuiltIn">
<arg>2s</arg>
<doc>Pauses the test executed for the given time.</doc>
<status status="NOT RUN" start="2025-08-02T23:26:13.757040" elapsed="0.000011"/>
</kw>
<status status="NOT RUN" start="2025-08-02T23:26:13.756763" elapsed="0.000306"/>
</branch>
<status status="PASS" start="2025-08-02T23:26:13.250093" elapsed="0.506998"/>
</try>
<var name="${intento}">1</var>
<status status="PASS" start="2025-08-02T23:26:13.250067" elapsed="0.507047"/>
</iter>
<var>${intento}</var>
<value>1</value>
<value>${MAX_REINTENTOS + 1}</value>
<status status="PASS" start="2025-08-02T23:26:13.249510" elapsed="0.507632"/>
</for>
<doc>Verificar todas las operaciones CRUD en el endpoint /questions/</doc>
<status status="PASS" start="2025-08-02T23:26:13.249177" elapsed="0.508261"/>
</test>
<test id="s1-t3" name="Test Endpoint /Options/" line="137">
<for flavor="IN RANGE">
<iter>
<try>
<branch type="TRY">
<kw name="Log" owner="BuiltIn">
<msg time="2025-08-02T23:26:13.759229" level="INFO">Intento 1 de 3 - Test Options</msg>
<arg>Intento ${intento} de ${MAX_REINTENTOS} - Test Options</arg>
<doc>Logs the given message with the given level.</doc>
<status status="PASS" start="2025-08-02T23:26:13.759120" elapsed="0.000140"/>
</kw>
<kw name="Create Session" owner="RequestsLibrary">
<msg time="2025-08-02T23:26:13.759418" level="INFO">Creating Session using : alias=surveys_session, url=http://localhost:8000/api, headers={},                     cookies={}, auth=None, timeout=None, proxies=None, verify=False,                     debug=0 </msg>
<arg>${SESION_SURVEYS}</arg>
<arg>${URL_SURVEYS}</arg>
<doc>Create Session: create a HTTP session to a server</doc>
<status status="PASS" start="2025-08-02T23:26:13.759324" elapsed="0.000199"/>
</kw>
<kw name="Crear Survey" owner="keywords_api_surveys">
<kw name="POST On Session" owner="RequestsLibrary">
<msg time="2025-08-02T23:26:13.785131" level="INFO">POST Request : url=http://localhost:8000/api/surveys/ 
 path_url=/api/surveys/ 
 headers={'User-Agent': 'python-requests/2.32.4', 'Accept-Encoding': 'gzip, deflate', 'Accept': '*/*', 'Connection': 'keep-alive', 'Content-Length': '93', 'Content-Type': 'application/json'} 
 body=b'{"name": "Encuesta Para TEST", "description": "Descripci\\u00f3n de la encuesta para pruebas"}' 
 </msg>
<msg time="2025-08-02T23:26:13.785206" level="INFO">POST Response : url=http://localhost:8000/api/surveys/ 
 status=201, reason=Created 
 headers={'Date': 'Sun, 03 Aug 2025 04:26:12 GMT', 'Server': 'WSGIServer/0.2 CPython/3.11.13', 'Content-Type': 'application/json', 'Vary': 'Accept, Cookie', 'Allow': 'GET, POST, HEAD, OPTIONS', 'X-Frame-Options': 'DENY', 'Content-Length': '151', 'X-Content-Type-Options': 'nosniff', 'Referrer-Policy': 'same-origin', 'Cross-Origin-Opener-Policy': 'same-origin'} 
 body={"id":9,"questions":[],"name":"Encuesta Para TEST","description":"Descripción de la encuesta para pruebas","created_at":"2025-08-03T04:26:12.943061Z"} 
 </msg>
<msg time="2025-08-02T23:26:13.785327" level="INFO">${response} = &lt;Response [201]&gt;</msg>
<var>${response}</var>
<arg>${session}</arg>
<arg>/surveys/</arg>
<arg>json=${survey_data}</arg>
<doc>Sends a POST request on a previously created HTTP Session.</doc>
<status status="PASS" start="2025-08-02T23:26:13.759831" elapsed="0.025517"/>
</kw>
<return>
<value>${response}</value>
<status status="PASS" start="2025-08-02T23:26:13.785412" elapsed="0.000039"/>
</return>
<msg time="2025-08-02T23:26:13.785557" level="INFO">${response} = &lt;Response [201]&gt;</msg>
<var>${response}</var>
<arg>${SESION_SURVEYS}</arg>
<arg>${DATOS_SURVEY}</arg>
<doc>Crea una nueva encuesta</doc>
<status status="PASS" start="2025-08-02T23:26:13.759635" elapsed="0.025940"/>
</kw>
<kw name="Validar Respuesta" owner="keywords_api_surveys">
<kw name="Should Be Equal As Strings" owner="BuiltIn">
<msg time="2025-08-02T23:26:13.786326" level="INFO">Argument types are:
&lt;class 'int'&gt;
&lt;class 'str'&gt;</msg>
<arg>${response.status_code}</arg>
<arg>${expected_status_code}</arg>
<doc>Fails if objects are unequal after converting them to strings.</doc>
<status status="PASS" start="2025-08-02T23:26:13.785939" elapsed="0.000426"/>
</kw>
<kw name="Log" owner="BuiltIn">
<msg time="2025-08-02T23:26:13.786741" level="INFO">Validación de respuesta exitosa: 201</msg>
<arg>Validación de respuesta exitosa: ${response.status_code}</arg>
<doc>Logs the given message with the given level.</doc>
<status status="PASS" start="2025-08-02T23:26:13.786439" elapsed="0.000334"/>
</kw>
<arg>${response}</arg>
<arg>201</arg>
<doc>Valida que el código de estado de la respuesta sea el esperado</doc>
<status status="PASS" start="2025-08-02T23:26:13.785714" elapsed="0.001097"/>
</kw>
<kw name="Get From Dictionary" owner="Collections">
<msg time="2025-08-02T23:26:13.787230" level="INFO">${survey_id} = 9</msg>
<var>${survey_id}</var>
<arg>${response.json()}</arg>
<arg>id</arg>
<doc>Returns a value from the given ``dictionary`` based on the given ``key``.</doc>
<status status="PASS" start="2025-08-02T23:26:13.786878" elapsed="0.000370"/>
</kw>
<kw name="Copy Dictionary" owner="Collections">
<msg time="2025-08-02T23:26:13.787440" level="INFO">${question_data} = {'text': '¿Te gusta programar?', 'question_type': 'Cerrada'}</msg>
<var>${question_data}</var>
<arg>${DATOS_QUESTION}</arg>
<doc>Returns a copy of the given dictionary.</doc>
<status status="PASS" start="2025-08-02T23:26:13.787325" elapsed="0.000132"/>
</kw>
<kw name="Set To Dictionary" owner="Collections">
<arg>${question_data}</arg>
<arg>survey=${survey_id}</arg>
<doc>Adds the given ``key_value_pairs`` and/or ``items`` to the ``dictionary``.</doc>
<status status="PASS" start="2025-08-02T23:26:13.787517" elapsed="0.000106"/>
</kw>
<kw name="Crear Question" owner="keywords_api_surveys">
<kw name="POST On Session" owner="RequestsLibrary">
<msg time="2025-08-02T23:26:13.901642" level="INFO">POST Request : url=http://localhost:8000/api/questions/ 
 path_url=/api/questions/ 
 headers={'User-Agent': 'python-requests/2.32.4', 'Accept-Encoding': 'gzip, deflate', 'Accept': '*/*', 'Connection': 'keep-alive', 'Content-Length': '78', 'Content-Type': 'application/json'} 
 body=b'{"text": "\\u00bfTe gusta programar?", "question_type": "Cerrada", "survey": 9}' 
 </msg>
<msg time="2025-08-02T23:26:13.901735" level="INFO">POST Response : url=http://localhost:8000/api/questions/ 
 status=201, reason=Created 
 headers={'Date': 'Sun, 03 Aug 2025 04:26:13 GMT', 'Server': 'WSGIServer/0.2 CPython/3.11.13', 'Content-Type': 'application/json', 'Vary': 'Accept, Cookie', 'Allow': 'GET, POST, HEAD, OPTIONS', 'X-Frame-Options': 'DENY', 'Content-Length': '132', 'X-Content-Type-Options': 'nosniff', 'Referrer-Policy': 'same-origin', 'Cross-Origin-Opener-Policy': 'same-origin'} 
 body={"id":7,"options":[],"text":"¿Te gusta programar?","question_type":"Cerrada","created_at":"2025-08-03T04:26:13.014286Z","survey":9} 
 </msg>
<msg time="2025-08-02T23:26:13.901868" level="INFO">${response} = &lt;Response [201]&gt;</msg>
<var>${response}</var>
<arg>${session}</arg>
<arg>/questions/</arg>
<arg>json=${question_data}</arg>
<doc>Sends a POST request on a previously created HTTP Session.</doc>
<status status="PASS" start="2025-08-02T23:26:13.787909" elapsed="0.114106"/>
</kw>
<return>
<value>${response}</value>
<status status="PASS" start="2025-08-02T23:26:13.902099" elapsed="0.000047"/>
</return>
<msg time="2025-08-02T23:26:13.902298" level="INFO">${response} = &lt;Response [201]&gt;</msg>
<var>${response}</var>
<arg>${SESION_SURVEYS}</arg>
<arg>${question_data}</arg>
<doc>Crea una nueva pregunta</doc>
<status status="PASS" start="2025-08-02T23:26:13.787727" elapsed="0.114596"/>
</kw>
<kw name="Validar Respuesta" owner="keywords_api_surveys">
<kw name="Should Be Equal As Strings" owner="BuiltIn">
<msg time="2025-08-02T23:26:13.903218" level="INFO">Argument types are:
&lt;class 'int'&gt;
&lt;class 'str'&gt;</msg>
<arg>${response.status_code}</arg>
<arg>${expected_status_code}</arg>
<doc>Fails if objects are unequal after converting them to strings.</doc>
<status status="PASS" start="2025-08-02T23:26:13.902822" elapsed="0.000436"/>
</kw>
<kw name="Log" owner="BuiltIn">
<msg time="2025-08-02T23:26:13.903642" level="INFO">Validación de respuesta exitosa: 201</msg>
<arg>Validación de respuesta exitosa: ${response.status_code}</arg>
<doc>Logs the given message with the given level.</doc>
<status status="PASS" start="2025-08-02T23:26:13.903335" elapsed="0.000336"/>
</kw>
<arg>${response}</arg>
<arg>201</arg>
<doc>Valida que el código de estado de la respuesta sea el esperado</doc>
<status status="PASS" start="2025-08-02T23:26:13.902533" elapsed="0.001176"/>
</kw>
<kw name="Get From Dictionary" owner="Collections">
<msg time="2025-08-02T23:26:13.904141" level="INFO">${question_id} = 7</msg>
<var>${question_id}</var>
<arg>${response.json()}</arg>
<arg>id</arg>
<doc>Returns a value from the given ``dictionary`` based on the given ``key``.</doc>
<status status="PASS" start="2025-08-02T23:26:13.903778" elapsed="0.000381"/>
</kw>
<kw name="Copy Dictionary" owner="Collections">
<msg time="2025-08-02T23:26:13.904341" level="INFO">${option_data} = {'text': 'Si'}</msg>
<var>${option_data}</var>
<arg>${DATOS_OPTION_SI}</arg>
<doc>Returns a copy of the given dictionary.</doc>
<status status="PASS" start="2025-08-02T23:26:13.904225" elapsed="0.000133"/>
</kw>
<kw name="Set To Dictionary" owner="Collections">
<arg>${option_data}</arg>
<arg>question=${question_id}</arg>
<doc>Adds the given ``key_value_pairs`` and/or ``items`` to the ``dictionary``.</doc>
<status status="PASS" start="2025-08-02T23:26:13.904418" elapsed="0.000103"/>
</kw>
<kw name="Copy Dictionary" owner="Collections">
<msg time="2025-08-02T23:26:13.904676" level="INFO">${option_update_data} = {'text': 'Muchísimo'}</msg>
<var>${option_update_data}</var>
<arg>${DATOS_OPTION_UPDATE}</arg>
<doc>Returns a copy of the given dictionary.</doc>
<status status="PASS" start="2025-08-02T23:26:13.904580" elapsed="0.000112"/>
</kw>
<kw name="Set To Dictionary" owner="Collections">
<arg>${option_update_data}</arg>
<arg>question=${question_id}</arg>
<doc>Adds the given ``key_value_pairs`` and/or ``items`` to the ``dictionary``.</doc>
<status status="PASS" start="2025-08-02T23:26:13.904750" elapsed="0.000101"/>
</kw>
<kw name="Obtener Options" owner="keywords_api_surveys">
<kw name="GET On Session" owner="RequestsLibrary">
<msg time="2025-08-02T23:26:13.955668" level="INFO">GET Request : url=http://localhost:8000/api/options/ 
 path_url=/api/options/ 
 headers={'User-Agent': 'python-requests/2.32.4', 'Accept-Encoding': 'gzip, deflate', 'Accept': '*/*', 'Connection': 'keep-alive'} 
 body=None 
 </msg>
<msg time="2025-08-02T23:26:13.955778" level="INFO">GET Response : url=http://localhost:8000/api/options/ 
 status=200, reason=OK 
 headers={'Date': 'Sun, 03 Aug 2025 04:26:13 GMT', 'Server': 'WSGIServer/0.2 CPython/3.11.13', 'Content-Type': 'application/json', 'Vary': 'Accept, Cookie', 'Allow': 'GET, POST, HEAD, OPTIONS', 'X-Frame-Options': 'DENY', 'Content-Length': '2', 'X-Content-Type-Options': 'nosniff', 'Referrer-Policy': 'same-origin', 'Cross-Origin-Opener-Policy': 'same-origin'} 
 body=[] 
 </msg>
<msg time="2025-08-02T23:26:13.955931" level="INFO">${response} = &lt;Response [200]&gt;</msg>
<var>${response}</var>
<arg>${session}</arg>
<arg>/options/</arg>
<doc>Sends a GET request on a previously created HTTP Session.</doc>
<status status="PASS" start="2025-08-02T23:26:13.905148" elapsed="0.050819"/>
</kw>
<return>
<value>${response}</value>
<status status="PASS" start="2025-08-02T23:26:13.956056" elapsed="0.000054"/>
</return>
<msg time="2025-08-02T23:26:13.956302" level="INFO">${response} = &lt;Response [200]&gt;</msg>
<var>${response}</var>
<arg>${SESION_SURVEYS}</arg>
<doc>Obtiene todas las opciones</doc>
<status status="PASS" start="2025-08-02T23:26:13.904958" elapsed="0.051369"/>
</kw>
<kw name="Validar Respuesta" owner="keywords_api_surveys">
<kw name="Should Be Equal As Strings" owner="BuiltIn">
<msg time="2025-08-02T23:26:13.957196" level="INFO">Argument types are:
&lt;class 'int'&gt;
&lt;class 'str'&gt;</msg>
<arg>${response.status_code}</arg>
<arg>${expected_status_code}</arg>
<doc>Fails if objects are unequal after converting them to strings.</doc>
<status status="PASS" start="2025-08-02T23:26:13.956784" elapsed="0.000454"/>
</kw>
<kw name="Log" owner="BuiltIn">
<msg time="2025-08-02T23:26:13.958081" level="INFO">Validación de respuesta exitosa: 200</msg>
<arg>Validación de respuesta exitosa: ${response.status_code}</arg>
<doc>Logs the given message with the given level.</doc>
<status status="PASS" start="2025-08-02T23:26:13.957409" elapsed="0.000715"/>
</kw>
<arg>${response}</arg>
<arg>200</arg>
<doc>Valida que el código de estado de la respuesta sea el esperado</doc>
<status status="PASS" start="2025-08-02T23:26:13.956518" elapsed="0.001656"/>
</kw>
<kw name="Crear Option" owner="keywords_api_surveys">
<kw name="POST On Session" owner="RequestsLibrary">
<msg time="2025-08-02T23:26:14.065651" level="INFO">POST Request : url=http://localhost:8000/api/options/ 
 path_url=/api/options/ 
 headers={'User-Agent': 'python-requests/2.32.4', 'Accept-Encoding': 'gzip, deflate', 'Accept': '*/*', 'Connection': 'keep-alive', 'Content-Length': '29', 'Content-Type': 'application/json'} 
 body=b'{"text": "Si", "question": 7}' 
 </msg>
<msg time="2025-08-02T23:26:14.065722" level="INFO">POST Response : url=http://localhost:8000/api/options/ 
 status=201, reason=Created 
 headers={'Date': 'Sun, 03 Aug 2025 04:26:13 GMT', 'Server': 'WSGIServer/0.2 CPython/3.11.13', 'Content-Type': 'application/json', 'Vary': 'Accept, Cookie', 'Allow': 'GET, POST, HEAD, OPTIONS', 'X-Frame-Options': 'DENY', 'Content-Length': '76', 'X-Content-Type-Options': 'nosniff', 'Referrer-Policy': 'same-origin', 'Cross-Origin-Opener-Policy': 'same-origin'} 
 body={"id":5,"text":"Si","created_at":"2025-08-03T04:26:13.193694Z","question":7} 
 </msg>
<msg time="2025-08-02T23:26:14.065822" level="INFO">${response} = &lt;Response [201]&gt;</msg>
<var>${response}</var>
<arg>${session}</arg>
<arg>/options/</arg>
<arg>json=${option_data}</arg>
<doc>Sends a POST request on a previously created HTTP Session.</doc>
<status status="PASS" start="2025-08-02T23:26:13.958605" elapsed="0.107242"/>
</kw>
<return>
<value>${response}</value>
<status status="PASS" start="2025-08-02T23:26:14.065912" elapsed="0.000035"/>
</return>
<msg time="2025-08-02T23:26:14.066049" level="INFO">${response} = &lt;Response [201]&gt;</msg>
<var>${response}</var>
<arg>${SESION_SURVEYS}</arg>
<arg>${option_data}</arg>
<doc>Crea una nueva opción</doc>
<status status="PASS" start="2025-08-02T23:26:13.958347" elapsed="0.107720"/>
</kw>
<kw name="Validar Respuesta" owner="keywords_api_surveys">
<kw name="Should Be Equal As Strings" owner="BuiltIn">
<msg time="2025-08-02T23:26:14.066797" level="INFO">Argument types are:
&lt;class 'int'&gt;
&lt;class 'str'&gt;</msg>
<arg>${response.status_code}</arg>
<arg>${expected_status_code}</arg>
<doc>Fails if objects are unequal after converting them to strings.</doc>
<status status="PASS" start="2025-08-02T23:26:14.066423" elapsed="0.000409"/>
</kw>
<kw name="Log" owner="BuiltIn">
<msg time="2025-08-02T23:26:14.067290" level="INFO">Validación de respuesta exitosa: 201</msg>
<arg>Validación de respuesta exitosa: ${response.status_code}</arg>
<doc>Logs the given message with the given level.</doc>
<status status="PASS" start="2025-08-02T23:26:14.066992" elapsed="0.000332"/>
</kw>
<arg>${response}</arg>
<arg>201</arg>
<doc>Valida que el código de estado de la respuesta sea el esperado</doc>
<status status="PASS" start="2025-08-02T23:26:14.066203" elapsed="0.001157"/>
</kw>
<kw name="Get From Dictionary" owner="Collections">
<msg time="2025-08-02T23:26:14.067799" level="INFO">${option_id} = 5</msg>
<var>${option_id}</var>
<arg>${response.json()}</arg>
<arg>id</arg>
<doc>Returns a value from the given ``dictionary`` based on the given ``key``.</doc>
<status status="PASS" start="2025-08-02T23:26:14.067427" elapsed="0.000390"/>
</kw>
<kw name="Obtener Option Por ID" owner="keywords_api_surveys">
<kw name="GET On Session" owner="RequestsLibrary">
<msg time="2025-08-02T23:26:14.121644" level="INFO">GET Request : url=http://localhost:8000/api/options/5/ 
 path_url=/api/options/5/ 
 headers={'User-Agent': 'python-requests/2.32.4', 'Accept-Encoding': 'gzip, deflate', 'Accept': '*/*', 'Connection': 'keep-alive'} 
 body=None 
 </msg>
<msg time="2025-08-02T23:26:14.121733" level="INFO">GET Response : url=http://localhost:8000/api/options/5/ 
 status=200, reason=OK 
 headers={'Date': 'Sun, 03 Aug 2025 04:26:13 GMT', 'Server': 'WSGIServer/0.2 CPython/3.11.13', 'Content-Type': 'application/json', 'Vary': 'Accept, Cookie', 'Allow': 'GET, PUT, PATCH, DELETE, HEAD, OPTIONS', 'X-Frame-Options': 'DENY', 'Content-Length': '76', 'X-Content-Type-Options': 'nosniff', 'Referrer-Policy': 'same-origin', 'Cross-Origin-Opener-Policy': 'same-origin'} 
 body={"id":5,"text":"Si","created_at":"2025-08-03T04:26:13.193694Z","question":7} 
 </msg>
<msg time="2025-08-02T23:26:14.121862" level="INFO">${response} = &lt;Response [200]&gt;</msg>
<var>${response}</var>
<arg>${session}</arg>
<arg>/options/${option_id}/</arg>
<doc>Sends a GET request on a previously created HTTP Session.</doc>
<status status="PASS" start="2025-08-02T23:26:14.068094" elapsed="0.053794"/>
</kw>
<return>
<value>${response}</value>
<status status="PASS" start="2025-08-02T23:26:14.121959" elapsed="0.000043"/>
</return>
<msg time="2025-08-02T23:26:14.122144" level="INFO">${response} = &lt;Response [200]&gt;</msg>
<var>${response}</var>
<arg>${SESION_SURVEYS}</arg>
<arg>${option_id}</arg>
<doc>Obtiene una opción específica por ID</doc>
<status status="PASS" start="2025-08-02T23:26:14.067915" elapsed="0.054253"/>
</kw>
<kw name="Validar Respuesta" owner="keywords_api_surveys">
<kw name="Should Be Equal As Strings" owner="BuiltIn">
<msg time="2025-08-02T23:26:14.123013" level="INFO">Argument types are:
&lt;class 'int'&gt;
&lt;class 'str'&gt;</msg>
<arg>${response.status_code}</arg>
<arg>${expected_status_code}</arg>
<doc>Fails if objects are unequal after converting them to strings.</doc>
<status status="PASS" start="2025-08-02T23:26:14.122629" elapsed="0.000422"/>
</kw>
<kw name="Log" owner="BuiltIn">
<msg time="2025-08-02T23:26:14.123421" level="INFO">Validación de respuesta exitosa: 200</msg>
<arg>Validación de respuesta exitosa: ${response.status_code}</arg>
<doc>Logs the given message with the given level.</doc>
<status status="PASS" start="2025-08-02T23:26:14.123130" elapsed="0.000320"/>
</kw>
<arg>${response}</arg>
<arg>200</arg>
<doc>Valida que el código de estado de la respuesta sea el esperado</doc>
<status status="PASS" start="2025-08-02T23:26:14.122353" elapsed="0.001134"/>
</kw>
<kw name="Actualizar Option" owner="keywords_api_surveys">
<kw name="PUT On Session" owner="RequestsLibrary">
<msg time="2025-08-02T23:26:14.227701" level="INFO">PUT Request : url=http://localhost:8000/api/options/5/ 
 path_url=/api/options/5/ 
 headers={'User-Agent': 'python-requests/2.32.4', 'Accept-Encoding': 'gzip, deflate', 'Accept': '*/*', 'Connection': 'keep-alive', 'Content-Length': '41', 'Content-Type': 'application/json'} 
 body=b'{"text": "Much\\u00edsimo", "question": 7}' 
 </msg>
<msg time="2025-08-02T23:26:14.227792" level="INFO">PUT Response : url=http://localhost:8000/api/options/5/ 
 status=200, reason=OK 
 headers={'Date': 'Sun, 03 Aug 2025 04:26:13 GMT', 'Server': 'WSGIServer/0.2 CPython/3.11.13', 'Content-Type': 'application/json', 'Vary': 'Accept, Cookie', 'Allow': 'GET, PUT, PATCH, DELETE, HEAD, OPTIONS', 'X-Frame-Options': 'DENY', 'Content-Length': '84', 'X-Content-Type-Options': 'nosniff', 'Referrer-Policy': 'same-origin', 'Cross-Origin-Opener-Policy': 'same-origin'} 
 body={"id":5,"text":"Muchísimo","created_at":"2025-08-03T04:26:13.193694Z","question":7} 
 </msg>
<msg time="2025-08-02T23:26:14.227927" level="INFO">${response} = &lt;Response [200]&gt;</msg>
<var>${response}</var>
<arg>${session}</arg>
<arg>/options/${option_id}/</arg>
<arg>json=${option_data}</arg>
<doc>Sends a PUT request on a previously created HTTP Session.</doc>
<status status="PASS" start="2025-08-02T23:26:14.123797" elapsed="0.104157"/>
</kw>
<return>
<value>${response}</value>
<status status="PASS" start="2025-08-02T23:26:14.228030" elapsed="0.000039"/>
</return>
<msg time="2025-08-02T23:26:14.228170" level="INFO">${response} = &lt;Response [200]&gt;</msg>
<var>${response}</var>
<arg>${SESION_SURVEYS}</arg>
<arg>${option_id}</arg>
<arg>${option_update_data}</arg>
<doc>Actualiza una opción existente</doc>
<status status="PASS" start="2025-08-02T23:26:14.123586" elapsed="0.104600"/>
</kw>
<kw name="Validar Respuesta" owner="keywords_api_surveys">
<kw name="Should Be Equal As Strings" owner="BuiltIn">
<msg time="2025-08-02T23:26:14.228946" level="INFO">Argument types are:
&lt;class 'int'&gt;
&lt;class 'str'&gt;</msg>
<arg>${response.status_code}</arg>
<arg>${expected_status_code}</arg>
<doc>Fails if objects are unequal after converting them to strings.</doc>
<status status="PASS" start="2025-08-02T23:26:14.228549" elapsed="0.000443"/>
</kw>
<kw name="Log" owner="BuiltIn">
<msg time="2025-08-02T23:26:14.229359" level="INFO">Validación de respuesta exitosa: 200</msg>
<arg>Validación de respuesta exitosa: ${response.status_code}</arg>
<doc>Logs the given message with the given level.</doc>
<status status="PASS" start="2025-08-02T23:26:14.229065" elapsed="0.000323"/>
</kw>
<arg>${response}</arg>
<arg>200</arg>
<doc>Valida que el código de estado de la respuesta sea el esperado</doc>
<status status="PASS" start="2025-08-02T23:26:14.228325" elapsed="0.001100"/>
</kw>
<kw name="Eliminar Option" owner="keywords_api_surveys">
<kw name="DELETE On Session" owner="RequestsLibrary">
<msg time="2025-08-02T23:26:14.292785" level="INFO">DELETE Request : url=http://localhost:8000/api/options/5/ 
 path_url=/api/options/5/ 
 headers={'User-Agent': 'python-requests/2.32.4', 'Accept-Encoding': 'gzip, deflate', 'Accept': '*/*', 'Connection': 'keep-alive', 'Content-Length': '0'} 
 body=None 
 </msg>
<msg time="2025-08-02T23:26:14.292870" level="INFO">DELETE Response : url=http://localhost:8000/api/options/5/ 
 status=204, reason=No Content 
 headers={'Date': 'Sun, 03 Aug 2025 04:26:13 GMT', 'Server': 'WSGIServer/0.2 CPython/3.11.13', 'Vary': 'Accept, Cookie', 'Allow': 'GET, PUT, PATCH, DELETE, HEAD, OPTIONS', 'X-Frame-Options': 'DENY', 'Content-Length': '0', 'X-Content-Type-Options': 'nosniff', 'Referrer-Policy': 'same-origin', 'Cross-Origin-Opener-Policy': 'same-origin'} 
 body=None 
 </msg>
<msg time="2025-08-02T23:26:14.292999" level="INFO">${response} = &lt;Response [204]&gt;</msg>
<var>${response}</var>
<arg>${session}</arg>
<arg>/options/${option_id}/</arg>
<doc>Sends a DELETE request on a previously created HTTP Session.</doc>
<status status="PASS" start="2025-08-02T23:26:14.229781" elapsed="0.063244"/>
</kw>
<return>
<value>${response}</value>
<status status="PASS" start="2025-08-02T23:26:14.293098" elapsed="0.000044"/>
</return>
<msg time="2025-08-02T23:26:14.293358" level="INFO">${response} = &lt;Response [204]&gt;</msg>
<var>${response}</var>
<arg>${SESION_SURVEYS}</arg>
<arg>${option_id}</arg>
<doc>Elimina una opción</doc>
<status status="PASS" start="2025-08-02T23:26:14.229539" elapsed="0.063843"/>
</kw>
<kw name="Validar Respuesta" owner="keywords_api_surveys">
<kw name="Should Be Equal As Strings" owner="BuiltIn">
<msg time="2025-08-02T23:26:14.294270" level="INFO">Argument types are:
&lt;class 'int'&gt;
&lt;class 'str'&gt;</msg>
<arg>${response.status_code}</arg>
<arg>${expected_status_code}</arg>
<doc>Fails if objects are unequal after converting them to strings.</doc>
<status status="PASS" start="2025-08-02T23:26:14.293853" elapsed="0.000454"/>
</kw>
<kw name="Log" owner="BuiltIn">
<msg time="2025-08-02T23:26:14.294682" level="INFO">Validación de respuesta exitosa: 204</msg>
<arg>Validación de respuesta exitosa: ${response.status_code}</arg>
<doc>Logs the given message with the given level.</doc>
<status status="PASS" start="2025-08-02T23:26:14.294390" elapsed="0.000321"/>
</kw>
<arg>${response}</arg>
<arg>204</arg>
<doc>Valida que el código de estado de la respuesta sea el esperado</doc>
<status status="PASS" start="2025-08-02T23:26:14.293559" elapsed="0.001187"/>
</kw>
<kw name="Eliminar Question" owner="keywords_api_surveys">
<kw name="DELETE On Session" owner="RequestsLibrary">
<msg time="2025-08-02T23:26:14.359198" level="INFO">DELETE Request : url=http://localhost:8000/api/questions/7/ 
 path_url=/api/questions/7/ 
 headers={'User-Agent': 'python-requests/2.32.4', 'Accept-Encoding': 'gzip, deflate', 'Accept': '*/*', 'Connection': 'keep-alive', 'Content-Length': '0'} 
 body=None 
 </msg>
<msg time="2025-08-02T23:26:14.359284" level="INFO">DELETE Response : url=http://localhost:8000/api/questions/7/ 
 status=204, reason=No Content 
 headers={'Date': 'Sun, 03 Aug 2025 04:26:13 GMT', 'Server': 'WSGIServer/0.2 CPython/3.11.13', 'Vary': 'Accept, Cookie', 'Allow': 'GET, PUT, PATCH, DELETE, HEAD, OPTIONS', 'X-Frame-Options': 'DENY', 'Content-Length': '0', 'X-Content-Type-Options': 'nosniff', 'Referrer-Policy': 'same-origin', 'Cross-Origin-Opener-Policy': 'same-origin'} 
 body=None 
 </msg>
<msg time="2025-08-02T23:26:14.359414" level="INFO">${response} = &lt;Response [204]&gt;</msg>
<var>${response}</var>
<arg>${session}</arg>
<arg>/questions/${question_id}/</arg>
<doc>Sends a DELETE request on a previously created HTTP Session.</doc>
<status status="PASS" start="2025-08-02T23:26:14.295019" elapsed="0.064422"/>
</kw>
<return>
<value>${response}</value>
<status status="PASS" start="2025-08-02T23:26:14.359529" elapsed="0.000051"/>
</return>
<msg time="2025-08-02T23:26:14.359721" level="INFO">${response} = &lt;Response [204]&gt;</msg>
<var>${response}</var>
<arg>${SESION_SURVEYS}</arg>
<arg>${question_id}</arg>
<doc>Elimina una pregunta</doc>
<status status="PASS" start="2025-08-02T23:26:14.294839" elapsed="0.064905"/>
</kw>
<kw name="Validar Respuesta" owner="keywords_api_surveys">
<kw name="Should Be Equal As Strings" owner="BuiltIn">
<msg time="2025-08-02T23:26:14.360555" level="INFO">Argument types are:
&lt;class 'int'&gt;
&lt;class 'str'&gt;</msg>
<arg>${response.status_code}</arg>
<arg>${expected_status_code}</arg>
<doc>Fails if objects are unequal after converting them to strings.</doc>
<status status="PASS" start="2025-08-02T23:26:14.360157" elapsed="0.000433"/>
</kw>
<kw name="Log" owner="BuiltIn">
<msg time="2025-08-02T23:26:14.360979" level="INFO">Validación de respuesta exitosa: 204</msg>
<arg>Validación de respuesta exitosa: ${response.status_code}</arg>
<doc>Logs the given message with the given level.</doc>
<status status="PASS" start="2025-08-02T23:26:14.360665" elapsed="0.000343"/>
</kw>
<arg>${response}</arg>
<arg>204</arg>
<doc>Valida que el código de estado de la respuesta sea el esperado</doc>
<status status="PASS" start="2025-08-02T23:26:14.359915" elapsed="0.001128"/>
</kw>
<kw name="Eliminar Survey" owner="keywords_api_surveys">
<kw name="DELETE On Session" owner="RequestsLibrary">
<msg time="2025-08-02T23:26:14.427562" level="INFO">DELETE Request : url=http://localhost:8000/api/surveys/9/ 
 path_url=/api/surveys/9/ 
 headers={'User-Agent': 'python-requests/2.32.4', 'Accept-Encoding': 'gzip, deflate', 'Accept': '*/*', 'Connection': 'keep-alive', 'Content-Length': '0'} 
 body=None 
 </msg>
<msg time="2025-08-02T23:26:14.427647" level="INFO">DELETE Response : url=http://localhost:8000/api/surveys/9/ 
 status=204, reason=No Content 
 headers={'Date': 'Sun, 03 Aug 2025 04:26:13 GMT', 'Server': 'WSGIServer/0.2 CPython/3.11.13', 'Vary': 'Accept, Cookie', 'Allow': 'GET, PUT, PATCH, DELETE, HEAD, OPTIONS', 'X-Frame-Options': 'DENY', 'Content-Length': '0', 'X-Content-Type-Options': 'nosniff', 'Referrer-Policy': 'same-origin', 'Cross-Origin-Opener-Policy': 'same-origin'} 
 body=None 
 </msg>
<msg time="2025-08-02T23:26:14.427773" level="INFO">${response} = &lt;Response [204]&gt;</msg>
<var>${response}</var>
<arg>${session}</arg>
<arg>/surveys/${survey_id}/</arg>
<doc>Sends a DELETE request on a previously created HTTP Session.</doc>
<status status="PASS" start="2025-08-02T23:26:14.361327" elapsed="0.066472"/>
</kw>
<return>
<value>${response}</value>
<status status="PASS" start="2025-08-02T23:26:14.427871" elapsed="0.000050"/>
</return>
<msg time="2025-08-02T23:26:14.428062" level="INFO">${response} = &lt;Response [204]&gt;</msg>
<var>${response}</var>
<arg>${SESION_SURVEYS}</arg>
<arg>${survey_id}</arg>
<doc>Elimina una encuesta</doc>
<status status="PASS" start="2025-08-02T23:26:14.361148" elapsed="0.066937"/>
</kw>
<kw name="Validar Respuesta" owner="keywords_api_surveys">
<kw name="Should Be Equal As Strings" owner="BuiltIn">
<msg time="2025-08-02T23:26:14.428889" level="INFO">Argument types are:
&lt;class 'int'&gt;
&lt;class 'str'&gt;</msg>
<arg>${response.status_code}</arg>
<arg>${expected_status_code}</arg>
<doc>Fails if objects are unequal after converting them to strings.</doc>
<status status="PASS" start="2025-08-02T23:26:14.428510" elapsed="0.000415"/>
</kw>
<kw name="Log" owner="BuiltIn">
<msg time="2025-08-02T23:26:14.429281" level="INFO">Validación de respuesta exitosa: 204</msg>
<arg>Validación de respuesta exitosa: ${response.status_code}</arg>
<doc>Logs the given message with the given level.</doc>
<status status="PASS" start="2025-08-02T23:26:14.428993" elapsed="0.000318"/>
</kw>
<arg>${response}</arg>
<arg>204</arg>
<doc>Valida que el código de estado de la respuesta sea el esperado</doc>
<status status="PASS" start="2025-08-02T23:26:14.428260" elapsed="0.001086"/>
</kw>
<kw name="Log" owner="BuiltIn">
<msg time="2025-08-02T23:26:14.429479" level="INFO">Test Options exitoso en intento 1</msg>
<arg>Test Options exitoso en intento ${intento}</arg>
<doc>Logs the given message with the given level.</doc>
<status status="PASS" start="2025-08-02T23:26:14.429407" elapsed="0.000103"/>
</kw>
<break>
<status status="PASS" start="2025-08-02T23:26:14.429560" elapsed="0.000023"/>
</break>
<status status="PASS" start="2025-08-02T23:26:13.759062" elapsed="0.670540"/>
</branch>
<branch type="EXCEPT" assign="${error}">
<kw name="Log" owner="BuiltIn">
<arg>Error en intento ${intento}: ${error}</arg>
<doc>Logs the given message with the given level.</doc>
<status status="NOT RUN" start="2025-08-02T23:26:14.429689" elapsed="0.000011"/>
</kw>
<if>
<branch type="IF" condition="${intento} == ${MAX_REINTENTOS}">
<kw name="Fail" owner="BuiltIn">
<arg>Test Options falló después de ${MAX_REINTENTOS} intentos. Último error: ${error}</arg>
<doc>Fails the test with the given message and optionally alters its tags.</doc>
<status status="NOT RUN" start="2025-08-02T23:26:14.429813" elapsed="0.000011"/>
</kw>
<status status="NOT RUN" start="2025-08-02T23:26:14.429754" elapsed="0.000090"/>
</branch>
<status status="NOT RUN" start="2025-08-02T23:26:14.429740" elapsed="0.000148"/>
</if>
<kw name="Sleep" owner="BuiltIn">
<arg>2s</arg>
<doc>Pauses the test executed for the given time.</doc>
<status status="NOT RUN" start="2025-08-02T23:26:14.429936" elapsed="0.000056"/>
</kw>
<status status="NOT RUN" start="2025-08-02T23:26:14.429638" elapsed="0.000378"/>
</branch>
<status status="PASS" start="2025-08-02T23:26:13.759040" elapsed="0.670997"/>
</try>
<var name="${intento}">1</var>
<status status="PASS" start="2025-08-02T23:26:13.759017" elapsed="0.671041"/>
</iter>
<var>${intento}</var>
<value>1</value>
<value>${MAX_REINTENTOS + 1}</value>
<status status="PASS" start="2025-08-02T23:26:13.758446" elapsed="0.671636"/>
</for>
<doc>Verificar todas las operaciones CRUD en el endpoint /options/</doc>
<status status="PASS" start="2025-08-02T23:26:13.758115" elapsed="0.672239"/>
</test>
<test id="s1-t4" name="Test Endpoint /Answers/" line="200">
<for flavor="IN RANGE">
<iter>
<try>
<branch type="TRY">
<kw name="Log" owner="BuiltIn">
<msg time="2025-08-02T23:26:14.431940" level="INFO">Intento 1 de 3 - Test Answers</msg>
<arg>Intento ${intento} de ${MAX_REINTENTOS} - Test Answers</arg>
<doc>Logs the given message with the given level.</doc>
<status status="PASS" start="2025-08-02T23:26:14.431828" elapsed="0.000147"/>
</kw>
<kw name="Create Session" owner="RequestsLibrary">
<msg time="2025-08-02T23:26:14.432139" level="INFO">Creating Session using : alias=surveys_session, url=http://localhost:8000/api, headers={},                     cookies={}, auth=None, timeout=None, proxies=None, verify=False,                     debug=0 </msg>
<arg>${SESION_SURVEYS}</arg>
<arg>${URL_SURVEYS}</arg>
<doc>Create Session: create a HTTP session to a server</doc>
<status status="PASS" start="2025-08-02T23:26:14.432043" elapsed="0.000198"/>
</kw>
<kw name="Create Session" owner="RequestsLibrary">
<msg time="2025-08-02T23:26:14.432404" level="INFO">Creating Session using : alias=answers_session, url=http://localhost:8001/api, headers={},                     cookies={}, auth=None, timeout=None, proxies=None, verify=False,                     debug=0 </msg>
<arg>${SESION_ANSWERS}</arg>
<arg>${URL_ANSWERS}</arg>
<doc>Create Session: create a HTTP session to a server</doc>
<status status="PASS" start="2025-08-02T23:26:14.432306" elapsed="0.000167"/>
</kw>
<kw name="Crear Survey" owner="keywords_api_surveys">
<kw name="POST On Session" owner="RequestsLibrary">
<msg time="2025-08-02T23:26:14.456180" level="INFO">POST Request : url=http://localhost:8000/api/surveys/ 
 path_url=/api/surveys/ 
 headers={'User-Agent': 'python-requests/2.32.4', 'Accept-Encoding': 'gzip, deflate', 'Accept': '*/*', 'Connection': 'keep-alive', 'Content-Length': '93', 'Content-Type': 'application/json'} 
 body=b'{"name": "Encuesta Para TEST", "description": "Descripci\\u00f3n de la encuesta para pruebas"}' 
 </msg>
<msg time="2025-08-02T23:26:14.456253" level="INFO">POST Response : url=http://localhost:8000/api/surveys/ 
 status=201, reason=Created 
 headers={'Date': 'Sun, 03 Aug 2025 04:26:13 GMT', 'Server': 'WSGIServer/0.2 CPython/3.11.13', 'Content-Type': 'application/json', 'Vary': 'Accept, Cookie', 'Allow': 'GET, POST, HEAD, OPTIONS', 'X-Frame-Options': 'DENY', 'Content-Length': '152', 'X-Content-Type-Options': 'nosniff', 'Referrer-Policy': 'same-origin', 'Cross-Origin-Opener-Policy': 'same-origin'} 
 body={"id":10,"questions":[],"name":"Encuesta Para TEST","description":"Descripción de la encuesta para pruebas","created_at":"2025-08-03T04:26:13.642136Z"} 
 </msg>
<msg time="2025-08-02T23:26:14.456364" level="INFO">${response} = &lt;Response [201]&gt;</msg>
<var>${response}</var>
<arg>${session}</arg>
<arg>/surveys/</arg>
<arg>json=${survey_data}</arg>
<doc>Sends a POST request on a previously created HTTP Session.</doc>
<status status="PASS" start="2025-08-02T23:26:14.432773" elapsed="0.023610"/>
</kw>
<return>
<value>${response}</value>
<status status="PASS" start="2025-08-02T23:26:14.456445" elapsed="0.000046"/>
</return>
<msg time="2025-08-02T23:26:14.456598" level="INFO">${response} = &lt;Response [201]&gt;</msg>
<var>${response}</var>
<arg>${SESION_SURVEYS}</arg>
<arg>${DATOS_SURVEY}</arg>
<doc>Crea una nueva encuesta</doc>
<status status="PASS" start="2025-08-02T23:26:14.432579" elapsed="0.024036"/>
</kw>
<kw name="Validar Respuesta" owner="keywords_api_surveys">
<kw name="Should Be Equal As Strings" owner="BuiltIn">
<msg time="2025-08-02T23:26:14.457347" level="INFO">Argument types are:
&lt;class 'int'&gt;
&lt;class 'str'&gt;</msg>
<arg>${response.status_code}</arg>
<arg>${expected_status_code}</arg>
<doc>Fails if objects are unequal after converting them to strings.</doc>
<status status="PASS" start="2025-08-02T23:26:14.456971" elapsed="0.000413"/>
</kw>
<kw name="Log" owner="BuiltIn">
<msg time="2025-08-02T23:26:14.457765" level="INFO">Validación de respuesta exitosa: 201</msg>
<arg>Validación de respuesta exitosa: ${response.status_code}</arg>
<doc>Logs the given message with the given level.</doc>
<status status="PASS" start="2025-08-02T23:26:14.457465" elapsed="0.000330"/>
</kw>
<arg>${response}</arg>
<arg>201</arg>
<doc>Valida que el código de estado de la respuesta sea el esperado</doc>
<status status="PASS" start="2025-08-02T23:26:14.456752" elapsed="0.001080"/>
</kw>
<kw name="Get From Dictionary" owner="Collections">
<msg time="2025-08-02T23:26:14.458256" level="INFO">${survey_id} = 10</msg>
<var>${survey_id}</var>
<arg>${response.json()}</arg>
<arg>id</arg>
<doc>Returns a value from the given ``dictionary`` based on the given ``key``.</doc>
<status status="PASS" start="2025-08-02T23:26:14.457899" elapsed="0.000375"/>
</kw>
<kw name="Copy Dictionary" owner="Collections">
<msg time="2025-08-02T23:26:14.458456" level="INFO">${question_data} = {'text': '¿Te gusta programar?', 'question_type': 'Cerrada'}</msg>
<var>${question_data}</var>
<arg>${DATOS_QUESTION}</arg>
<doc>Returns a copy of the given dictionary.</doc>
<status status="PASS" start="2025-08-02T23:26:14.458341" elapsed="0.000132"/>
</kw>
<kw name="Set To Dictionary" owner="Collections">
<arg>${question_data}</arg>
<arg>survey=${survey_id}</arg>
<doc>Adds the given ``key_value_pairs`` and/or ``items`` to the ``dictionary``.</doc>
<status status="PASS" start="2025-08-02T23:26:14.458532" elapsed="0.000150"/>
</kw>
<kw name="Crear Question" owner="keywords_api_surveys">
<kw name="POST On Session" owner="RequestsLibrary">
<msg time="2025-08-02T23:26:14.585157" level="INFO">POST Request : url=http://localhost:8000/api/questions/ 
 path_url=/api/questions/ 
 headers={'User-Agent': 'python-requests/2.32.4', 'Accept-Encoding': 'gzip, deflate', 'Accept': '*/*', 'Connection': 'keep-alive', 'Content-Length': '79', 'Content-Type': 'application/json'} 
 body=b'{"text": "\\u00bfTe gusta programar?", "question_type": "Cerrada", "survey": 10}' 
 </msg>
<msg time="2025-08-02T23:26:14.585256" level="INFO">POST Response : url=http://localhost:8000/api/questions/ 
 status=201, reason=Created 
[...]
<status status="PASS" start="2025-08-02T23:26:15.660361" elapsed="0.000426"/>
</kw>
<kw name="Log" owner="BuiltIn">
<msg time="2025-08-02T23:26:15.661165" level="INFO">Validación de respuesta exitosa: 201</msg>
<arg>Validación de respuesta exitosa: ${response.status_code}</arg>
<doc>Logs the given message with the given level.</doc>
<status status="PASS" start="2025-08-02T23:26:15.660859" elapsed="0.000336"/>
</kw>
<arg>${response}</arg>
<arg>201</arg>
<doc>Valida que el código de estado de la respuesta sea el esperado</doc>
<status status="PASS" start="2025-08-02T23:26:15.660127" elapsed="0.001106"/>
</kw>
<kw name="Get From Dictionary" owner="Collections">
<msg time="2025-08-02T23:26:15.661678" level="INFO">${option_id} = 8</msg>
<var>${option_id}</var>
<arg>${response.json()}</arg>
<arg>id</arg>
<doc>Returns a value from the given ``dictionary`` based on the given ``key``.</doc>
<status status="PASS" start="2025-08-02T23:26:15.661299" elapsed="0.000397"/>
</kw>
<kw name="Copy Dictionary" owner="Collections">
<msg time="2025-08-02T23:26:15.661875" level="INFO">${answer_data} = {'id_question': '1', 'id_option': '1', 'answer': None}</msg>
<var>${answer_data}</var>
<arg>${DATOS_ANSWER_CERRADA}</arg>
<doc>Returns a copy of the given dictionary.</doc>
<status status="PASS" start="2025-08-02T23:26:15.661764" elapsed="0.000127"/>
</kw>
<kw name="Set To Dictionary" owner="Collections">
<arg>${answer_data}</arg>
<arg>id_question=${question_id}</arg>
<arg>id_option=${option_id}</arg>
<doc>Adds the given ``key_value_pairs`` and/or ``items`` to the ``dictionary``.</doc>
<status status="PASS" start="2025-08-02T23:26:15.661952" elapsed="0.000130"/>
</kw>
<kw name="Crear Answer" owner="keywords_api_surveys">
<kw name="POST On Session" owner="RequestsLibrary">
<msg time="2025-08-02T23:26:15.676409" level="INFO">POST Request : url=http://localhost:8001/api/answers/ 
 path_url=/api/answers/ 
 headers={'User-Agent': 'python-requests/2.32.4', 'Accept-Encoding': 'gzip, deflate', 'Accept': '*/*', 'Connection': 'keep-alive', 'Content-Length': '51', 'Content-Type': 'application/json'} 
 body=b'{"id_question": 10, "id_option": 8, "answer": null}' 
 </msg>
<msg time="2025-08-02T23:26:15.676480" level="INFO">POST Response : url=http://localhost:8001/api/answers/ 
 status=201, reason=Created 
 headers={'Date': 'Sun, 03 Aug 2025 04:26:14 GMT', 'Server': 'WSGIServer/0.2 CPython/3.11.13', 'Content-Type': 'application/json', 'Vary': 'Accept, Cookie', 'Allow': 'POST, OPTIONS', 'X-Frame-Options': 'DENY', 'Content-Length': '53', 'X-Content-Type-Options': 'nosniff', 'Referrer-Policy': 'same-origin', 'Cross-Origin-Opener-Policy': 'same-origin'} 
 body={"id":6,"id_question":10,"id_option":8,"answer":null} 
 </msg>
<msg time="2025-08-02T23:26:15.676584" level="INFO">${response} = &lt;Response [201]&gt;</msg>
<var>${response}</var>
<arg>${session}</arg>
<arg>/answers/</arg>
<arg>json=${answer_data}</arg>
<doc>Sends a POST request on a previously created HTTP Session.</doc>
<status status="PASS" start="2025-08-02T23:26:15.662441" elapsed="0.014164"/>
</kw>
<return>
<value>${response}</value>
<status status="PASS" start="2025-08-02T23:26:15.676666" elapsed="0.000036"/>
</return>
<msg time="2025-08-02T23:26:15.676835" level="INFO">${response} = &lt;Response [201]&gt;</msg>
<var>${response}</var>
<arg>${SESION_ANSWERS}</arg>
<arg>${answer_data}</arg>
<doc>Crea una nueva respuesta</doc>
<status status="PASS" start="2025-08-02T23:26:15.662257" elapsed="0.014597"/>
</kw>
<kw name="Validar Respuesta" owner="keywords_api_surveys">
<kw name="Should Be Equal As Strings" owner="BuiltIn">
<msg time="2025-08-02T23:26:15.677646" level="INFO">Argument types are:
&lt;class 'int'&gt;
&lt;class 'str'&gt;</msg>
<arg>${response.status_code}</arg>
<arg>${expected_status_code}</arg>
<doc>Fails if objects are unequal after converting them to strings.</doc>
<status status="PASS" start="2025-08-02T23:26:15.677222" elapsed="0.000462"/>
</kw>
<kw name="Log" owner="BuiltIn">
<msg time="2025-08-02T23:26:15.678095" level="INFO">Validación de respuesta exitosa: 201</msg>
<arg>Validación de respuesta exitosa: ${response.status_code}</arg>
<doc>Logs the given message with the given level.</doc>
<status status="PASS" start="2025-08-02T23:26:15.677759" elapsed="0.000367"/>
</kw>
<arg>${response}</arg>
<arg>201</arg>
<doc>Valida que el código de estado de la respuesta sea el esperado</doc>
<status status="PASS" start="2025-08-02T23:26:15.676999" elapsed="0.001168"/>
</kw>
<kw name="Exportar Survey a CSV" owner="keywords_faas">
<kw name="POST On Session" owner="RequestsLibrary">
<msg time="2025-08-02T23:26:15.863702" level="INFO">POST Request : url=http://localhost:8003/exports/12 
 path_url=/exports/12 
 headers={'User-Agent': 'python-requests/2.32.4', 'Accept-Encoding': 'gzip, deflate', 'Accept': '*/*', 'Connection': 'keep-alive', 'Content-Length': '0'} 
 body=None 
 </msg>
<msg time="2025-08-02T23:26:15.863784" level="INFO">POST Response : url=http://localhost:8003/exports/12 
 status=200, reason=OK 
 headers={'date': 'Sun, 03 Aug 2025 04:26:14 GMT', 'server': 'uvicorn', 'content-length': '120', 'content-type': 'application/json'} 
 body={"status":"success","message":"CSV export completed for survey 12","file_path":"exports/encuesta_12.csv","survey_id":12} 
 </msg>
<msg time="2025-08-02T23:26:15.863921" level="INFO">${response} = &lt;Response [200]&gt;</msg>
<var>${response}</var>
<arg>${session}</arg>
<arg>/exports/${survey_id}</arg>
<doc>Sends a POST request on a previously created HTTP Session.</doc>
<status status="PASS" start="2025-08-02T23:26:15.678505" elapsed="0.185444"/>
</kw>
<return>
<value>${response}</value>
<status status="PASS" start="2025-08-02T23:26:15.864024" elapsed="0.000045"/>
</return>
<msg time="2025-08-02T23:26:15.864207" level="INFO">${response} = &lt;Response [200]&gt;</msg>
<var>${response}</var>
<arg>${SESION_FAAS}</arg>
<arg>${survey_id}</arg>
<doc>Exporta una encuesta a formato CSV</doc>
<status status="PASS" start="2025-08-02T23:26:15.678280" elapsed="0.185952"/>
</kw>
<kw name="Validar Respuesta" owner="keywords_api_surveys">
<kw name="Should Be Equal As Strings" owner="BuiltIn">
<msg time="2025-08-02T23:26:15.865153" level="INFO">Argument types are:
&lt;class 'int'&gt;
&lt;class 'str'&gt;</msg>
<arg>${response.status_code}</arg>
<arg>${expected_status_code}</arg>
<doc>Fails if objects are unequal after converting them to strings.</doc>
<status status="PASS" start="2025-08-02T23:26:15.864707" elapsed="0.000484"/>
</kw>
<kw name="Log" owner="BuiltIn">
<msg time="2025-08-02T23:26:15.865564" level="INFO">Validación de respuesta exitosa: 200</msg>
<arg>Validación de respuesta exitosa: ${response.status_code}</arg>
<doc>Logs the given message with the given level.</doc>
<status status="PASS" start="2025-08-02T23:26:15.865263" elapsed="0.000333"/>
</kw>
<arg>${response}</arg>
<arg>200</arg>
<doc>Valida que el código de estado de la respuesta sea el esperado</doc>
<status status="PASS" start="2025-08-02T23:26:15.864412" elapsed="0.001221"/>
</kw>
<kw name="Verificar Estado Exportacion" owner="keywords_faas">
<kw name="GET On Session" owner="RequestsLibrary">
<msg time="2025-08-02T23:26:15.868412" level="INFO">GET Request : url=http://localhost:8003/exports/12/status 
 path_url=/exports/12/status 
 headers={'User-Agent': 'python-requests/2.32.4', 'Accept-Encoding': 'gzip, deflate', 'Accept': '*/*', 'Connection': 'keep-alive'} 
 body=None 
 </msg>
<msg time="2025-08-02T23:26:15.868453" level="INFO">GET Response : url=http://localhost:8003/exports/12/status 
 status=200, reason=OK 
 headers={'date': 'Sun, 03 Aug 2025 04:26:14 GMT', 'server': 'uvicorn', 'content-length': '87', 'content-type': 'application/json'} 
 body={"status":"exists","survey_id":12,"file_path":"exports/encuesta_12.csv","file_size":40} 
 </msg>
<msg time="2025-08-02T23:26:15.868534" level="INFO">${response} = &lt;Response [200]&gt;</msg>
<var>${response}</var>
<arg>${session}</arg>
<arg>/exports/${survey_id}/status</arg>
<doc>Sends a GET request on a previously created HTTP Session.</doc>
<status status="PASS" start="2025-08-02T23:26:15.865923" elapsed="0.002636"/>
</kw>
<return>
<value>${response}</value>
<status status="PASS" start="2025-08-02T23:26:15.868612" elapsed="0.000033"/>
</return>
<msg time="2025-08-02T23:26:15.868764" level="INFO">${response} = &lt;Response [200]&gt;</msg>
<var>${response}</var>
<arg>${SESION_FAAS}</arg>
<arg>${survey_id}</arg>
<doc>Verifica el estado de una exportación CSV</doc>
<status status="PASS" start="2025-08-02T23:26:15.865733" elapsed="0.003054"/>
</kw>
<kw name="Validar Respuesta" owner="keywords_api_surveys">
<kw name="Should Be Equal As Strings" owner="BuiltIn">
<msg time="2025-08-02T23:26:15.869656" level="INFO">Argument types are:
&lt;class 'int'&gt;
&lt;class 'str'&gt;</msg>
<arg>${response.status_code}</arg>
<arg>${expected_status_code}</arg>
<doc>Fails if objects are unequal after converting them to strings.</doc>
<status status="PASS" start="2025-08-02T23:26:15.869175" elapsed="0.000516"/>
</kw>
<kw name="Log" owner="BuiltIn">
<msg time="2025-08-02T23:26:15.870077" level="INFO">Validación de respuesta exitosa: 200</msg>
<arg>Validación de respuesta exitosa: ${response.status_code}</arg>
<doc>Logs the given message with the given level.</doc>
<status status="PASS" start="2025-08-02T23:26:15.869758" elapsed="0.000348"/>
</kw>
<arg>${response}</arg>
<arg>200</arg>
<doc>Valida que el código de estado de la respuesta sea el esperado</doc>
<status status="PASS" start="2025-08-02T23:26:15.868923" elapsed="0.001219"/>
</kw>
<kw name="Eliminar Option" owner="keywords_api_surveys">
<kw name="DELETE On Session" owner="RequestsLibrary">
<msg time="2025-08-02T23:26:15.888479" level="INFO">DELETE Request : url=http://localhost:8000/api/options/8/ 
 path_url=/api/options/8/ 
 headers={'User-Agent': 'python-requests/2.32.4', 'Accept-Encoding': 'gzip, deflate', 'Accept': '*/*', 'Connection': 'keep-alive', 'Content-Length': '0'} 
 body=None 
 </msg>
<msg time="2025-08-02T23:26:15.888649" level="INFO">DELETE Response : url=http://localhost:8000/api/options/8/ 
 status=204, reason=No Content 
 headers={'Date': 'Sun, 03 Aug 2025 04:26:15 GMT', 'Server': 'WSGIServer/0.2 CPython/3.11.13', 'Vary': 'Accept, Cookie', 'Allow': 'GET, PUT, PATCH, DELETE, HEAD, OPTIONS', 'X-Frame-Options': 'DENY', 'Content-Length': '0', 'X-Content-Type-Options': 'nosniff', 'Referrer-Policy': 'same-origin', 'Cross-Origin-Opener-Policy': 'same-origin'} 
 body=None 
 </msg>
<msg time="2025-08-02T23:26:15.888783" level="INFO">${response} = &lt;Response [204]&gt;</msg>
<var>${response}</var>
<arg>${session}</arg>
<arg>/options/${option_id}/</arg>
<doc>Sends a DELETE request on a previously created HTTP Session.</doc>
<status status="PASS" start="2025-08-02T23:26:15.870419" elapsed="0.018391"/>
</kw>
<return>
<value>${response}</value>
<status status="PASS" start="2025-08-02T23:26:15.888880" elapsed="0.000039"/>
</return>
<msg time="2025-08-02T23:26:15.889024" level="INFO">${response} = &lt;Response [204]&gt;</msg>
<var>${response}</var>
<arg>${SESION_SURVEYS}</arg>
<arg>${option_id}</arg>
<doc>Elimina una opción</doc>
<status status="PASS" start="2025-08-02T23:26:15.870234" elapsed="0.018807"/>
</kw>
<kw name="Validar Respuesta" owner="keywords_api_surveys">
<kw name="Should Be Equal As Strings" owner="BuiltIn">
<msg time="2025-08-02T23:26:15.889786" level="INFO">Argument types are:
&lt;class 'int'&gt;
&lt;class 'str'&gt;</msg>
<arg>${response.status_code}</arg>
<arg>${expected_status_code}</arg>
<doc>Fails if objects are unequal after converting them to strings.</doc>
<status status="PASS" start="2025-08-02T23:26:15.889395" elapsed="0.000429"/>
</kw>
<kw name="Log" owner="BuiltIn">
<msg time="2025-08-02T23:26:15.890199" level="INFO">Validación de respuesta exitosa: 204</msg>
<arg>Validación de respuesta exitosa: ${response.status_code}</arg>
<doc>Logs the given message with the given level.</doc>
<status status="PASS" start="2025-08-02T23:26:15.889897" elapsed="0.000333"/>
</kw>
<arg>${response}</arg>
<arg>204</arg>
<doc>Valida que el código de estado de la respuesta sea el esperado</doc>
<status status="PASS" start="2025-08-02T23:26:15.889178" elapsed="0.001090"/>
</kw>
<kw name="Eliminar Question" owner="keywords_api_surveys">
<kw name="DELETE On Session" owner="RequestsLibrary">
<msg time="2025-08-02T23:26:15.954535" level="INFO">DELETE Request : url=http://localhost:8000/api/questions/10/ 
 path_url=/api/questions/10/ 
 headers={'User-Agent': 'python-requests/2.32.4', 'Accept-Encoding': 'gzip, deflate', 'Accept': '*/*', 'Connection': 'keep-alive', 'Content-Length': '0'} 
 body=None 
 </msg>
<msg time="2025-08-02T23:26:15.954606" level="INFO">DELETE Response : url=http://localhost:8000/api/questions/10/ 
 status=204, reason=No Content 
 headers={'Date': 'Sun, 03 Aug 2025 04:26:15 GMT', 'Server': 'WSGIServer/0.2 CPython/3.11.13', 'Vary': 'Accept, Cookie', 'Allow': 'GET, PUT, PATCH, DELETE, HEAD, OPTIONS', 'X-Frame-Options': 'DENY', 'Content-Length': '0', 'X-Content-Type-Options': 'nosniff', 'Referrer-Policy': 'same-origin', 'Cross-Origin-Opener-Policy': 'same-origin'} 
 body=None 
 </msg>
<msg time="2025-08-02T23:26:15.954707" level="INFO">${response} = &lt;Response [204]&gt;</msg>
<var>${response}</var>
<arg>${session}</arg>
<arg>/questions/${question_id}/</arg>
<doc>Sends a DELETE request on a previously created HTTP Session.</doc>
<status status="PASS" start="2025-08-02T23:26:15.890585" elapsed="0.064141"/>
</kw>
<return>
<value>${response}</value>
<status status="PASS" start="2025-08-02T23:26:15.954782" elapsed="0.000037"/>
</return>
<msg time="2025-08-02T23:26:15.954923" level="INFO">${response} = &lt;Response [204]&gt;</msg>
<var>${response}</var>
<arg>${SESION_SURVEYS}</arg>
<arg>${question_id}</arg>
<doc>Elimina una pregunta</doc>
<status status="PASS" start="2025-08-02T23:26:15.890370" elapsed="0.064571"/>
</kw>
<kw name="Validar Respuesta" owner="keywords_api_surveys">
<kw name="Should Be Equal As Strings" owner="BuiltIn">
<msg time="2025-08-02T23:26:15.955682" level="INFO">Argument types are:
&lt;class 'int'&gt;
&lt;class 'str'&gt;</msg>
<arg>${response.status_code}</arg>
<arg>${expected_status_code}</arg>
<doc>Fails if objects are unequal after converting them to strings.</doc>
<status status="PASS" start="2025-08-02T23:26:15.955307" elapsed="0.000412"/>
</kw>
<kw name="Log" owner="BuiltIn">
<msg time="2025-08-02T23:26:15.956098" level="INFO">Validación de respuesta exitosa: 204</msg>
<arg>Validación de respuesta exitosa: ${response.status_code}</arg>
<doc>Logs the given message with the given level.</doc>
<status status="PASS" start="2025-08-02T23:26:15.955787" elapsed="0.000340"/>
</kw>
<arg>${response}</arg>
<arg>204</arg>
<doc>Valida que el código de estado de la respuesta sea el esperado</doc>
<status status="PASS" start="2025-08-02T23:26:15.955079" elapsed="0.001086"/>
</kw>
<kw name="Eliminar Survey" owner="keywords_api_surveys">
<kw name="DELETE On Session" owner="RequestsLibrary">
<msg time="2025-08-02T23:26:16.021218" level="INFO">DELETE Request : url=http://localhost:8000/api/surveys/12/ 
 path_url=/api/surveys/12/ 
 headers={'User-Agent': 'python-requests/2.32.4', 'Accept-Encoding': 'gzip, deflate', 'Accept': '*/*', 'Connection': 'keep-alive', 'Content-Length': '0'} 
 body=None 
 </msg>
<msg time="2025-08-02T23:26:16.021301" level="INFO">DELETE Response : url=http://localhost:8000/api/surveys/12/ 
 status=204, reason=No Content 
 headers={'Date': 'Sun, 03 Aug 2025 04:26:15 GMT', 'Server': 'WSGIServer/0.2 CPython/3.11.13', 'Vary': 'Accept, Cookie', 'Allow': 'GET, PUT, PATCH, DELETE, HEAD, OPTIONS', 'X-Frame-Options': 'DENY', 'Content-Length': '0', 'X-Content-Type-Options': 'nosniff', 'Referrer-Policy': 'same-origin', 'Cross-Origin-Opener-Policy': 'same-origin'} 
 body=None 
 </msg>
<msg time="2025-08-02T23:26:16.021430" level="INFO">${response} = &lt;Response [204]&gt;</msg>
<var>${response}</var>
<arg>${session}</arg>
<arg>/surveys/${survey_id}/</arg>
<doc>Sends a DELETE request on a previously created HTTP Session.</doc>
<status status="PASS" start="2025-08-02T23:26:15.956438" elapsed="0.065019"/>
</kw>
<return>
<value>${response}</value>
<status status="PASS" start="2025-08-02T23:26:16.021528" elapsed="0.000043"/>
</return>
<msg time="2025-08-02T23:26:16.021721" level="INFO">${response} = &lt;Response [204]&gt;</msg>
<var>${response}</var>
<arg>${SESION_SURVEYS}</arg>
<arg>${survey_id}</arg>
<doc>Elimina una encuesta</doc>
<status status="PASS" start="2025-08-02T23:26:15.956260" elapsed="0.065484"/>
</kw>
<kw name="Validar Respuesta" owner="keywords_api_surveys">
<kw name="Should Be Equal As Strings" owner="BuiltIn">
<msg time="2025-08-02T23:26:16.022570" level="INFO">Argument types are:
&lt;class 'int'&gt;
&lt;class 'str'&gt;</msg>
<arg>${response.status_code}</arg>
<arg>${expected_status_code}</arg>
<doc>Fails if objects are unequal after converting them to strings.</doc>
<status status="PASS" start="2025-08-02T23:26:16.022184" elapsed="0.000422"/>
</kw>
<kw name="Log" owner="BuiltIn">
<msg time="2025-08-02T23:26:16.022969" level="INFO">Validación de respuesta exitosa: 204</msg>
<arg>Validación de respuesta exitosa: ${response.status_code}</arg>
<doc>Logs the given message with the given level.</doc>
<status status="PASS" start="2025-08-02T23:26:16.022677" elapsed="0.000321"/>
</kw>
<arg>${response}</arg>
<arg>204</arg>
<doc>Valida que el código de estado de la respuesta sea el esperado</doc>
<status status="PASS" start="2025-08-02T23:26:16.021935" elapsed="0.001100"/>
</kw>
<kw name="Log" owner="BuiltIn">
<msg time="2025-08-02T23:26:16.023180" level="INFO">Test FaaS Export exitoso en intento 1</msg>
<arg>Test FaaS Export exitoso en intento ${intento}</arg>
<doc>Logs the given message with the given level.</doc>
<status status="PASS" start="2025-08-02T23:26:16.023096" elapsed="0.000109"/>
</kw>
<break>
<status status="PASS" start="2025-08-02T23:26:16.023288" elapsed="0.000025"/>
</break>
<status status="PASS" start="2025-08-02T23:26:15.391177" elapsed="0.632157"/>
</branch>
<branch type="EXCEPT" assign="${error}">
<kw name="Log" owner="BuiltIn">
<arg>Error en intento ${intento}: ${error}</arg>
<doc>Logs the given message with the given level.</doc>
<status status="NOT RUN" start="2025-08-02T23:26:16.023424" elapsed="0.000012"/>
</kw>
<if>
<branch type="IF" condition="${intento} == ${MAX_REINTENTOS}">
<kw name="Fail" owner="BuiltIn">
<arg>Test FaaS Export falló después de ${MAX_REINTENTOS} intentos. Último error: ${error}</arg>
<doc>Fails the test with the given message and optionally alters its tags.</doc>
<status status="NOT RUN" start="2025-08-02T23:26:16.023547" elapsed="0.000011"/>
</kw>
<status status="NOT RUN" start="2025-08-02T23:26:16.023487" elapsed="0.000091"/>
</branch>
<status status="NOT RUN" start="2025-08-02T23:26:16.023473" elapsed="0.000121"/>
</if>
<kw name="Sleep" owner="BuiltIn">
<arg>2s</arg>
<doc>Pauses the test executed for the given time.</doc>
<status status="NOT RUN" start="2025-08-02T23:26:16.023640" elapsed="0.000010"/>
</kw>
<status status="NOT RUN" start="2025-08-02T23:26:16.023371" elapsed="0.000297"/>
</branch>
<status status="PASS" start="2025-08-02T23:26:15.391156" elapsed="0.632532"/>
</try>
<var name="${intento}">1</var>
<status status="PASS" start="2025-08-02T23:26:15.391133" elapsed="0.632575"/>
</iter>
<var>${intento}</var>
<value>1</value>
<value>${MAX_REINTENTOS + 1}</value>
<status status="PASS" start="2025-08-02T23:26:15.390533" elapsed="0.633199"/>
</for>
<doc>Verificar la función FaaS de exportación a CSV</doc>
<status status="PASS" start="2025-08-02T23:26:15.390284" elapsed="0.633705"/>
</test>
<status status="PASS" start="2025-08-02T23:26:12.263336" elapsed="3.761550"/>
</suite>
<statistics>
<total>
<stat pass="6" fail="0" skip="0">All Tests</stat>
</total>
<tag>
</tag>
<suite>
<stat name="Tests" id="s1" pass="6" fail="0" skip="0">Tests</stat>
</suite>
</statistics>
<errors>
</errors>
</robot>
